<?xml version="1.0" encoding="UTF-8"?>
<coverage generated="1778181221706" clover="3.2.0">
  <project timestamp="1778181221706" name="All files">
    <metrics statements="1086" coveredstatements="1059" conditionals="595" coveredconditionals="514" methods="336" coveredmethods="330" elements="2017" coveredelements="1903" complexity="0" loc="1086" ncloc="1086" packages="22" files="83" classes="83"/>
    <package name="src.application.services">
      <metrics statements="125" coveredstatements="125" conditionals="0" coveredconditionals="0" methods="46" coveredmethods="46"/>
      <file name="electronic-billing.service.ts" path="/Users/rodrigo.alcorta/Documents/personal/projects/afip.ts/packages/core/src/application/services/electronic-billing.service.ts">
        <metrics statements="73" coveredstatements="73" conditionals="0" coveredconditionals="0" methods="26" coveredmethods="26"/>
        <line num="25" count="2" type="stmt"/>
        <line num="26" count="2" type="stmt"/>
        <line num="27" count="2" type="stmt"/>
        <line num="28" count="2" type="stmt"/>
        <line num="29" count="2" type="stmt"/>
        <line num="30" count="2" type="stmt"/>
        <line num="31" count="2" type="stmt"/>
        <line num="32" count="2" type="stmt"/>
        <line num="33" count="2" type="stmt"/>
        <line num="34" count="2" type="stmt"/>
        <line num="35" count="2" type="stmt"/>
        <line num="36" count="2" type="stmt"/>
        <line num="37" count="2" type="stmt"/>
        <line num="38" count="2" type="stmt"/>
        <line num="39" count="2" type="stmt"/>
        <line num="40" count="2" type="stmt"/>
        <line num="41" count="2" type="stmt"/>
        <line num="42" count="2" type="stmt"/>
        <line num="43" count="2" type="stmt"/>
        <line num="44" count="2" type="stmt"/>
        <line num="45" count="2" type="stmt"/>
        <line num="46" count="2" type="stmt"/>
        <line num="47" count="2" type="stmt"/>
        <line num="49" count="2" type="stmt"/>
        <line num="75" count="25" type="stmt"/>
        <line num="77" count="25" type="stmt"/>
        <line num="80" count="25" type="stmt"/>
        <line num="83" count="25" type="stmt"/>
        <line num="86" count="25" type="stmt"/>
        <line num="89" count="25" type="stmt"/>
        <line num="92" count="25" type="stmt"/>
        <line num="95" count="25" type="stmt"/>
        <line num="98" count="25" type="stmt"/>
        <line num="101" count="25" type="stmt"/>
        <line num="104" count="25" type="stmt"/>
        <line num="107" count="25" type="stmt"/>
        <line num="110" count="25" type="stmt"/>
        <line num="113" count="25" type="stmt"/>
        <line num="116" count="25" type="stmt"/>
        <line num="119" count="25" type="stmt"/>
        <line num="120" count="25" type="stmt"/>
        <line num="123" count="25" type="stmt"/>
        <line num="126" count="25" type="stmt"/>
        <line num="129" count="25" type="stmt"/>
        <line num="132" count="25" type="stmt"/>
        <line num="135" count="25" type="stmt"/>
        <line num="138" count="25" type="stmt"/>
        <line num="141" count="25" type="stmt"/>
        <line num="154" count="1" type="stmt"/>
        <line num="164" count="1" type="stmt"/>
        <line num="179" count="2" type="stmt"/>
        <line num="194" count="2" type="stmt"/>
        <line num="207" count="2" type="stmt"/>
        <line num="226" count="1" type="stmt"/>
        <line num="237" count="1" type="stmt"/>
        <line num="246" count="1" type="stmt"/>
        <line num="255" count="1" type="stmt"/>
        <line num="264" count="1" type="stmt"/>
        <line num="273" count="1" type="stmt"/>
        <line num="282" count="1" type="stmt"/>
        <line num="291" count="1" type="stmt"/>
        <line num="303" count="1" type="stmt"/>
        <line num="313" count="1" type="stmt"/>
        <line num="323" count="1" type="stmt"/>
        <line num="336" count="1" type="stmt"/>
        <line num="349" count="1" type="stmt"/>
        <line num="362" count="1" type="stmt"/>
        <line num="371" count="1" type="stmt"/>
        <line num="379" count="1" type="stmt"/>
        <line num="387" count="1" type="stmt"/>
        <line num="395" count="1" type="stmt"/>
        <line num="402" count="1" type="stmt"/>
        <line num="409" count="1" type="stmt"/>
      </file>
      <file name="generic.service.ts" path="/Users/rodrigo.alcorta/Documents/personal/projects/afip.ts/packages/core/src/application/services/generic.service.ts">
        <metrics statements="3" coveredstatements="3" conditionals="0" coveredconditionals="0" methods="2" coveredmethods="2"/>
        <line num="4" count="2" type="stmt"/>
        <line num="5" count="18" type="stmt"/>
        <line num="20" count="3" type="stmt"/>
      </file>
      <file name="register-inscription-proof.service.ts" path="/Users/rodrigo.alcorta/Documents/personal/projects/afip.ts/packages/core/src/application/services/register-inscription-proof.service.ts">
        <metrics statements="11" coveredstatements="11" conditionals="0" coveredconditionals="0" methods="4" coveredmethods="4"/>
        <line num="7" count="2" type="stmt"/>
        <line num="8" count="2" type="stmt"/>
        <line num="9" count="2" type="stmt"/>
        <line num="11" count="2" type="stmt"/>
        <line num="17" count="3" type="stmt"/>
        <line num="19" count="3" type="stmt"/>
        <line num="22" count="3" type="stmt"/>
        <line num="25" count="3" type="stmt"/>
        <line num="34" count="1" type="stmt"/>
        <line num="43" count="1" type="stmt"/>
        <line num="52" count="1" type="stmt"/>
      </file>
      <file name="register-scope-five.service.ts" path="/Users/rodrigo.alcorta/Documents/personal/projects/afip.ts/packages/core/src/application/services/register-scope-five.service.ts">
        <metrics statements="11" coveredstatements="11" conditionals="0" coveredconditionals="0" methods="4" coveredmethods="4"/>
        <line num="7" count="2" type="stmt"/>
        <line num="8" count="2" type="stmt"/>
        <line num="9" count="2" type="stmt"/>
        <line num="11" count="2" type="stmt"/>
        <line num="16" count="3" type="stmt"/>
        <line num="17" count="3" type="stmt"/>
        <line num="20" count="3" type="stmt"/>
        <line num="23" count="3" type="stmt"/>
        <line num="32" count="1" type="stmt"/>
        <line num="41" count="1" type="stmt"/>
        <line num="50" count="1" type="stmt"/>
      </file>
      <file name="register-scope-four.service.ts" path="/Users/rodrigo.alcorta/Documents/personal/projects/afip.ts/packages/core/src/application/services/register-scope-four.service.ts">
        <metrics statements="8" coveredstatements="8" conditionals="0" coveredconditionals="0" methods="3" coveredmethods="3"/>
        <line num="6" count="2" type="stmt"/>
        <line num="7" count="2" type="stmt"/>
        <line num="9" count="2" type="stmt"/>
        <line num="13" count="2" type="stmt"/>
        <line num="14" count="2" type="stmt"/>
        <line num="17" count="2" type="stmt"/>
        <line num="30" count="1" type="stmt"/>
        <line num="42" count="1" type="stmt"/>
      </file>
      <file name="register-scope-ten.service.ts" path="/Users/rodrigo.alcorta/Documents/personal/projects/afip.ts/packages/core/src/application/services/register-scope-ten.service.ts">
        <metrics statements="8" coveredstatements="8" conditionals="0" coveredconditionals="0" methods="3" coveredmethods="3"/>
        <line num="6" count="2" type="stmt"/>
        <line num="7" count="2" type="stmt"/>
        <line num="9" count="2" type="stmt"/>
        <line num="13" count="2" type="stmt"/>
        <line num="14" count="2" type="stmt"/>
        <line num="17" count="2" type="stmt"/>
        <line num="26" count="1" type="stmt"/>
        <line num="35" count="1" type="stmt"/>
      </file>
      <file name="register-scope-thirteen.service.ts" path="/Users/rodrigo.alcorta/Documents/personal/projects/afip.ts/packages/core/src/application/services/register-scope-thirteen.service.ts">
        <metrics statements="11" coveredstatements="11" conditionals="0" coveredconditionals="0" methods="4" coveredmethods="4"/>
        <line num="7" count="2" type="stmt"/>
        <line num="8" count="2" type="stmt"/>
        <line num="9" count="2" type="stmt"/>
        <line num="11" count="2" type="stmt"/>
        <line num="17" count="3" type="stmt"/>
        <line num="19" count="3" type="stmt"/>
        <line num="22" count="3" type="stmt"/>
        <line num="25" count="3" type="stmt"/>
        <line num="34" count="1" type="stmt"/>
        <line num="43" count="1" type="stmt"/>
        <line num="52" count="1" type="stmt"/>
      </file>
    </package>
    <package name="src.application.use-cases.authentication">
      <metrics statements="9" coveredstatements="9" conditionals="0" coveredconditionals="0" methods="6" coveredmethods="6"/>
      <file name="get-auth-params.use-case.ts" path="/Users/rodrigo.alcorta/Documents/personal/projects/afip.ts/packages/core/src/application/use-cases/authentication/get-auth-params.use-case.ts">
        <metrics statements="3" coveredstatements="3" conditionals="0" coveredconditionals="0" methods="2" coveredmethods="2"/>
        <line num="4" count="1" type="stmt"/>
        <line num="6" count="2" type="stmt"/>
        <line num="15" count="2" type="stmt"/>
      </file>
      <file name="login.use-case.ts" path="/Users/rodrigo.alcorta/Documents/personal/projects/afip.ts/packages/core/src/application/use-cases/authentication/login.use-case.ts">
        <metrics statements="3" coveredstatements="3" conditionals="0" coveredconditionals="0" methods="2" coveredmethods="2"/>
        <line num="4" count="1" type="stmt"/>
        <line num="6" count="2" type="stmt"/>
        <line num="15" count="2" type="stmt"/>
      </file>
      <file name="request-login.use-case.ts" path="/Users/rodrigo.alcorta/Documents/personal/projects/afip.ts/packages/core/src/application/use-cases/authentication/request-login.use-case.ts">
        <metrics statements="3" coveredstatements="3" conditionals="0" coveredconditionals="0" methods="2" coveredmethods="2"/>
        <line num="4" count="1" type="stmt"/>
        <line num="6" count="2" type="stmt"/>
        <line num="15" count="2" type="stmt"/>
      </file>
    </package>
    <package name="src.application.use-cases.electronic-billing">
      <metrics statements="87" coveredstatements="87" conditionals="2" coveredconditionals="2" methods="53" coveredmethods="53"/>
      <file name="consult-caea-no-movement.use-case.ts" path="/Users/rodrigo.alcorta/Documents/personal/projects/afip.ts/packages/core/src/application/use-cases/electronic-billing/consult-caea-no-movement.use-case.ts">
        <metrics statements="3" coveredstatements="3" conditionals="0" coveredconditionals="0" methods="2" coveredmethods="2"/>
        <line num="8" count="3" type="stmt"/>
        <line num="10" count="27" type="stmt"/>
        <line num="23" count="3" type="stmt"/>
      </file>
      <file name="consult-caea.use-case.ts" path="/Users/rodrigo.alcorta/Documents/personal/projects/afip.ts/packages/core/src/application/use-cases/electronic-billing/consult-caea.use-case.ts">
        <metrics statements="3" coveredstatements="3" conditionals="0" coveredconditionals="0" methods="2" coveredmethods="2"/>
        <line num="8" count="3" type="stmt"/>
        <line num="10" count="27" type="stmt"/>
        <line num="20" count="3" type="stmt"/>
      </file>
      <file name="create-next-voucher.use-case.ts" path="/Users/rodrigo.alcorta/Documents/personal/projects/afip.ts/packages/core/src/application/use-cases/electronic-billing/create-next-voucher.use-case.ts">
        <metrics statements="9" coveredstatements="9" conditionals="2" coveredconditionals="2" methods="2" coveredmethods="2"/>
        <line num="6" count="3" type="stmt"/>
        <line num="10" count="3" type="stmt"/>
        <line num="12" count="27" type="stmt"/>
        <line num="21" count="4" type="stmt"/>
        <line num="26" count="4" type="cond" truecount="2" falsecount="0"/>
        <line num="27" count="4" type="stmt"/>
        <line num="29" count="4" type="stmt"/>
        <line num="35" count="4" type="stmt"/>
        <line num="37" count="4" type="stmt"/>
      </file>
      <file name="create-voucher.use-case.ts" path="/Users/rodrigo.alcorta/Documents/personal/projects/afip.ts/packages/core/src/application/use-cases/electronic-billing/create-voucher.use-case.ts">
        <metrics statements="5" coveredstatements="5" conditionals="0" coveredconditionals="0" methods="2" coveredmethods="2"/>
        <line num="6" count="3" type="stmt"/>
        <line num="10" count="3" type="stmt"/>
        <line num="12" count="28" type="stmt"/>
        <line num="21" count="5" type="stmt"/>
        <line num="22" count="4" type="stmt"/>
      </file>
      <file name="get-activities.use-case.ts" path="/Users/rodrigo.alcorta/Documents/personal/projects/afip.ts/packages/core/src/application/use-cases/electronic-billing/get-activities.use-case.ts">
        <metrics statements="3" coveredstatements="3" conditionals="0" coveredconditionals="0" methods="2" coveredmethods="2"/>
        <line num="8" count="3" type="stmt"/>
        <line num="10" count="27" type="stmt"/>
        <line num="18" count="3" type="stmt"/>
      </file>
      <file name="get-aliquot-types.use-case.ts" path="/Users/rodrigo.alcorta/Documents/personal/projects/afip.ts/packages/core/src/application/use-cases/electronic-billing/get-aliquot-types.use-case.ts">
        <metrics statements="3" coveredstatements="3" conditionals="0" coveredconditionals="0" methods="2" coveredmethods="2"/>
        <line num="8" count="3" type="stmt"/>
        <line num="10" count="27" type="stmt"/>
        <line num="18" count="3" type="stmt"/>
      </file>
      <file name="get-caea.use-case.ts" path="/Users/rodrigo.alcorta/Documents/personal/projects/afip.ts/packages/core/src/application/use-cases/electronic-billing/get-caea.use-case.ts">
        <metrics statements="3" coveredstatements="3" conditionals="0" coveredconditionals="0" methods="2" coveredmethods="2"/>
        <line num="8" count="3" type="stmt"/>
        <line num="10" count="27" type="stmt"/>
        <line num="20" count="3" type="stmt"/>
      </file>
      <file name="get-concept-types.use-case.ts" path="/Users/rodrigo.alcorta/Documents/personal/projects/afip.ts/packages/core/src/application/use-cases/electronic-billing/get-concept-types.use-case.ts">
        <metrics statements="3" coveredstatements="3" conditionals="0" coveredconditionals="0" methods="2" coveredmethods="2"/>
        <line num="8" count="3" type="stmt"/>
        <line num="10" count="27" type="stmt"/>
        <line num="18" count="3" type="stmt"/>
      </file>
      <file name="get-countries.use-case.ts" path="/Users/rodrigo.alcorta/Documents/personal/projects/afip.ts/packages/core/src/application/use-cases/electronic-billing/get-countries.use-case.ts">
        <metrics statements="3" coveredstatements="3" conditionals="0" coveredconditionals="0" methods="2" coveredmethods="2"/>
        <line num="8" count="3" type="stmt"/>
        <line num="10" count="27" type="stmt"/>
        <line num="18" count="3" type="stmt"/>
      </file>
      <file name="get-currency-types.use-case.ts" path="/Users/rodrigo.alcorta/Documents/personal/projects/afip.ts/packages/core/src/application/use-cases/electronic-billing/get-currency-types.use-case.ts">
        <metrics statements="3" coveredstatements="3" conditionals="0" coveredconditionals="0" methods="2" coveredmethods="2"/>
        <line num="8" count="3" type="stmt"/>
        <line num="10" count="27" type="stmt"/>
        <line num="18" count="3" type="stmt"/>
      </file>
      <file name="get-document-types.use-case.ts" path="/Users/rodrigo.alcorta/Documents/personal/projects/afip.ts/packages/core/src/application/use-cases/electronic-billing/get-document-types.use-case.ts">
        <metrics statements="3" coveredstatements="3" conditionals="0" coveredconditionals="0" methods="2" coveredmethods="2"/>
        <line num="8" count="3" type="stmt"/>
        <line num="10" count="27" type="stmt"/>
        <line num="18" count="3" type="stmt"/>
      </file>
      <file name="get-iva-receptor-types.use-case.ts" path="/Users/rodrigo.alcorta/Documents/personal/projects/afip.ts/packages/core/src/application/use-cases/electronic-billing/get-iva-receptor-types.use-case.ts">
        <metrics statements="3" coveredstatements="3" conditionals="0" coveredconditionals="0" methods="2" coveredmethods="2"/>
        <line num="8" count="3" type="stmt"/>
        <line num="10" count="27" type="stmt"/>
        <line num="19" count="3" type="stmt"/>
      </file>
      <file name="get-last-voucher.use-case.ts" path="/Users/rodrigo.alcorta/Documents/personal/projects/afip.ts/packages/core/src/application/use-cases/electronic-billing/get-last-voucher.use-case.ts">
        <metrics statements="3" coveredstatements="3" conditionals="0" coveredconditionals="0" methods="2" coveredmethods="2"/>
        <line num="9" count="3" type="stmt"/>
        <line num="11" count="27" type="stmt"/>
        <line num="20" count="4" type="stmt"/>
      </file>
      <file name="get-max-records.use-case.ts" path="/Users/rodrigo.alcorta/Documents/personal/projects/afip.ts/packages/core/src/application/use-cases/electronic-billing/get-max-records.use-case.ts">
        <metrics statements="3" coveredstatements="3" conditionals="0" coveredconditionals="0" methods="2" coveredmethods="2"/>
        <line num="8" count="3" type="stmt"/>
        <line num="10" count="27" type="stmt"/>
        <line num="18" count="3" type="stmt"/>
      </file>
      <file name="get-optional-types.use-case.ts" path="/Users/rodrigo.alcorta/Documents/personal/projects/afip.ts/packages/core/src/application/use-cases/electronic-billing/get-optional-types.use-case.ts">
        <metrics statements="3" coveredstatements="3" conditionals="0" coveredconditionals="0" methods="2" coveredmethods="2"/>
        <line num="8" count="3" type="stmt"/>
        <line num="10" count="27" type="stmt"/>
        <line num="18" count="3" type="stmt"/>
      </file>
      <file name="get-parameter-types.use-case.ts" path="/Users/rodrigo.alcorta/Documents/personal/projects/afip.ts/packages/core/src/application/use-cases/electronic-billing/get-parameter-types.use-case.ts">
        <metrics statements="8" coveredstatements="8" conditionals="0" coveredconditionals="0" methods="7" coveredmethods="7"/>
        <line num="15" count="1" type="stmt"/>
        <line num="17" count="12" type="stmt"/>
        <line num="25" count="2" type="stmt"/>
        <line num="33" count="2" type="stmt"/>
        <line num="41" count="2" type="stmt"/>
        <line num="49" count="2" type="stmt"/>
        <line num="57" count="2" type="stmt"/>
        <line num="65" count="2" type="stmt"/>
      </file>
      <file name="get-quotation.use-case.ts" path="/Users/rodrigo.alcorta/Documents/personal/projects/afip.ts/packages/core/src/application/use-cases/electronic-billing/get-quotation.use-case.ts">
        <metrics statements="3" coveredstatements="3" conditionals="0" coveredconditionals="0" methods="2" coveredmethods="2"/>
        <line num="8" count="3" type="stmt"/>
        <line num="10" count="27" type="stmt"/>
        <line num="19" count="3" type="stmt"/>
      </file>
      <file name="get-sales-points.use-case.ts" path="/Users/rodrigo.alcorta/Documents/personal/projects/afip.ts/packages/core/src/application/use-cases/electronic-billing/get-sales-points.use-case.ts">
        <metrics statements="3" coveredstatements="3" conditionals="0" coveredconditionals="0" methods="2" coveredmethods="2"/>
        <line num="8" count="3" type="stmt"/>
        <line num="10" count="27" type="stmt"/>
        <line num="18" count="3" type="stmt"/>
      </file>
      <file name="get-server-status.use-case.ts" path="/Users/rodrigo.alcorta/Documents/personal/projects/afip.ts/packages/core/src/application/use-cases/electronic-billing/get-server-status.use-case.ts">
        <metrics statements="3" coveredstatements="3" conditionals="0" coveredconditionals="0" methods="2" coveredmethods="2"/>
        <line num="8" count="3" type="stmt"/>
        <line num="10" count="27" type="stmt"/>
        <line num="18" count="3" type="stmt"/>
      </file>
      <file name="get-tax-types.use-case.ts" path="/Users/rodrigo.alcorta/Documents/personal/projects/afip.ts/packages/core/src/application/use-cases/electronic-billing/get-tax-types.use-case.ts">
        <metrics statements="3" coveredstatements="3" conditionals="0" coveredconditionals="0" methods="2" coveredmethods="2"/>
        <line num="8" count="3" type="stmt"/>
        <line num="10" count="27" type="stmt"/>
        <line num="18" count="3" type="stmt"/>
      </file>
      <file name="get-voucher-info.use-case.ts" path="/Users/rodrigo.alcorta/Documents/personal/projects/afip.ts/packages/core/src/application/use-cases/electronic-billing/get-voucher-info.use-case.ts">
        <metrics statements="3" coveredstatements="3" conditionals="0" coveredconditionals="0" methods="2" coveredmethods="2"/>
        <line num="9" count="3" type="stmt"/>
        <line num="11" count="27" type="stmt"/>
        <line num="22" count="3" type="stmt"/>
      </file>
      <file name="get-voucher-types.use-case.ts" path="/Users/rodrigo.alcorta/Documents/personal/projects/afip.ts/packages/core/src/application/use-cases/electronic-billing/get-voucher-types.use-case.ts">
        <metrics statements="3" coveredstatements="3" conditionals="0" coveredconditionals="0" methods="2" coveredmethods="2"/>
        <line num="8" count="3" type="stmt"/>
        <line num="10" count="27" type="stmt"/>
        <line num="18" count="3" type="stmt"/>
      </file>
      <file name="inform-caea-no-movement.use-case.ts" path="/Users/rodrigo.alcorta/Documents/personal/projects/afip.ts/packages/core/src/application/use-cases/electronic-billing/inform-caea-no-movement.use-case.ts">
        <metrics statements="3" coveredstatements="3" conditionals="0" coveredconditionals="0" methods="2" coveredmethods="2"/>
        <line num="8" count="3" type="stmt"/>
        <line num="10" count="27" type="stmt"/>
        <line num="23" count="3" type="stmt"/>
      </file>
      <file name="inform-caea-usage.use-case.ts" path="/Users/rodrigo.alcorta/Documents/personal/projects/afip.ts/packages/core/src/application/use-cases/electronic-billing/inform-caea-usage.use-case.ts">
        <metrics statements="5" coveredstatements="5" conditionals="0" coveredconditionals="0" methods="2" coveredmethods="2"/>
        <line num="1" count="3" type="stmt"/>
        <line num="6" count="3" type="stmt"/>
        <line num="8" count="27" type="stmt"/>
        <line num="21" count="3" type="stmt"/>
        <line num="22" count="3" type="stmt"/>
      </file>
    </package>
    <package name="src.application.use-cases.register">
      <metrics statements="12" coveredstatements="12" conditionals="0" coveredconditionals="0" methods="8" coveredmethods="8"/>
      <file name="get-register-server-status.use-case.ts" path="/Users/rodrigo.alcorta/Documents/personal/projects/afip.ts/packages/core/src/application/use-cases/register/get-register-server-status.use-case.ts">
        <metrics statements="3" coveredstatements="3" conditionals="0" coveredconditionals="0" methods="2" coveredmethods="2"/>
        <line num="4" count="11" type="stmt"/>
        <line num="5" count="15" type="stmt"/>
        <line num="12" count="7" type="stmt"/>
      </file>
      <file name="get-tax-id-by-document.use-case.ts" path="/Users/rodrigo.alcorta/Documents/personal/projects/afip.ts/packages/core/src/application/use-cases/register/get-tax-id-by-document.use-case.ts">
        <metrics statements="3" coveredstatements="3" conditionals="0" coveredconditionals="0" methods="2" coveredmethods="2"/>
        <line num="4" count="3" type="stmt"/>
        <line num="6" count="6" type="stmt"/>
        <line num="15" count="4" type="stmt"/>
      </file>
      <file name="get-taxpayer-details.use-case.ts" path="/Users/rodrigo.alcorta/Documents/personal/projects/afip.ts/packages/core/src/application/use-cases/register/get-taxpayer-details.use-case.ts">
        <metrics statements="3" coveredstatements="3" conditionals="0" coveredconditionals="0" methods="2" coveredmethods="2"/>
        <line num="4" count="11" type="stmt"/>
        <line num="5" count="16" type="stmt"/>
        <line num="13" count="8" type="stmt"/>
      </file>
      <file name="get-taxpayers-details.use-case.ts" path="/Users/rodrigo.alcorta/Documents/personal/projects/afip.ts/packages/core/src/application/use-cases/register/get-taxpayers-details.use-case.ts">
        <metrics statements="3" coveredstatements="3" conditionals="0" coveredconditionals="0" methods="2" coveredmethods="2"/>
        <line num="4" count="5" type="stmt"/>
        <line num="5" count="9" type="stmt"/>
        <line num="13" count="5" type="stmt"/>
      </file>
    </package>
    <package name="src.domain.entities">
      <metrics statements="103" coveredstatements="94" conditionals="64" coveredconditionals="60" methods="42" coveredmethods="40"/>
      <file name="access-ticket.entity.ts" path="/Users/rodrigo.alcorta/Documents/personal/projects/afip.ts/packages/core/src/domain/entities/access-ticket.entity.ts">
        <metrics statements="37" coveredstatements="28" conditionals="18" coveredconditionals="14" methods="13" coveredmethods="11"/>
        <line num="18" count="7" type="stmt"/>
        <line num="20" count="37" type="stmt"/>
        <line num="21" count="37" type="stmt"/>
        <line num="23" count="37" type="stmt"/>
        <line num="32" count="37" type="stmt"/>
        <line num="40" count="37" type="cond" truecount="3" falsecount="0"/>
        <line num="41" count="3" type="stmt"/>
        <line num="44" count="34" type="cond" truecount="1" falsecount="0"/>
        <line num="49" count="3" type="stmt"/>
        <line num="52" count="31" type="cond" truecount="3" falsecount="1"/>
        <line num="53" count="31" type="cond" truecount="1" falsecount="0"/>
        <line num="54" count="1" type="stmt"/>
        <line num="62" count="4" type="stmt"/>
        <line num="69" count="4" type="stmt"/>
        <line num="76" count="8" type="stmt"/>
        <line num="77" count="8" type="cond" truecount="0" falsecount="1"/>
        <line num="78" count="0" type="stmt"/>
        <line num="80" count="8" type="stmt"/>
        <line num="81" count="8" type="cond" truecount="0" falsecount="1"/>
        <line num="82" count="0" type="stmt"/>
        <line num="84" count="8" type="stmt"/>
        <line num="91" count="7" type="stmt"/>
        <line num="98" count="8" type="stmt"/>
        <line num="106" count="1" type="stmt"/>
        <line num="118" count="5" type="cond" truecount="3" falsecount="0"/>
        <line num="119" count="3" type="stmt"/>
        <line num="122" count="2" type="stmt"/>
        <line num="136" count="7" type="stmt"/>
        <line num="137" count="7" type="stmt"/>
        <line num="138" count="7" type="stmt"/>
        <line num="140" count="0" type="stmt"/>
        <line num="149" count="0" type="stmt"/>
        <line num="157" count="0" type="cond" truecount="0" falsecount="1"/>
        <line num="158" count="0" type="stmt"/>
        <line num="161" count="0" type="stmt"/>
        <line num="162" count="0" type="stmt"/>
        <line num="163" count="0" type="stmt"/>
      </file>
      <file name="voucher.entity.ts" path="/Users/rodrigo.alcorta/Documents/personal/projects/afip.ts/packages/core/src/domain/entities/voucher.entity.ts">
        <metrics statements="66" coveredstatements="66" conditionals="46" coveredconditionals="46" methods="29" coveredmethods="29"/>
        <line num="12" count="6" type="stmt"/>
        <line num="13" count="52" type="stmt"/>
        <line num="14" count="52" type="stmt"/>
        <line num="23" count="52" type="stmt"/>
        <line num="32" count="52" type="cond" truecount="3" falsecount="0"/>
        <line num="33" count="1" type="stmt"/>
        <line num="37" count="51" type="cond" truecount="3" falsecount="0"/>
        <line num="38" count="1" type="stmt"/>
        <line num="42" count="50" type="cond" truecount="3" falsecount="0"/>
        <line num="43" count="2" type="stmt"/>
        <line num="48" count="48" type="cond" truecount="1" falsecount="0"/>
        <line num="49" count="2" type="stmt"/>
        <line num="52" count="46" type="cond" truecount="3" falsecount="0"/>
        <line num="53" count="1" type="stmt"/>
        <line num="57" count="45" type="stmt"/>
        <line num="58" count="45" type="cond" truecount="1" falsecount="0"/>
        <line num="59" count="1" type="stmt"/>
        <line num="65" count="44" type="cond" truecount="1" falsecount="0"/>
        <line num="66" count="32" type="stmt"/>
        <line num="69" count="42" type="cond" truecount="3" falsecount="0"/>
        <line num="70" count="12" type="stmt"/>
        <line num="74" count="40" type="stmt"/>
        <line num="78" count="39" type="stmt"/>
        <line num="79" count="39" type="cond" truecount="1" falsecount="0"/>
        <line num="80" count="1" type="stmt"/>
        <line num="86" count="38" type="cond" truecount="1" falsecount="0"/>
        <line num="91" count="1" type="stmt"/>
        <line num="97" count="37" type="cond" truecount="3" falsecount="0"/>
        <line num="98" count="1" type="stmt"/>
        <line num="102" count="36" type="cond" truecount="3" falsecount="0"/>
        <line num="103" count="1" type="stmt"/>
        <line num="106" count="35" type="cond" truecount="3" falsecount="0"/>
        <line num="107" count="1" type="stmt"/>
        <line num="117" count="32" type="cond" truecount="1" falsecount="0"/>
        <line num="118" count="1" type="stmt"/>
        <line num="123" count="31" type="cond" truecount="3" falsecount="0"/>
        <line num="124" count="1" type="stmt"/>
        <line num="137" count="12" type="cond" truecount="1" falsecount="0"/>
        <line num="141" count="2" type="cond" truecount="2" falsecount="0"/>
        <line num="142" count="2" type="stmt"/>
        <line num="153" count="40" type="cond" truecount="3" falsecount="0"/>
        <line num="154" count="4" type="stmt"/>
        <line num="156" count="4" type="cond" truecount="1" falsecount="0"/>
        <line num="157" count="1" type="stmt"/>
        <line num="168" count="1" type="stmt"/>
        <line num="175" count="1" type="stmt"/>
        <line num="182" count="1" type="stmt"/>
        <line num="189" count="1" type="stmt"/>
        <line num="196" count="1" type="stmt"/>
        <line num="203" count="1" type="stmt"/>
        <line num="210" count="1" type="stmt"/>
        <line num="217" count="1" type="stmt"/>
        <line num="224" count="47" type="stmt"/>
        <line num="231" count="45" type="stmt"/>
        <line num="238" count="35" type="stmt"/>
        <line num="245" count="1" type="stmt"/>
        <line num="252" count="1" type="stmt"/>
        <line num="259" count="1" type="stmt"/>
        <line num="266" count="1" type="stmt"/>
        <line num="273" count="1" type="stmt"/>
        <line num="280" count="1" type="stmt"/>
        <line num="287" count="1" type="stmt"/>
        <line num="294" count="1" type="stmt"/>
        <line num="301" count="1" type="stmt"/>
        <line num="309" count="4" type="stmt"/>
        <line num="316" count="1" type="stmt"/>
      </file>
    </package>
    <package name="src.domain.value-objects">
      <metrics statements="64" coveredstatements="63" conditionals="19" coveredconditionals="18" methods="30" coveredmethods="30"/>
      <file name="cae.vo.ts" path="/Users/rodrigo.alcorta/Documents/personal/projects/afip.ts/packages/core/src/domain/value-objects/cae.vo.ts">
        <metrics statements="16" coveredstatements="16" conditionals="7" coveredconditionals="7" methods="9" coveredmethods="9"/>
        <line num="1" count="1" type="stmt"/>
        <line num="2" count="21" type="stmt"/>
        <line num="3" count="21" type="stmt"/>
        <line num="13" count="20" type="stmt"/>
        <line num="21" count="21" type="cond" truecount="3" falsecount="0"/>
        <line num="22" count="3" type="stmt"/>
        <line num="26" count="18" type="cond" truecount="1" falsecount="0"/>
        <line num="27" count="4" type="stmt"/>
        <line num="33" count="14" type="cond" truecount="1" falsecount="0"/>
        <line num="34" count="1" type="stmt"/>
        <line num="42" count="3" type="stmt"/>
        <line num="49" count="1" type="stmt"/>
        <line num="56" count="2" type="stmt"/>
        <line num="68" count="2" type="stmt"/>
        <line num="75" count="1" type="stmt"/>
        <line num="82" count="2" type="cond" truecount="2" falsecount="0"/>
      </file>
      <file name="cuit.vo.ts" path="/Users/rodrigo.alcorta/Documents/personal/projects/afip.ts/packages/core/src/domain/value-objects/cuit.vo.ts">
        <metrics statements="27" coveredstatements="26" conditionals="8" coveredconditionals="7" methods="9" coveredmethods="9"/>
        <line num="1" count="1" type="stmt"/>
        <line num="2" count="19" type="stmt"/>
        <line num="3" count="19" type="stmt"/>
        <line num="13" count="18" type="cond" truecount="2" falsecount="0"/>
        <line num="14" count="18" type="stmt"/>
        <line num="22" count="19" type="cond" truecount="1" falsecount="0"/>
        <line num="23" count="1" type="stmt"/>
        <line num="26" count="18" type="stmt"/>
        <line num="29" count="18" type="cond" truecount="1" falsecount="0"/>
        <line num="30" count="3" type="stmt"/>
        <line num="36" count="15" type="cond" truecount="0" falsecount="1"/>
        <line num="37" count="0" type="stmt"/>
        <line num="41" count="15" type="cond" truecount="1" falsecount="0"/>
        <line num="53" count="15" type="stmt"/>
        <line num="54" count="15" type="stmt"/>
        <line num="56" count="15" type="stmt"/>
        <line num="57" count="150" type="stmt"/>
        <line num="60" count="15" type="stmt"/>
        <line num="61" count="15" type="cond" truecount="2" falsecount="0"/>
        <line num="62" count="15" type="stmt"/>
        <line num="64" count="15" type="stmt"/>
        <line num="71" count="5" type="stmt"/>
        <line num="78" count="1" type="stmt"/>
        <line num="85" count="2" type="stmt"/>
        <line num="86" count="2" type="stmt"/>
        <line num="98" count="3" type="stmt"/>
        <line num="105" count="1" type="stmt"/>
      </file>
      <file name="voucher-number.vo.ts" path="/Users/rodrigo.alcorta/Documents/personal/projects/afip.ts/packages/core/src/domain/value-objects/voucher-number.vo.ts">
        <metrics statements="21" coveredstatements="21" conditionals="4" coveredconditionals="4" methods="12" coveredmethods="12"/>
        <line num="1" count="1" type="stmt"/>
        <line num="2" count="38" type="stmt"/>
        <line num="3" count="38" type="stmt"/>
        <line num="13" count="37" type="stmt"/>
        <line num="21" count="38" type="cond" truecount="1" falsecount="0"/>
        <line num="22" count="1" type="stmt"/>
        <line num="25" count="37" type="cond" truecount="1" falsecount="0"/>
        <line num="26" count="2" type="stmt"/>
        <line num="29" count="35" type="cond" truecount="1" falsecount="0"/>
        <line num="30" count="2" type="stmt"/>
        <line num="38" count="8" type="stmt"/>
        <line num="45" count="1" type="stmt"/>
        <line num="52" count="3" type="stmt"/>
        <line num="61" count="2" type="stmt"/>
        <line num="70" count="3" type="stmt"/>
        <line num="79" count="3" type="stmt"/>
        <line num="87" count="2" type="stmt"/>
        <line num="96" count="3" type="cond" truecount="1" falsecount="0"/>
        <line num="97" count="1" type="stmt"/>
        <line num="101" count="2" type="stmt"/>
        <line num="108" count="1" type="stmt"/>
      </file>
    </package>
    <package name="src.infrastructure.composition">
      <metrics statements="45" coveredstatements="43" conditionals="41" coveredconditionals="29" methods="8" coveredmethods="7"/>
      <file name="arca.ts" path="/Users/rodrigo.alcorta/Documents/personal/projects/afip.ts/packages/core/src/infrastructure/composition/arca.ts">
        <metrics statements="45" coveredstatements="43" conditionals="41" coveredconditionals="29" methods="8" coveredmethods="7"/>
        <line num="1" count="1" type="stmt"/>
        <line num="3" count="1" type="stmt"/>
        <line num="4" count="1" type="stmt"/>
        <line num="5" count="1" type="stmt"/>
        <line num="7" count="1" type="stmt"/>
        <line num="8" count="1" type="stmt"/>
        <line num="9" count="1" type="stmt"/>
        <line num="10" count="1" type="stmt"/>
        <line num="11" count="1" type="stmt"/>
        <line num="12" count="1" type="stmt"/>
        <line num="13" count="1" type="stmt"/>
        <line num="14" count="1" type="stmt"/>
        <line num="15" count="1" type="stmt"/>
        <line num="16" count="1" type="stmt"/>
        <line num="17" count="1" type="stmt"/>
        <line num="18" count="1" type="stmt"/>
        <line num="19" count="1" type="stmt"/>
        <line num="20" count="1" type="stmt"/>
        <line num="21" count="1" type="stmt"/>
        <line num="22" count="1" type="stmt"/>
        <line num="24" count="1" type="stmt"/>
        <line num="35" count="15" type="stmt"/>
        <line num="44" count="15" type="cond" truecount="3" falsecount="1"/>
        <line num="46" count="15" type="stmt"/>
        <line num="48" count="15" type="cond" truecount="3" falsecount="0"/>
        <line num="49" count="13" type="cond" truecount="3" falsecount="1"/>
        <line num="50" count="13" type="stmt"/>
        <line num="56" count="0" type="stmt"/>
        <line num="63" count="15" type="stmt"/>
        <line num="74" count="15" type="stmt"/>
        <line num="81" count="15" type="stmt"/>
        <line num="86" count="15" type="stmt"/>
        <line num="89" count="15" type="stmt"/>
        <line num="92" count="15" type="stmt"/>
        <line num="95" count="15" type="stmt"/>
        <line num="98" count="15" type="stmt"/>
        <line num="101" count="15" type="stmt"/>
        <line num="104" count="15" type="stmt"/>
        <line num="110" count="1" type="stmt"/>
        <line num="114" count="1" type="stmt"/>
        <line num="118" count="1" type="stmt"/>
        <line num="122" count="1" type="stmt"/>
        <line num="126" count="1" type="stmt"/>
        <line num="130" count="1" type="stmt"/>
        <line num="134" count="0" type="stmt"/>
      </file>
    </package>
    <package name="src.infrastructure.constants">
      <metrics statements="17" coveredstatements="17" conditionals="2" coveredconditionals="2" methods="1" coveredmethods="1"/>
      <file name="default-config.constants.ts" path="/Users/rodrigo.alcorta/Documents/personal/projects/afip.ts/packages/core/src/infrastructure/constants/default-config.constants.ts">
        <metrics statements="1" coveredstatements="1" conditionals="0" coveredconditionals="0" methods="0" coveredmethods="0"/>
        <line num="13" count="30" type="stmt"/>
      </file>
      <file name="index.ts" path="/Users/rodrigo.alcorta/Documents/personal/projects/afip.ts/packages/core/src/infrastructure/constants/index.ts">
        <metrics statements="4" coveredstatements="4" conditionals="0" coveredconditionals="0" methods="0" coveredmethods="0"/>
        <line num="1" count="30" type="stmt"/>
        <line num="2" count="30" type="stmt"/>
        <line num="3" count="30" type="stmt"/>
        <line num="4" count="30" type="stmt"/>
      </file>
      <file name="service-names.enum.ts" path="/Users/rodrigo.alcorta/Documents/personal/projects/afip.ts/packages/core/src/infrastructure/constants/service-names.enum.ts">
        <metrics statements="8" coveredstatements="8" conditionals="2" coveredconditionals="2" methods="1" coveredmethods="1"/>
        <line num="1" count="32" type="cond" truecount="2" falsecount="0"/>
        <line num="2" count="32" type="stmt"/>
        <line num="3" count="32" type="stmt"/>
        <line num="4" count="32" type="stmt"/>
        <line num="5" count="32" type="stmt"/>
        <line num="6" count="32" type="stmt"/>
        <line num="7" count="32" type="stmt"/>
        <line num="8" count="32" type="stmt"/>
      </file>
      <file name="ssl.constants.ts" path="/Users/rodrigo.alcorta/Documents/personal/projects/afip.ts/packages/core/src/infrastructure/constants/ssl.constants.ts">
        <metrics statements="1" coveredstatements="1" conditionals="0" coveredconditionals="0" methods="0" coveredmethods="0"/>
        <line num="12" count="30" type="stmt"/>
      </file>
      <file name="time.constants.ts" path="/Users/rodrigo.alcorta/Documents/personal/projects/afip.ts/packages/core/src/infrastructure/constants/time.constants.ts">
        <metrics statements="3" coveredstatements="3" conditionals="0" coveredconditionals="0" methods="0" coveredmethods="0"/>
        <line num="1" count="31" type="stmt"/>
        <line num="2" count="31" type="stmt"/>
        <line num="8" count="31" type="stmt"/>
      </file>
    </package>
    <package name="src.infrastructure.mappers">
      <metrics statements="43" coveredstatements="43" conditionals="109" coveredconditionals="106" methods="23" coveredmethods="23"/>
      <file name="index.ts" path="/Users/rodrigo.alcorta/Documents/personal/projects/afip.ts/packages/core/src/infrastructure/mappers/index.ts">
        <metrics statements="1" coveredstatements="1" conditionals="0" coveredconditionals="0" methods="0" coveredmethods="0"/>
        <line num="1" count="3" type="stmt"/>
      </file>
      <file name="soap-to-dto.mapper.ts" path="/Users/rodrigo.alcorta/Documents/personal/projects/afip.ts/packages/core/src/infrastructure/mappers/soap-to-dto.mapper.ts">
        <metrics statements="42" coveredstatements="42" conditionals="109" coveredconditionals="106" methods="23" coveredmethods="23"/>
        <line num="21" count="3" type="stmt"/>
        <line num="24" count="25" type="cond" truecount="5" falsecount="0"/>
        <line num="25" count="3" type="stmt"/>
        <line num="34" count="3" type="stmt"/>
        <line num="39" count="6" type="stmt"/>
        <line num="49" count="3" type="stmt"/>
        <line num="59" count="5" type="stmt"/>
        <line num="61" count="2" type="stmt"/>
        <line num="74" count="3" type="stmt"/>
        <line num="79" count="2" type="stmt"/>
        <line num="90" count="3" type="stmt"/>
        <line num="114" count="6" type="cond" truecount="1" falsecount="0"/>
        <line num="115" count="3" type="stmt"/>
        <line num="118" count="3" type="stmt"/>
        <line num="119" count="3" type="stmt"/>
        <line num="146" count="3" type="stmt"/>
        <line num="159" count="9" type="stmt"/>
        <line num="161" count="7" type="stmt"/>
        <line num="175" count="3" type="stmt"/>
        <line num="185" count="4" type="stmt"/>
        <line num="187" count="2" type="stmt"/>
        <line num="200" count="3" type="stmt"/>
        <line num="209" count="5" type="stmt"/>
        <line num="211" count="2" type="stmt"/>
        <line num="222" count="3" type="stmt"/>
        <line num="232" count="4" type="stmt"/>
        <line num="247" count="3" type="stmt"/>
        <line num="258" count="2" type="stmt"/>
        <line num="274" count="3" type="stmt"/>
        <line num="281" count="3" type="stmt"/>
        <line num="283" count="2" type="stmt"/>
        <line num="295" count="3" type="stmt"/>
        <line num="303" count="4" type="stmt"/>
        <line num="305" count="2" type="stmt"/>
        <line num="316" count="3" type="stmt"/>
        <line num="325" count="4" type="stmt"/>
        <line num="327" count="2" type="stmt"/>
        <line num="339" count="3" type="stmt"/>
        <line num="346" count="3" type="cond" truecount="1" falsecount="0"/>
        <line num="347" count="2" type="stmt"/>
        <line num="357" count="3" type="stmt"/>
        <line num="358" count="2" type="stmt"/>
      </file>
    </package>
    <package name="src.infrastructure.outbound.adapters.repositories.auth">
      <metrics statements="45" coveredstatements="44" conditionals="30" coveredconditionals="25" methods="9" coveredmethods="9"/>
      <file name="auth.repository.ts" path="/Users/rodrigo.alcorta/Documents/personal/projects/afip.ts/packages/core/src/infrastructure/outbound/adapters/repositories/auth/auth.repository.ts">
        <metrics statements="45" coveredstatements="44" conditionals="30" coveredconditionals="25" methods="9" coveredmethods="9"/>
        <line num="2" count="2" type="stmt"/>
        <line num="7" count="2" type="stmt"/>
        <line num="8" count="2" type="stmt"/>
        <line num="9" count="2" type="stmt"/>
        <line num="15" count="2" type="stmt"/>
        <line num="16" count="2" type="stmt"/>
        <line num="20" count="2" type="stmt"/>
        <line num="21" count="2" type="stmt"/>
        <line num="23" count="2" type="stmt"/>
        <line num="34" count="13" type="stmt"/>
        <line num="37" count="13" type="stmt"/>
        <line num="38" count="13" type="stmt"/>
        <line num="39" count="13" type="cond" truecount="4" falsecount="0"/>
        <line num="40" count="13" type="cond" truecount="3" falsecount="1"/>
        <line num="41" count="13" type="stmt"/>
        <line num="42" count="13" type="stmt"/>
        <line num="53" count="13" type="cond" truecount="1" falsecount="0"/>
        <line num="55" count="10" type="stmt"/>
        <line num="56" count="10" type="cond" truecount="3" falsecount="0"/>
        <line num="58" count="8" type="stmt"/>
        <line num="68" count="4" type="cond" truecount="1" falsecount="2"/>
        <line num="69" count="0" type="stmt"/>
        <line num="72" count="4" type="stmt"/>
        <line num="73" count="4" type="cond" truecount="1" falsecount="0"/>
        <line num="75" count="3" type="stmt"/>
        <line num="82" count="8" type="stmt"/>
        <line num="86" count="8" type="stmt"/>
        <line num="90" count="8" type="stmt"/>
        <line num="99" count="9" type="stmt"/>
        <line num="100" count="9" type="cond" truecount="1" falsecount="0"/>
        <line num="102" count="8" type="stmt"/>
        <line num="106" count="8" type="stmt"/>
        <line num="108" count="8" type="stmt"/>
        <line num="112" count="8" type="stmt"/>
        <line num="113" count="8" type="stmt"/>
        <line num="115" count="8" type="cond" truecount="3" falsecount="0"/>
        <line num="116" count="5" type="stmt"/>
        <line num="119" count="8" type="stmt"/>
        <line num="129" count="1" type="stmt"/>
        <line num="138" count="8" type="stmt"/>
        <line num="139" count="8" type="stmt"/>
        <line num="158" count="8" type="stmt"/>
        <line num="159" count="8" type="stmt"/>
        <line num="168" count="8" type="stmt"/>
        <line num="169" count="8" type="stmt"/>
      </file>
    </package>
    <package name="src.infrastructure.outbound.adapters.repositories.electronic-billing">
      <metrics statements="123" coveredstatements="123" conditionals="63" coveredconditionals="46" methods="27" coveredmethods="27"/>
      <file name="electronic-billing-repository.ts" path="/Users/rodrigo.alcorta/Documents/personal/projects/afip.ts/packages/core/src/infrastructure/outbound/adapters/repositories/electronic-billing/electronic-billing-repository.ts">
        <metrics statements="123" coveredstatements="123" conditionals="63" coveredconditionals="46" methods="27" coveredmethods="27"/>
        <line num="2" count="2" type="stmt"/>
        <line num="35" count="2" type="stmt"/>
        <line num="36" count="2" type="stmt"/>
        <line num="37" count="2" type="stmt"/>
        <line num="46" count="2" type="stmt"/>
        <line num="63" count="2" type="stmt"/>
        <line num="65" count="2" type="stmt"/>
        <line num="72" count="31" type="stmt"/>
        <line num="80" count="1" type="stmt"/>
        <line num="90" count="33" type="cond" truecount="1" falsecount="0"/>
        <line num="91" count="1" type="stmt"/>
        <line num="94" count="32" type="cond" truecount="1" falsecount="1"/>
        <line num="97" count="32" type="cond" truecount="1" falsecount="1"/>
        <line num="101" count="32" type="stmt"/>
        <line num="105" count="32" type="stmt"/>
        <line num="107" count="32" type="stmt"/>
        <line num="113" count="32" type="stmt"/>
        <line num="122" count="22" type="stmt"/>
        <line num="123" count="22" type="cond" truecount="2" falsecount="0"/>
        <line num="130" count="4" type="stmt"/>
        <line num="169" count="5" type="stmt"/>
        <line num="170" count="5" type="stmt"/>
        <line num="171" count="5" type="stmt"/>
        <line num="175" count="2" type="stmt"/>
        <line num="176" count="2" type="stmt"/>
        <line num="177" count="2" type="stmt"/>
        <line num="178" count="2" type="stmt"/>
        <line num="190" count="1" type="stmt"/>
        <line num="191" count="1" type="stmt"/>
        <line num="195" count="1" type="stmt"/>
        <line num="196" count="1" type="stmt"/>
        <line num="203" count="3" type="stmt"/>
        <line num="204" count="3" type="stmt"/>
        <line num="205" count="3" type="stmt"/>
        <line num="207" count="3" type="cond" truecount="1" falsecount="1"/>
        <line num="211" count="3" type="stmt"/>
        <line num="224" count="3" type="stmt"/>
        <line num="225" count="3" type="cond" truecount="6" falsecount="2"/>
        <line num="226" count="3" type="cond" truecount="7" falsecount="1"/>
        <line num="228" count="3" type="cond" truecount="7" falsecount="1"/>
        <line num="230" count="3" type="stmt"/>
        <line num="242" count="4" type="stmt"/>
        <line num="244" count="4" type="stmt"/>
        <line num="245" count="4" type="stmt"/>
        <line num="253" count="2" type="stmt"/>
        <line num="254" count="2" type="stmt"/>
        <line num="255" count="2" type="cond" truecount="1" falsecount="0"/>
        <line num="256" count="1" type="stmt"/>
        <line num="258" count="1" type="stmt"/>
        <line num="263" count="2" type="cond" truecount="1" falsecount="0"/>
        <line num="264" count="1" type="stmt"/>
        <line num="266" count="1" type="stmt"/>
        <line num="271" count="1" type="stmt"/>
        <line num="272" count="1" type="stmt"/>
        <line num="273" count="1" type="stmt"/>
        <line num="274" count="1" type="stmt"/>
        <line num="283" count="1" type="stmt"/>
        <line num="284" count="1" type="stmt"/>
        <line num="285" count="1" type="stmt"/>
        <line num="286" count="1" type="stmt"/>
        <line num="295" count="1" type="stmt"/>
        <line num="296" count="1" type="stmt"/>
        <line num="297" count="1" type="stmt"/>
        <line num="298" count="1" type="stmt"/>
        <line num="307" count="1" type="stmt"/>
        <line num="308" count="1" type="stmt"/>
        <line num="309" count="1" type="stmt"/>
        <line num="310" count="1" type="stmt"/>
        <line num="319" count="1" type="stmt"/>
        <line num="320" count="1" type="stmt"/>
        <line num="321" count="1" type="stmt"/>
        <line num="322" count="1" type="stmt"/>
        <line num="331" count="1" type="stmt"/>
        <line num="332" count="1" type="stmt"/>
        <line num="333" count="1" type="stmt"/>
        <line num="334" count="1" type="stmt"/>
        <line num="343" count="1" type="stmt"/>
        <line num="344" count="1" type="stmt"/>
        <line num="345" count="1" type="stmt"/>
        <line num="346" count="1" type="stmt"/>
        <line num="357" count="2" type="stmt"/>
        <line num="358" count="2" type="stmt"/>
        <line num="361" count="2" type="stmt"/>
        <line num="362" count="2" type="stmt"/>
        <line num="371" count="1" type="stmt"/>
        <line num="372" count="1" type="stmt"/>
        <line num="376" count="1" type="stmt"/>
        <line num="377" count="1" type="stmt"/>
        <line num="384" count="1" type="stmt"/>
        <line num="385" count="1" type="stmt"/>
        <line num="389" count="1" type="stmt"/>
        <line num="390" count="1" type="stmt"/>
        <line num="400" count="1" type="stmt"/>
        <line num="401" count="1" type="stmt"/>
        <line num="405" count="1" type="stmt"/>
        <line num="406" count="1" type="stmt"/>
        <line num="424" count="1" type="stmt"/>
        <line num="425" count="1" type="stmt"/>
        <line num="429" count="1" type="stmt"/>
        <line num="430" count="1" type="stmt"/>
        <line num="440" count="1" type="stmt"/>
        <line num="441" count="1" type="stmt"/>
        <line num="443" count="1" type="stmt"/>
        <line num="448" count="1" type="cond" truecount="1" falsecount="1"/>
        <line num="452" count="1" type="stmt"/>
        <line num="465" count="1" type="stmt"/>
        <line num="466" count="1" type="stmt"/>
        <line num="475" count="1" type="stmt"/>
        <line num="476" count="1" type="stmt"/>
        <line num="479" count="1" type="stmt"/>
        <line num="480" count="1" type="stmt"/>
        <line num="487" count="1" type="stmt"/>
        <line num="488" count="1" type="stmt"/>
        <line num="489" count="1" type="stmt"/>
        <line num="490" count="1" type="stmt"/>
        <line num="499" count="1" type="stmt"/>
        <line num="500" count="1" type="stmt"/>
        <line num="501" count="1" type="stmt"/>
        <line num="502" count="1" type="stmt"/>
        <line num="511" count="1" type="stmt"/>
        <line num="512" count="1" type="stmt"/>
        <line num="513" count="1" type="stmt"/>
        <line num="514" count="1" type="stmt"/>
      </file>
    </package>
    <package name="src.infrastructure.outbound.adapters.repositories.generic">
      <metrics statements="12" coveredstatements="12" conditionals="5" coveredconditionals="4" methods="2" coveredmethods="2"/>
      <file name="generic-repository.ts" path="/Users/rodrigo.alcorta/Documents/personal/projects/afip.ts/packages/core/src/infrastructure/outbound/adapters/repositories/generic/generic-repository.ts">
        <metrics statements="12" coveredstatements="12" conditionals="5" coveredconditionals="4" methods="2" coveredmethods="2"/>
        <line num="3" count="2" type="stmt"/>
        <line num="7" count="2" type="stmt"/>
        <line num="12" count="21" type="stmt"/>
        <line num="21" count="3" type="stmt"/>
        <line num="23" count="3" type="stmt"/>
        <line num="27" count="3" type="stmt"/>
        <line num="33" count="3" type="stmt"/>
        <line num="35" count="3" type="stmt"/>
        <line num="38" count="3" type="cond" truecount="1" falsecount="0"/>
        <line num="39" count="1" type="stmt"/>
        <line num="44" count="2" type="stmt"/>
        <line num="47" count="2" type="stmt"/>
      </file>
    </package>
    <package name="src.infrastructure.outbound.adapters.repositories.register">
      <metrics statements="114" coveredstatements="105" conditionals="83" coveredconditionals="68" methods="15" coveredmethods="14"/>
      <file name="base-batch-register-repository.ts" path="/Users/rodrigo.alcorta/Documents/personal/projects/afip.ts/packages/core/src/infrastructure/outbound/adapters/repositories/register/base-batch-register-repository.ts">
        <metrics statements="9" coveredstatements="9" conditionals="28" coveredconditionals="24" methods="3" coveredmethods="3"/>
        <line num="2" count="5" type="stmt"/>
        <line num="9" count="5" type="stmt"/>
        <line num="22" count="6" type="stmt"/>
        <line num="23" count="6" type="stmt"/>
        <line num="25" count="6" type="stmt"/>
        <line num="29" count="6" type="stmt"/>
        <line num="31" count="6" type="stmt"/>
        <line num="33" count="5" type="cond" truecount="6" falsecount="0"/>
        <line num="41" count="5" type="stmt"/>
      </file>
      <file name="base-register-repository.ts" path="/Users/rodrigo.alcorta/Documents/personal/projects/afip.ts/packages/core/src/infrastructure/outbound/adapters/repositories/register/base-register-repository.ts">
        <metrics statements="38" coveredstatements="38" conditionals="50" coveredconditionals="44" methods="6" coveredmethods="6"/>
        <line num="1" count="12" type="stmt"/>
        <line num="13" count="12" type="stmt"/>
        <line num="15" count="12" type="stmt"/>
        <line num="34" count="33" type="stmt"/>
        <line num="38" count="34" type="cond" truecount="1" falsecount="0"/>
        <line num="39" count="1" type="stmt"/>
        <line num="42" count="33" type="cond" truecount="1" falsecount="1"/>
        <line num="43" count="33" type="cond" truecount="1" falsecount="1"/>
        <line num="47" count="33" type="stmt"/>
        <line num="52" count="33" type="stmt"/>
        <line num="54" count="33" type="stmt"/>
        <line num="58" count="26" type="stmt"/>
        <line num="66" count="33" type="stmt"/>
        <line num="70" count="7" type="stmt"/>
        <line num="71" count="7" type="stmt"/>
        <line num="72" count="7" type="stmt"/>
        <line num="74" count="7" type="stmt"/>
        <line num="84" count="21" type="stmt"/>
        <line num="85" count="21" type="stmt"/>
        <line num="87" count="21" type="stmt"/>
        <line num="88" count="21" type="stmt"/>
        <line num="89" count="21" type="cond" truecount="1" falsecount="0"/>
        <line num="90" count="1" type="stmt"/>
        <line num="92" count="20" type="stmt"/>
        <line num="96" count="14" type="stmt"/>
        <line num="97" count="14" type="cond" truecount="1" falsecount="0"/>
        <line num="98" count="1" type="stmt"/>
        <line num="103" count="13" type="cond" truecount="4" falsecount="0"/>
        <line num="105" count="13" type="cond" truecount="5" falsecount="0"/>
        <line num="109" count="13" type="cond" truecount="1" falsecount="0"/>
        <line num="110" count="5" type="stmt"/>
        <line num="113" count="8" type="stmt"/>
        <line num="115" count="7" type="cond" truecount="1" falsecount="0"/>
        <line num="116" count="5" type="stmt"/>
        <line num="118" count="2" type="stmt"/>
        <line num="123" count="8" type="cond" truecount="2" falsecount="0"/>
        <line num="124" count="8" type="stmt"/>
        <line num="126" count="8" type="stmt"/>
      </file>
      <file name="register-inscription-proof.repository.ts" path="/Users/rodrigo.alcorta/Documents/personal/projects/afip.ts/packages/core/src/infrastructure/outbound/adapters/repositories/register/register-inscription-proof.repository.ts">
        <metrics statements="12" coveredstatements="12" conditionals="0" coveredconditionals="0" methods="1" coveredmethods="1"/>
        <line num="2" count="2" type="stmt"/>
        <line num="3" count="2" type="stmt"/>
        <line num="4" count="2" type="stmt"/>
        <line num="5" count="2" type="stmt"/>
        <line num="8" count="2" type="stmt"/>
        <line num="12" count="6" type="stmt"/>
        <line num="13" count="6" type="stmt"/>
        <line num="14" count="6" type="stmt"/>
        <line num="15" count="6" type="stmt"/>
        <line num="16" count="6" type="stmt"/>
        <line num="17" count="6" type="stmt"/>
        <line num="18" count="6" type="stmt"/>
      </file>
      <file name="register-scope-five.repository.ts" path="/Users/rodrigo.alcorta/Documents/personal/projects/afip.ts/packages/core/src/infrastructure/outbound/adapters/repositories/register/register-scope-five.repository.ts">
        <metrics statements="12" coveredstatements="12" conditionals="0" coveredconditionals="0" methods="1" coveredmethods="1"/>
        <line num="2" count="3" type="stmt"/>
        <line num="3" count="3" type="stmt"/>
        <line num="4" count="3" type="stmt"/>
        <line num="5" count="3" type="stmt"/>
        <line num="8" count="3" type="stmt"/>
        <line num="12" count="9" type="stmt"/>
        <line num="13" count="9" type="stmt"/>
        <line num="14" count="9" type="stmt"/>
        <line num="15" count="9" type="stmt"/>
        <line num="16" count="9" type="stmt"/>
        <line num="17" count="9" type="stmt"/>
        <line num="18" count="9" type="stmt"/>
      </file>
      <file name="register-scope-four.repository.ts" path="/Users/rodrigo.alcorta/Documents/personal/projects/afip.ts/packages/core/src/infrastructure/outbound/adapters/repositories/register/register-scope-four.repository.ts">
        <metrics statements="11" coveredstatements="11" conditionals="0" coveredconditionals="0" methods="1" coveredmethods="1"/>
        <line num="2" count="3" type="stmt"/>
        <line num="3" count="3" type="stmt"/>
        <line num="4" count="3" type="stmt"/>
        <line num="5" count="3" type="stmt"/>
        <line num="8" count="3" type="stmt"/>
        <line num="12" count="10" type="stmt"/>
        <line num="13" count="10" type="stmt"/>
        <line num="14" count="10" type="stmt"/>
        <line num="15" count="10" type="stmt"/>
        <line num="16" count="10" type="stmt"/>
        <line num="17" count="10" type="stmt"/>
      </file>
      <file name="register-scope-ten.repository.ts" path="/Users/rodrigo.alcorta/Documents/personal/projects/afip.ts/packages/core/src/infrastructure/outbound/adapters/repositories/register/register-scope-ten.repository.ts">
        <metrics statements="11" coveredstatements="11" conditionals="0" coveredconditionals="0" methods="1" coveredmethods="1"/>
        <line num="2" count="2" type="stmt"/>
        <line num="3" count="2" type="stmt"/>
        <line num="4" count="2" type="stmt"/>
        <line num="5" count="2" type="stmt"/>
        <line num="8" count="2" type="stmt"/>
        <line num="12" count="4" type="stmt"/>
        <line num="13" count="4" type="stmt"/>
        <line num="14" count="4" type="stmt"/>
        <line num="15" count="4" type="stmt"/>
        <line num="16" count="4" type="stmt"/>
        <line num="17" count="4" type="stmt"/>
      </file>
      <file name="register-scope-thirteen.repository.ts" path="/Users/rodrigo.alcorta/Documents/personal/projects/afip.ts/packages/core/src/infrastructure/outbound/adapters/repositories/register/register-scope-thirteen.repository.ts">
        <metrics statements="21" coveredstatements="12" conditionals="5" coveredconditionals="0" methods="2" coveredmethods="1"/>
        <line num="2" count="2" type="stmt"/>
        <line num="4" count="2" type="stmt"/>
        <line num="5" count="2" type="stmt"/>
        <line num="6" count="2" type="stmt"/>
        <line num="8" count="2" type="stmt"/>
        <line num="10" count="2" type="stmt"/>
        <line num="14" count="4" type="stmt"/>
        <line num="15" count="4" type="stmt"/>
        <line num="16" count="4" type="stmt"/>
        <line num="17" count="4" type="stmt"/>
        <line num="18" count="4" type="stmt"/>
        <line num="19" count="4" type="stmt"/>
        <line num="24" count="0" type="stmt"/>
        <line num="26" count="0" type="stmt"/>
        <line num="27" count="0" type="stmt"/>
        <line num="31" count="0" type="stmt"/>
        <line num="33" count="0" type="cond" truecount="0" falsecount="2"/>
        <line num="39" count="0" type="stmt"/>
        <line num="44" count="0" type="cond" truecount="0" falsecount="1"/>
        <line num="45" count="0" type="stmt"/>
        <line num="50" count="0" type="stmt"/>
      </file>
    </package>
    <package name="src.infrastructure.outbound.adapters.soap">
      <metrics statements="59" coveredstatements="57" conditionals="77" coveredconditionals="70" methods="14" coveredmethods="13"/>
      <file name="base-soap-repository.ts" path="/Users/rodrigo.alcorta/Documents/personal/projects/afip.ts/packages/core/src/infrastructure/outbound/adapters/soap/base-soap-repository.ts">
        <metrics statements="31" coveredstatements="31" conditionals="59" coveredconditionals="53" methods="7" coveredmethods="7"/>
        <line num="2" count="16" type="stmt"/>
        <line num="5" count="16" type="stmt"/>
        <line num="12" count="16" type="stmt"/>
        <line num="14" count="16" type="stmt"/>
        <line num="22" count="85" type="stmt"/>
        <line num="25" count="85" type="stmt"/>
        <line num="26" count="85" type="stmt"/>
        <line num="27" count="85" type="cond" truecount="4" falsecount="0"/>
        <line num="28" count="85" type="cond" truecount="4" falsecount="0"/>
        <line num="38" count="68" type="stmt"/>
        <line num="41" count="68" type="cond" truecount="4" falsecount="0"/>
        <line num="42" count="68" type="cond" truecount="2" falsecount="0"/>
        <line num="46" count="68" type="stmt"/>
        <line num="51" count="68" type="stmt"/>
        <line num="69" count="68" type="stmt"/>
        <line num="70" count="68" type="stmt"/>
        <line num="72" count="68" type="stmt"/>
        <line num="74" count="137" type="stmt"/>
        <line num="75" count="137" type="cond" truecount="3" falsecount="0"/>
        <line num="76" count="68" type="stmt"/>
        <line num="78" count="68" type="cond" truecount="7" falsecount="0"/>
        <line num="83" count="68" type="cond" truecount="1" falsecount="0"/>
        <line num="84" count="37" type="stmt"/>
        <line num="85" count="37" type="stmt"/>
        <line num="86" count="37" type="stmt"/>
        <line num="88" count="37" type="cond" truecount="2" falsecount="0"/>
        <line num="92" count="37" type="cond" truecount="1" falsecount="0"/>
        <line num="93" count="26" type="stmt"/>
        <line num="96" count="37" type="stmt"/>
        <line num="97" count="37" type="stmt"/>
        <line num="101" count="100" type="stmt"/>
      </file>
      <file name="soap-client.ts" path="/Users/rodrigo.alcorta/Documents/personal/projects/afip.ts/packages/core/src/infrastructure/outbound/adapters/soap/soap-client.ts">
        <metrics statements="25" coveredstatements="24" conditionals="18" coveredconditionals="17" methods="6" coveredmethods="6"/>
        <line num="6" count="19" type="stmt"/>
        <line num="7" count="19" type="stmt"/>
        <line num="8" count="19" type="stmt"/>
        <line num="9" count="19" type="stmt"/>
        <line num="11" count="19" type="stmt"/>
        <line num="15" count="26" type="stmt"/>
        <line num="19" count="7" type="stmt"/>
        <line num="25" count="7" type="stmt"/>
        <line num="26" count="7" type="stmt"/>
        <line num="27" count="7" type="stmt"/>
        <line num="33" count="7" type="cond" truecount="1" falsecount="0"/>
        <line num="39" count="10" type="stmt"/>
        <line num="40" count="5" type="stmt"/>
        <line num="51" count="7" type="cond" truecount="1" falsecount="1"/>
        <line num="52" count="0" type="stmt"/>
        <line num="54" count="7" type="stmt"/>
        <line num="55" count="7" type="cond" truecount="1" falsecount="0"/>
        <line num="56" count="1" type="stmt"/>
        <line num="60" count="6" type="stmt"/>
        <line num="64" count="2" type="cond" truecount="1" falsecount="0"/>
        <line num="65" count="1" type="stmt"/>
        <line num="74" count="2" type="stmt"/>
        <line num="75" count="2" type="cond" truecount="1" falsecount="0"/>
        <line num="76" count="1" type="stmt"/>
        <line num="79" count="1" type="stmt"/>
      </file>
      <file name="wsdl-strings.ts" path="/Users/rodrigo.alcorta/Documents/personal/projects/afip.ts/packages/core/src/infrastructure/outbound/adapters/soap/wsdl-strings.ts">
        <metrics statements="3" coveredstatements="2" conditionals="0" coveredconditionals="0" methods="1" coveredmethods="0"/>
        <line num="6" count="18" type="stmt"/>
        <line num="6135" count="18" type="stmt"/>
        <line num="6136" count="0" type="stmt"/>
      </file>
    </package>
    <package name="src.infrastructure.outbound.adapters.soap.engines">
      <metrics statements="36" coveredstatements="36" conditionals="25" coveredconditionals="24" methods="11" coveredmethods="11"/>
      <file name="node-security.engine.ts" path="/Users/rodrigo.alcorta/Documents/personal/projects/afip.ts/packages/core/src/infrastructure/outbound/adapters/soap/engines/node-security.engine.ts">
        <metrics statements="7" coveredstatements="7" conditionals="0" coveredconditionals="0" methods="3" coveredmethods="3"/>
        <line num="1" count="1" type="stmt"/>
        <line num="3" count="1" type="stmt"/>
        <line num="9" count="15" type="stmt"/>
        <line num="10" count="15" type="stmt"/>
        <line num="11" count="15" type="stmt"/>
        <line num="15" count="15" type="stmt"/>
        <line num="18" count="15" type="stmt"/>
      </file>
      <file name="soap-engine.factory.ts" path="/Users/rodrigo.alcorta/Documents/personal/projects/afip.ts/packages/core/src/infrastructure/outbound/adapters/soap/engines/soap-engine.factory.ts">
        <metrics statements="15" coveredstatements="15" conditionals="8" coveredconditionals="7" methods="4" coveredmethods="4"/>
        <line num="2" count="1" type="stmt"/>
        <line num="3" count="1" type="stmt"/>
        <line num="5" count="1" type="stmt"/>
        <line num="8" count="4" type="stmt"/>
        <line num="10" count="4" type="cond" truecount="1" falsecount="0"/>
        <line num="11" count="3" type="stmt"/>
        <line num="13" count="3" type="cond" truecount="1" falsecount="0"/>
        <line num="14" count="4" type="stmt"/>
        <line num="15" count="2" type="stmt"/>
        <line num="16" count="2" type="stmt"/>
        <line num="17" count="2" type="stmt"/>
        <line num="18" count="2" type="stmt"/>
        <line num="25" count="3" type="stmt"/>
        <line num="28" count="2" type="stmt"/>
        <line num="29" count="1" type="stmt"/>
      </file>
      <file name="universal-transport.engine.ts" path="/Users/rodrigo.alcorta/Documents/personal/projects/afip.ts/packages/core/src/infrastructure/outbound/adapters/soap/engines/universal-transport.engine.ts">
        <metrics statements="14" coveredstatements="14" conditionals="17" coveredconditionals="17" methods="4" coveredmethods="4"/>
        <line num="9" count="2" type="stmt"/>
        <line num="13" count="14" type="stmt"/>
        <line num="14" count="14" type="cond" truecount="2" falsecount="0"/>
        <line num="15" count="14" type="stmt"/>
        <line num="19" count="14" type="cond" truecount="1" falsecount="0"/>
        <line num="20" count="4" type="stmt"/>
        <line num="24" count="14" type="stmt"/>
        <line num="31" count="14" type="stmt"/>
        <line num="32" count="13" type="stmt"/>
        <line num="33" count="13" type="stmt"/>
        <line num="35" count="12" type="stmt"/>
        <line num="42" count="12" type="stmt"/>
        <line num="45" count="2" type="stmt"/>
        <line num="48" count="14" type="stmt"/>
      </file>
    </package>
    <package name="src.infrastructure.outbound.adapters.storage">
      <metrics statements="52" coveredstatements="51" conditionals="14" coveredconditionals="13" methods="11" coveredmethods="11"/>
      <file name="file-system-ticket-storage.ts" path="/Users/rodrigo.alcorta/Documents/personal/projects/afip.ts/packages/core/src/infrastructure/outbound/adapters/storage/file-system-ticket-storage.ts">
        <metrics statements="34" coveredstatements="34" conditionals="7" coveredconditionals="7" methods="6" coveredmethods="6"/>
        <line num="2" count="2" type="stmt"/>
        <line num="3" count="2" type="stmt"/>
        <line num="4" count="2" type="stmt"/>
        <line num="7" count="2" type="stmt"/>
        <line num="13" count="17" type="stmt"/>
        <line num="14" count="17" type="stmt"/>
        <line num="15" count="17" type="cond" truecount="4" falsecount="0"/>
        <line num="22" count="11" type="stmt"/>
        <line num="31" count="11" type="stmt"/>
        <line num="35" count="3" type="stmt"/>
        <line num="36" count="3" type="stmt"/>
        <line num="38" count="1" type="stmt"/>
        <line num="41" count="2" type="stmt"/>
        <line num="42" count="2" type="stmt"/>
        <line num="47" count="2" type="stmt"/>
        <line num="51" count="6" type="stmt"/>
        <line num="53" count="6" type="stmt"/>
        <line num="54" count="6" type="stmt"/>
        <line num="56" count="1" type="stmt"/>
        <line num="59" count="5" type="stmt"/>
        <line num="60" count="5" type="stmt"/>
        <line num="62" count="1" type="stmt"/>
        <line num="66" count="4" type="stmt"/>
        <line num="67" count="4" type="stmt"/>
        <line num="69" count="1" type="stmt"/>
        <line num="72" count="3" type="stmt"/>
        <line num="73" count="3" type="stmt"/>
        <line num="74" count="2" type="stmt"/>
        <line num="76" count="2" type="stmt"/>
        <line num="81" count="3" type="stmt"/>
        <line num="83" count="3" type="stmt"/>
        <line num="84" count="3" type="stmt"/>
        <line num="86" count="2" type="cond" truecount="1" falsecount="0"/>
        <line num="87" count="1" type="stmt"/>
      </file>
      <file name="memory-ticket-storage.ts" path="/Users/rodrigo.alcorta/Documents/personal/projects/afip.ts/packages/core/src/infrastructure/outbound/adapters/storage/memory-ticket-storage.ts">
        <metrics statements="18" coveredstatements="17" conditionals="7" coveredconditionals="6" methods="5" coveredmethods="5"/>
        <line num="2" count="2" type="stmt"/>
        <line num="4" count="2" type="stmt"/>
        <line num="5" count="2" type="stmt"/>
        <line num="10" count="6" type="stmt"/>
        <line num="11" count="6" type="cond" truecount="3" falsecount="1"/>
        <line num="15" count="8" type="cond" truecount="2" falsecount="0"/>
        <line num="19" count="3" type="stmt"/>
        <line num="20" count="3" type="stmt"/>
        <line num="24" count="3" type="stmt"/>
        <line num="28" count="4" type="stmt"/>
        <line num="29" count="4" type="stmt"/>
        <line num="30" count="4" type="cond" truecount="1" falsecount="0"/>
        <line num="32" count="1" type="stmt"/>
        <line num="33" count="1" type="stmt"/>
        <line num="34" count="1" type="stmt"/>
        <line num="36" count="0" type="stmt"/>
        <line num="41" count="1" type="stmt"/>
        <line num="42" count="1" type="stmt"/>
      </file>
    </package>
    <package name="src.infrastructure.outbound.ports.soap.enums">
      <metrics statements="32" coveredstatements="32" conditionals="6" coveredconditionals="6" methods="3" coveredmethods="3"/>
      <file name="endpoints.enum.ts" path="/Users/rodrigo.alcorta/Documents/personal/projects/afip.ts/packages/core/src/infrastructure/outbound/ports/soap/enums/endpoints.enum.ts">
        <metrics statements="18" coveredstatements="18" conditionals="4" coveredconditionals="4" methods="2" coveredmethods="2"/>
        <line num="5" count="18" type="cond" truecount="2" falsecount="0"/>
        <line num="9" count="18" type="stmt"/>
        <line num="10" count="18" type="stmt"/>
        <line num="15" count="18" type="stmt"/>
        <line num="16" count="18" type="stmt"/>
        <line num="21" count="18" type="stmt"/>
        <line num="22" count="18" type="stmt"/>
        <line num="27" count="18" type="stmt"/>
        <line num="28" count="18" type="stmt"/>
        <line num="33" count="18" type="stmt"/>
        <line num="34" count="18" type="stmt"/>
        <line num="39" count="18" type="stmt"/>
        <line num="40" count="18" type="stmt"/>
        <line num="45" count="18" type="stmt"/>
        <line num="46" count="18" type="stmt"/>
        <line num="53" count="18" type="cond" truecount="2" falsecount="0"/>
        <line num="55" count="18" type="stmt"/>
        <line num="57" count="18" type="stmt"/>
      </file>
      <file name="wsdl-path.enum.ts" path="/Users/rodrigo.alcorta/Documents/personal/projects/afip.ts/packages/core/src/infrastructure/outbound/ports/soap/enums/wsdl-path.enum.ts">
        <metrics statements="14" coveredstatements="14" conditionals="2" coveredconditionals="2" methods="1" coveredmethods="1"/>
        <line num="1" count="16" type="cond" truecount="2" falsecount="0"/>
        <line num="2" count="16" type="stmt"/>
        <line num="4" count="16" type="stmt"/>
        <line num="5" count="16" type="stmt"/>
        <line num="7" count="16" type="stmt"/>
        <line num="8" count="16" type="stmt"/>
        <line num="10" count="16" type="stmt"/>
        <line num="11" count="16" type="stmt"/>
        <line num="13" count="16" type="stmt"/>
        <line num="14" count="16" type="stmt"/>
        <line num="16" count="16" type="stmt"/>
        <line num="17" count="16" type="stmt"/>
        <line num="19" count="16" type="stmt"/>
        <line num="20" count="16" type="stmt"/>
      </file>
    </package>
    <package name="src.infrastructure.utils">
      <metrics statements="38" coveredstatements="38" conditionals="8" coveredconditionals="8" methods="16" coveredmethods="16"/>
      <file name="afip-errors.ts" path="/Users/rodrigo.alcorta/Documents/personal/projects/afip.ts/packages/core/src/infrastructure/utils/afip-errors.ts">
        <metrics statements="3" coveredstatements="3" conditionals="4" coveredconditionals="4" methods="1" coveredmethods="1"/>
        <line num="1" count="15" type="stmt"/>
        <line num="2" count="18" type="cond" truecount="1" falsecount="0"/>
        <line num="4" count="16" type="stmt"/>
      </file>
      <file name="crypt-data.ts" path="/Users/rodrigo.alcorta/Documents/personal/projects/afip.ts/packages/core/src/infrastructure/utils/crypt-data.ts">
        <metrics statements="13" coveredstatements="13" conditionals="0" coveredconditionals="0" methods="2" coveredmethods="2"/>
        <line num="1" count="3" type="stmt"/>
        <line num="3" count="3" type="stmt"/>
        <line num="5" count="13" type="stmt"/>
        <line num="6" count="13" type="stmt"/>
        <line num="9" count="16" type="stmt"/>
        <line num="10" count="16" type="stmt"/>
        <line num="11" count="16" type="stmt"/>
        <line num="12" count="16" type="stmt"/>
        <line num="14" count="1" type="stmt"/>
        <line num="16" count="15" type="stmt"/>
        <line num="34" count="15" type="stmt"/>
        <line num="35" count="15" type="stmt"/>
        <line num="36" count="15" type="stmt"/>
      </file>
      <file name="datetime-ref.ts" path="/Users/rodrigo.alcorta/Documents/personal/projects/afip.ts/packages/core/src/infrastructure/utils/datetime-ref.ts">
        <metrics statements="10" coveredstatements="10" conditionals="0" coveredconditionals="0" methods="8" coveredmethods="8"/>
        <line num="1" count="3" type="stmt"/>
        <line num="9" count="3" type="stmt"/>
        <line num="10" count="10" type="stmt"/>
        <line num="13" count="9" type="stmt"/>
        <line num="18" count="13" type="stmt"/>
        <line num="23" count="14" type="stmt"/>
        <line num="28" count="14" type="stmt"/>
        <line num="33" count="9" type="stmt"/>
        <line num="38" count="11" type="stmt"/>
        <line num="43" count="11" type="stmt"/>
      </file>
      <file name="parser.ts" path="/Users/rodrigo.alcorta/Documents/personal/projects/afip.ts/packages/core/src/infrastructure/utils/parser.ts">
        <metrics statements="7" coveredstatements="7" conditionals="0" coveredconditionals="0" methods="3" coveredmethods="3"/>
        <line num="1" count="3" type="stmt"/>
        <line num="6" count="3" type="stmt"/>
        <line num="7" count="3" type="stmt"/>
        <line num="12" count="24" type="stmt"/>
        <line num="18" count="8" type="stmt"/>
        <line num="19" count="8" type="stmt"/>
        <line num="23" count="5" type="stmt"/>
      </file>
      <file name="soap-runtime.ts" path="/Users/rodrigo.alcorta/Documents/personal/projects/afip.ts/packages/core/src/infrastructure/utils/soap-runtime.ts">
        <metrics statements="5" coveredstatements="5" conditionals="4" coveredconditionals="4" methods="2" coveredmethods="2"/>
        <line num="1" count="3" type="cond" truecount="2" falsecount="0"/>
        <line num="2" count="3" type="stmt"/>
        <line num="3" count="3" type="stmt"/>
        <line num="10" count="3" type="stmt"/>
        <line num="11" count="2" type="cond" truecount="2" falsecount="0"/>
      </file>
    </package>
    <package name="tests.mocks.data">
      <metrics statements="32" coveredstatements="32" conditionals="0" coveredconditionals="0" methods="0" coveredmethods="0"/>
      <file name="credential-json.mock.ts" path="/Users/rodrigo.alcorta/Documents/personal/projects/afip.ts/packages/core/tests/mocks/data/credential-json.mock.ts">
        <metrics statements="3" coveredstatements="3" conditionals="0" coveredconditionals="0" methods="0" coveredmethods="0"/>
        <line num="2" count="2" type="stmt"/>
        <line num="4" count="2" type="stmt"/>
        <line num="6" count="2" type="stmt"/>
      </file>
      <file name="soapClient.mock.ts" path="/Users/rodrigo.alcorta/Documents/personal/projects/afip.ts/packages/core/tests/mocks/data/soapClient.mock.ts">
        <metrics statements="22" coveredstatements="22" conditionals="0" coveredconditionals="0" methods="0" coveredmethods="0"/>
        <line num="1" count="6" type="stmt"/>
        <line num="8" count="6" type="stmt"/>
        <line num="18" count="6" type="stmt"/>
        <line num="27" count="6" type="stmt"/>
        <line num="57" count="6" type="stmt"/>
        <line num="89" count="6" type="stmt"/>
        <line num="315" count="6" type="stmt"/>
        <line num="344" count="6" type="stmt"/>
        <line num="541" count="6" type="stmt"/>
        <line num="563" count="6" type="stmt"/>
        <line num="874" count="6" type="stmt"/>
        <line num="1029" count="6" type="stmt"/>
        <line num="1096" count="6" type="stmt"/>
        <line num="1102" count="6" type="stmt"/>
        <line num="1116" count="6" type="stmt"/>
        <line num="1142" count="6" type="stmt"/>
        <line num="1146" count="6" type="stmt"/>
        <line num="1228" count="6" type="stmt"/>
        <line num="1232" count="6" type="stmt"/>
        <line num="1253" count="6" type="stmt"/>
        <line num="1257" count="6" type="stmt"/>
        <line num="1280" count="6" type="stmt"/>
      </file>
      <file name="voucher.mock.ts" path="/Users/rodrigo.alcorta/Documents/personal/projects/afip.ts/packages/core/tests/mocks/data/voucher.mock.ts">
        <metrics statements="7" coveredstatements="7" conditionals="0" coveredconditionals="0" methods="0" coveredmethods="0"/>
        <line num="2" count="8" type="stmt"/>
        <line num="4" count="8" type="stmt"/>
        <line num="5" count="8" type="stmt"/>
        <line num="6" count="8" type="stmt"/>
        <line num="7" count="8" type="stmt"/>
        <line num="9" count="8" type="stmt"/>
        <line num="13" count="8" type="stmt"/>
      </file>
    </package>
    <package name="tests.unit.application.services">
      <metrics statements="8" coveredstatements="8" conditionals="20" coveredconditionals="15" methods="3" coveredmethods="3"/>
      <file name="register-service.test.helpers.ts" path="/Users/rodrigo.alcorta/Documents/personal/projects/afip.ts/packages/core/tests/unit/application/services/register-service.test.helpers.ts">
        <metrics statements="8" coveredstatements="8" conditionals="20" coveredconditionals="15" methods="3" coveredmethods="3"/>
        <line num="7" count="5" type="stmt"/>
        <line num="8" count="5" type="stmt"/>
        <line num="10" count="5" type="stmt"/>
        <line num="13" count="18" type="stmt"/>
        <line num="20" count="5" type="stmt"/>
        <line num="23" count="8" type="stmt"/>
        <line num="31" count="5" type="stmt"/>
        <line num="34" count="6" type="stmt"/>
      </file>
    </package>
    <package name="tests.unit.infrastructure.outbound.adapters.repositories.register">
      <metrics statements="13" coveredstatements="13" conditionals="0" coveredconditionals="0" methods="5" coveredmethods="5"/>
      <file name="register-repository.test.helpers.ts" path="/Users/rodrigo.alcorta/Documents/personal/projects/afip.ts/packages/core/tests/unit/infrastructure/outbound/adapters/repositories/register/register-repository.test.helpers.ts">
        <metrics statements="13" coveredstatements="13" conditionals="0" coveredconditionals="0" methods="5" coveredmethods="5"/>
        <line num="3" count="7" type="stmt"/>
        <line num="4" count="7" type="stmt"/>
        <line num="6" count="7" type="stmt"/>
        <line num="7" count="33" type="stmt"/>
        <line num="14" count="33" type="stmt"/>
        <line num="20" count="7" type="stmt"/>
        <line num="21" count="5" type="stmt"/>
        <line num="30" count="7" type="stmt"/>
        <line num="31" count="5" type="stmt"/>
        <line num="42" count="7" type="stmt"/>
        <line num="43" count="4" type="stmt"/>
        <line num="53" count="7" type="stmt"/>
        <line num="54" count="6" type="stmt"/>
      </file>
    </package>
    <package name="tests.utils">
      <metrics statements="17" coveredstatements="15" conditionals="27" coveredconditionals="18" methods="3" coveredmethods="2"/>
      <file name="env-test.ts" path="/Users/rodrigo.alcorta/Documents/personal/projects/afip.ts/packages/core/tests/utils/env-test.ts">
        <metrics statements="16" coveredstatements="14" conditionals="27" coveredconditionals="18" methods="3" coveredmethods="2"/>
        <line num="1" count="8" type="stmt"/>
        <line num="3" count="8" type="stmt"/>
        <line num="7" count="8" type="cond" truecount="1" falsecount="1"/>
        <line num="8" count="8" type="stmt"/>
        <line num="11" count="8" type="stmt"/>
        <line num="24" count="8" type="stmt"/>
        <line num="26" count="8" type="cond" truecount="3" falsecount="1"/>
        <line num="28" count="8" type="cond" truecount="3" falsecount="1"/>
        <line num="30" count="8" type="cond" truecount="3" falsecount="1"/>
        <line num="32" count="8" type="cond" truecount="1" falsecount="1"/>
        <line num="33" count="8" type="cond" truecount="6" falsecount="2"/>
        <line num="37" count="8" type="stmt"/>
        <line num="44" count="0" type="cond" truecount="0" falsecount="1"/>
        <line num="45" count="0" type="stmt"/>
        <line num="50" count="8" type="stmt"/>
        <line num="52" count="8" type="stmt"/>
      </file>
      <file name="time.constants.ts" path="/Users/rodrigo.alcorta/Documents/personal/projects/afip.ts/packages/core/tests/utils/time.constants.ts">
        <metrics statements="1" coveredstatements="1" conditionals="0" coveredconditionals="0" methods="0" coveredmethods="0"/>
        <line num="2" count="3" type="stmt"/>
      </file>
    </package>
  </project>
</coverage>
