{"/Users/rodrigo.alcorta/Documents/personal/projects/afip.ts/packages/core/src/application/services/electronic-billing.service.ts": {"path":"/Users/rodrigo.alcorta/Documents/personal/projects/afip.ts/packages/core/src/application/services/electronic-billing.service.ts","statementMap":{"0":{"start":{"line":25,"column":0},"end":{"line":25,"column":110}},"1":{"start":{"line":26,"column":0},"end":{"line":26,"column":108}},"2":{"start":{"line":27,"column":0},"end":{"line":27,"column":108}},"3":{"start":{"line":28,"column":0},"end":{"line":28,"column":105}},"4":{"start":{"line":29,"column":0},"end":{"line":29,"column":114}},"5":{"start":{"line":30,"column":0},"end":{"line":30,"column":108}},"6":{"start":{"line":31,"column":0},"end":{"line":31,"column":110}},"7":{"start":{"line":32,"column":0},"end":{"line":32,"column":110}},"8":{"start":{"line":33,"column":0},"end":{"line":33,"column":112}},"9":{"start":{"line":34,"column":0},"end":{"line":34,"column":110}},"10":{"start":{"line":35,"column":0},"end":{"line":35,"column":112}},"11":{"start":{"line":36,"column":0},"end":{"line":36,"column":112}},"12":{"start":{"line":37,"column":0},"end":{"line":37,"column":102}},"13":{"start":{"line":38,"column":0},"end":{"line":38,"column":119}},"14":{"start":{"line":39,"column":0},"end":{"line":39,"column":93}},"15":{"start":{"line":40,"column":0},"end":{"line":40,"column":101}},"16":{"start":{"line":41,"column":0},"end":{"line":41,"column":121}},"17":{"start":{"line":42,"column":0},"end":{"line":42,"column":123}},"18":{"start":{"line":43,"column":0},"end":{"line":43,"column":110}},"19":{"start":{"line":44,"column":0},"end":{"line":44,"column":103}},"20":{"start":{"line":45,"column":0},"end":{"line":45,"column":103}},"21":{"start":{"line":46,"column":0},"end":{"line":46,"column":105}},"22":{"start":{"line":47,"column":0},"end":{"line":47,"column":106}},"23":{"start":{"line":75,"column":21},"end":{"line":75,"column":82}},"24":{"start":{"line":77,"column":4},"end":{"line":79,"column":6}},"25":{"start":{"line":80,"column":4},"end":{"line":82,"column":6}},"26":{"start":{"line":83,"column":4},"end":{"line":85,"column":6}},"27":{"start":{"line":86,"column":4},"end":{"line":88,"column":6}},"28":{"start":{"line":89,"column":4},"end":{"line":91,"column":6}},"29":{"start":{"line":92,"column":4},"end":{"line":94,"column":6}},"30":{"start":{"line":95,"column":4},"end":{"line":97,"column":6}},"31":{"start":{"line":98,"column":4},"end":{"line":100,"column":6}},"32":{"start":{"line":101,"column":4},"end":{"line":103,"column":6}},"33":{"start":{"line":104,"column":4},"end":{"line":106,"column":6}},"34":{"start":{"line":107,"column":4},"end":{"line":109,"column":6}},"35":{"start":{"line":110,"column":4},"end":{"line":112,"column":6}},"36":{"start":{"line":113,"column":4},"end":{"line":115,"column":6}},"37":{"start":{"line":116,"column":4},"end":{"line":118,"column":6}},"38":{"start":{"line":119,"column":4},"end":{"line":119,"column":79}},"39":{"start":{"line":120,"column":4},"end":{"line":122,"column":6}},"40":{"start":{"line":123,"column":4},"end":{"line":125,"column":6}},"41":{"start":{"line":126,"column":4},"end":{"line":128,"column":6}},"42":{"start":{"line":129,"column":4},"end":{"line":131,"column":6}},"43":{"start":{"line":132,"column":4},"end":{"line":134,"column":6}},"44":{"start":{"line":135,"column":4},"end":{"line":137,"column":6}},"45":{"start":{"line":138,"column":4},"end":{"line":140,"column":6}},"46":{"start":{"line":141,"column":4},"end":{"line":143,"column":6}},"47":{"start":{"line":154,"column":4},"end":{"line":154,"column":49}},"48":{"start":{"line":164,"column":4},"end":{"line":164,"column":48}},"49":{"start":{"line":179,"column":4},"end":{"line":182,"column":7}},"50":{"start":{"line":194,"column":4},"end":{"line":194,"column":50}},"51":{"start":{"line":207,"column":4},"end":{"line":207,"column":54}},"52":{"start":{"line":226,"column":4},"end":{"line":230,"column":7}},"53":{"start":{"line":237,"column":4},"end":{"line":237,"column":49}},"54":{"start":{"line":246,"column":4},"end":{"line":246,"column":49}},"55":{"start":{"line":255,"column":4},"end":{"line":255,"column":50}},"56":{"start":{"line":264,"column":4},"end":{"line":264,"column":49}},"57":{"start":{"line":273,"column":4},"end":{"line":273,"column":50}},"58":{"start":{"line":282,"column":4},"end":{"line":282,"column":50}},"59":{"start":{"line":291,"column":4},"end":{"line":291,"column":45}},"60":{"start":{"line":303,"column":4},"end":{"line":303,"column":61}},"61":{"start":{"line":313,"column":4},"end":{"line":313,"column":54}},"62":{"start":{"line":323,"column":4},"end":{"line":323,"column":58}},"63":{"start":{"line":336,"column":4},"end":{"line":336,"column":70}},"64":{"start":{"line":349,"column":4},"end":{"line":349,"column":71}},"65":{"start":{"line":362,"column":4},"end":{"line":362,"column":62}},"66":{"start":{"line":371,"column":4},"end":{"line":371,"column":56}},"67":{"start":{"line":379,"column":4},"end":{"line":379,"column":46}},"68":{"start":{"line":387,"column":4},"end":{"line":387,"column":47}},"69":{"start":{"line":395,"column":4},"end":{"line":395,"column":47}},"70":{"start":{"line":402,"column":4},"end":{"line":402,"column":35}},"71":{"start":{"line":409,"column":4},"end":{"line":409,"column":39}},"72":{"start":{"line":49,"column":0},"end":{"line":49,"column":13}}},"fnMap":{"0":{"name":"(anonymous_7)","decl":{"start":{"line":74,"column":2},"end":{"line":74,"column":null}},"loc":{"start":{"line":75,"column":82},"end":{"line":144,"column":3}}},"1":{"name":"(anonymous_8)","decl":{"start":{"line":153,"column":8},"end":{"line":153,"column":23}},"loc":{"start":{"line":153,"column":23},"end":{"line":155,"column":null}}},"2":{"name":"(anonymous_10)","decl":{"start":{"line":163,"column":15},"end":{"line":163,"column":29}},"loc":{"start":{"line":163,"column":29},"end":{"line":165,"column":null}}},"3":{"name":"(anonymous_12)","decl":{"start":{"line":175,"column":8},"end":{"line":175,"column":22}},"loc":{"start":{"line":177,"column":16},"end":{"line":183,"column":null}}},"4":{"name":"(anonymous_14)","decl":{"start":{"line":193,"column":15},"end":{"line":193,"column":28}},"loc":{"start":{"line":193,"column":42},"end":{"line":195,"column":null}}},"5":{"name":"(anonymous_16)","decl":{"start":{"line":206,"column":8},"end":{"line":206,"column":25}},"loc":{"start":{"line":206,"column":43},"end":{"line":208,"column":null}}},"6":{"name":"(anonymous_18)","decl":{"start":{"line":221,"column":8},"end":{"line":221,"column":22}},"loc":{"start":{"line":224,"column":16},"end":{"line":231,"column":null}}},"7":{"name":"(anonymous_20)","decl":{"start":{"line":236,"column":8},"end":{"line":236,"column":23}},"loc":{"start":{"line":236,"column":23},"end":{"line":238,"column":null}}},"8":{"name":"(anonymous_22)","decl":{"start":{"line":245,"column":8},"end":{"line":245,"column":23}},"loc":{"start":{"line":245,"column":23},"end":{"line":247,"column":null}}},"9":{"name":"(anonymous_24)","decl":{"start":{"line":254,"column":8},"end":{"line":254,"column":24}},"loc":{"start":{"line":254,"column":24},"end":{"line":256,"column":null}}},"10":{"name":"(anonymous_26)","decl":{"start":{"line":263,"column":8},"end":{"line":263,"column":23}},"loc":{"start":{"line":263,"column":23},"end":{"line":265,"column":null}}},"11":{"name":"(anonymous_28)","decl":{"start":{"line":272,"column":8},"end":{"line":272,"column":26}},"loc":{"start":{"line":272,"column":26},"end":{"line":274,"column":null}}},"12":{"name":"(anonymous_30)","decl":{"start":{"line":281,"column":8},"end":{"line":281,"column":23}},"loc":{"start":{"line":281,"column":23},"end":{"line":283,"column":null}}},"13":{"name":"(anonymous_32)","decl":{"start":{"line":290,"column":8},"end":{"line":290,"column":19}},"loc":{"start":{"line":290,"column":19},"end":{"line":292,"column":null}}},"14":{"name":"(anonymous_34)","decl":{"start":{"line":300,"column":8},"end":{"line":300,"column":27}},"loc":{"start":{"line":301,"column":21},"end":{"line":304,"column":null}}},"15":{"name":"(anonymous_36)","decl":{"start":{"line":312,"column":8},"end":{"line":312,"column":15}},"loc":{"start":{"line":312,"column":45},"end":{"line":314,"column":null}}},"16":{"name":"(anonymous_38)","decl":{"start":{"line":322,"column":8},"end":{"line":322,"column":19}},"loc":{"start":{"line":322,"column":49},"end":{"line":324,"column":null}}},"17":{"name":"(anonymous_40)","decl":{"start":{"line":332,"column":8},"end":{"line":332,"column":28}},"loc":{"start":{"line":334,"column":22},"end":{"line":337,"column":null}}},"18":{"name":"(anonymous_42)","decl":{"start":{"line":345,"column":8},"end":{"line":345,"column":29}},"loc":{"start":{"line":347,"column":22},"end":{"line":350,"column":null}}},"19":{"name":"(anonymous_44)","decl":{"start":{"line":358,"column":8},"end":{"line":358,"column":23}},"loc":{"start":{"line":360,"column":16},"end":{"line":363,"column":null}}},"20":{"name":"(anonymous_46)","decl":{"start":{"line":370,"column":8},"end":{"line":370,"column":20}},"loc":{"start":{"line":370,"column":39},"end":{"line":372,"column":null}}},"21":{"name":"(anonymous_48)","decl":{"start":{"line":378,"column":8},"end":{"line":378,"column":20}},"loc":{"start":{"line":378,"column":20},"end":{"line":380,"column":null}}},"22":{"name":"(anonymous_50)","decl":{"start":{"line":386,"column":8},"end":{"line":386,"column":21}},"loc":{"start":{"line":386,"column":21},"end":{"line":388,"column":null}}},"23":{"name":"(anonymous_52)","decl":{"start":{"line":394,"column":8},"end":{"line":394,"column":31}},"loc":{"start":{"line":394,"column":31},"end":{"line":396,"column":null}}},"24":{"name":"(anonymous_54)","decl":{"start":{"line":401,"column":8},"end":{"line":401,"column":21}},"loc":{"start":{"line":401,"column":35},"end":{"line":403,"column":null}}},"25":{"name":"(anonymous_56)","decl":{"start":{"line":408,"column":8},"end":{"line":408,"column":25}},"loc":{"start":{"line":408,"column":43},"end":{"line":410,"column":null}}}},"branchMap":{},"s":{"0":2,"1":2,"2":2,"3":2,"4":2,"5":2,"6":2,"7":2,"8":2,"9":2,"10":2,"11":2,"12":2,"13":2,"14":2,"15":2,"16":2,"17":2,"18":2,"19":2,"20":2,"21":2,"22":2,"23":25,"24":25,"25":25,"26":25,"27":25,"28":25,"29":25,"30":25,"31":25,"32":25,"33":25,"34":25,"35":25,"36":25,"37":25,"38":25,"39":25,"40":25,"41":25,"42":25,"43":25,"44":25,"45":25,"46":25,"47":1,"48":1,"49":2,"50":2,"51":2,"52":1,"53":1,"54":1,"55":1,"56":1,"57":1,"58":1,"59":1,"60":1,"61":1,"62":1,"63":1,"64":1,"65":1,"66":1,"67":1,"68":1,"69":1,"70":1,"71":1,"72":2},"f":{"0":25,"1":1,"2":1,"3":2,"4":2,"5":2,"6":1,"7":1,"8":1,"9":1,"10":1,"11":1,"12":1,"13":1,"14":1,"15":1,"16":1,"17":1,"18":1,"19":1,"20":1,"21":1,"22":1,"23":1,"24":1,"25":1},"b":{}}
,"/Users/rodrigo.alcorta/Documents/personal/projects/afip.ts/packages/core/src/application/services/generic.service.ts": {"path":"/Users/rodrigo.alcorta/Documents/personal/projects/afip.ts/packages/core/src/application/services/generic.service.ts","statementMap":{"0":{"start":{"line":5,"column":31},"end":{"line":5,"column":65}},"1":{"start":{"line":20,"column":4},"end":{"line":20,"column":74}},"2":{"start":{"line":4,"column":0},"end":{"line":4,"column":13}}},"fnMap":{"0":{"name":"(anonymous_7)","decl":{"start":{"line":5,"column":2},"end":{"line":5,"column":31}},"loc":{"start":{"line":5,"column":65},"end":{"line":5,"column":69}}},"1":{"name":"(anonymous_8)","decl":{"start":{"line":14,"column":8},"end":{"line":14,"column":12}},"loc":{"start":{"line":18,"column":38},"end":{"line":21,"column":null}}}},"branchMap":{},"s":{"0":18,"1":3,"2":2},"f":{"0":18,"1":3},"b":{}}
,"/Users/rodrigo.alcorta/Documents/personal/projects/afip.ts/packages/core/src/application/services/register-inscription-proof.service.ts": {"path":"/Users/rodrigo.alcorta/Documents/personal/projects/afip.ts/packages/core/src/application/services/register-inscription-proof.service.ts","statementMap":{"0":{"start":{"line":7,"column":0},"end":{"line":7,"column":117}},"1":{"start":{"line":8,"column":0},"end":{"line":8,"column":106}},"2":{"start":{"line":9,"column":0},"end":{"line":9,"column":108}},"3":{"start":{"line":17,"column":21},"end":{"line":17,"column":72}},"4":{"start":{"line":19,"column":4},"end":{"line":21,"column":6}},"5":{"start":{"line":22,"column":4},"end":{"line":24,"column":6}},"6":{"start":{"line":25,"column":4},"end":{"line":27,"column":6}},"7":{"start":{"line":34,"column":4},"end":{"line":34,"column":57}},"8":{"start":{"line":43,"column":4},"end":{"line":43,"column":62}},"9":{"start":{"line":52,"column":4},"end":{"line":52,"column":64}},"10":{"start":{"line":11,"column":0},"end":{"line":11,"column":13}}},"fnMap":{"0":{"name":"(anonymous_7)","decl":{"start":{"line":16,"column":2},"end":{"line":16,"column":null}},"loc":{"start":{"line":17,"column":72},"end":{"line":28,"column":3}}},"1":{"name":"(anonymous_8)","decl":{"start":{"line":33,"column":8},"end":{"line":33,"column":23}},"loc":{"start":{"line":33,"column":23},"end":{"line":35,"column":null}}},"2":{"name":"(anonymous_10)","decl":{"start":{"line":40,"column":8},"end":{"line":40,"column":26}},"loc":{"start":{"line":41,"column":22},"end":{"line":44,"column":null}}},"3":{"name":"(anonymous_12)","decl":{"start":{"line":49,"column":8},"end":{"line":49,"column":27}},"loc":{"start":{"line":50,"column":25},"end":{"line":53,"column":null}}}},"branchMap":{},"s":{"0":2,"1":2,"2":2,"3":3,"4":3,"5":3,"6":3,"7":1,"8":1,"9":1,"10":2},"f":{"0":3,"1":1,"2":1,"3":1},"b":{}}
,"/Users/rodrigo.alcorta/Documents/personal/projects/afip.ts/packages/core/src/application/services/register-scope-five.service.ts": {"path":"/Users/rodrigo.alcorta/Documents/personal/projects/afip.ts/packages/core/src/application/services/register-scope-five.service.ts","statementMap":{"0":{"start":{"line":7,"column":0},"end":{"line":7,"column":117}},"1":{"start":{"line":8,"column":0},"end":{"line":8,"column":106}},"2":{"start":{"line":9,"column":0},"end":{"line":9,"column":108}},"3":{"start":{"line":16,"column":31},"end":{"line":16,"column":75}},"4":{"start":{"line":17,"column":4},"end":{"line":19,"column":6}},"5":{"start":{"line":20,"column":4},"end":{"line":22,"column":6}},"6":{"start":{"line":23,"column":4},"end":{"line":25,"column":6}},"7":{"start":{"line":32,"column":4},"end":{"line":32,"column":57}},"8":{"start":{"line":41,"column":4},"end":{"line":41,"column":62}},"9":{"start":{"line":50,"column":4},"end":{"line":50,"column":64}},"10":{"start":{"line":11,"column":0},"end":{"line":11,"column":13}}},"fnMap":{"0":{"name":"(anonymous_7)","decl":{"start":{"line":16,"column":2},"end":{"line":16,"column":31}},"loc":{"start":{"line":16,"column":75},"end":{"line":26,"column":3}}},"1":{"name":"(anonymous_8)","decl":{"start":{"line":31,"column":8},"end":{"line":31,"column":23}},"loc":{"start":{"line":31,"column":23},"end":{"line":33,"column":null}}},"2":{"name":"(anonymous_10)","decl":{"start":{"line":38,"column":8},"end":{"line":38,"column":26}},"loc":{"start":{"line":39,"column":22},"end":{"line":42,"column":null}}},"3":{"name":"(anonymous_12)","decl":{"start":{"line":47,"column":8},"end":{"line":47,"column":27}},"loc":{"start":{"line":48,"column":25},"end":{"line":51,"column":null}}}},"branchMap":{},"s":{"0":2,"1":2,"2":2,"3":3,"4":3,"5":3,"6":3,"7":1,"8":1,"9":1,"10":2},"f":{"0":3,"1":1,"2":1,"3":1},"b":{}}
,"/Users/rodrigo.alcorta/Documents/personal/projects/afip.ts/packages/core/src/application/services/register-scope-four.service.ts": {"path":"/Users/rodrigo.alcorta/Documents/personal/projects/afip.ts/packages/core/src/application/services/register-scope-four.service.ts","statementMap":{"0":{"start":{"line":6,"column":0},"end":{"line":6,"column":117}},"1":{"start":{"line":7,"column":0},"end":{"line":7,"column":106}},"2":{"start":{"line":13,"column":31},"end":{"line":13,"column":75}},"3":{"start":{"line":14,"column":4},"end":{"line":16,"column":6}},"4":{"start":{"line":17,"column":4},"end":{"line":19,"column":6}},"5":{"start":{"line":30,"column":4},"end":{"line":30,"column":57}},"6":{"start":{"line":42,"column":4},"end":{"line":42,"column":62}},"7":{"start":{"line":9,"column":0},"end":{"line":9,"column":13}}},"fnMap":{"0":{"name":"(anonymous_7)","decl":{"start":{"line":13,"column":2},"end":{"line":13,"column":31}},"loc":{"start":{"line":13,"column":75},"end":{"line":20,"column":3}}},"1":{"name":"(anonymous_8)","decl":{"start":{"line":29,"column":8},"end":{"line":29,"column":23}},"loc":{"start":{"line":29,"column":23},"end":{"line":31,"column":null}}},"2":{"name":"(anonymous_10)","decl":{"start":{"line":39,"column":8},"end":{"line":39,"column":26}},"loc":{"start":{"line":40,"column":22},"end":{"line":43,"column":null}}}},"branchMap":{},"s":{"0":2,"1":2,"2":2,"3":2,"4":2,"5":1,"6":1,"7":2},"f":{"0":2,"1":1,"2":1},"b":{}}
,"/Users/rodrigo.alcorta/Documents/personal/projects/afip.ts/packages/core/src/application/services/register-scope-ten.service.ts": {"path":"/Users/rodrigo.alcorta/Documents/personal/projects/afip.ts/packages/core/src/application/services/register-scope-ten.service.ts","statementMap":{"0":{"start":{"line":6,"column":0},"end":{"line":6,"column":117}},"1":{"start":{"line":7,"column":0},"end":{"line":7,"column":106}},"2":{"start":{"line":13,"column":31},"end":{"line":13,"column":74}},"3":{"start":{"line":14,"column":4},"end":{"line":16,"column":6}},"4":{"start":{"line":17,"column":4},"end":{"line":19,"column":6}},"5":{"start":{"line":26,"column":4},"end":{"line":26,"column":57}},"6":{"start":{"line":35,"column":4},"end":{"line":35,"column":62}},"7":{"start":{"line":9,"column":0},"end":{"line":9,"column":13}}},"fnMap":{"0":{"name":"(anonymous_7)","decl":{"start":{"line":13,"column":2},"end":{"line":13,"column":31}},"loc":{"start":{"line":13,"column":74},"end":{"line":20,"column":3}}},"1":{"name":"(anonymous_8)","decl":{"start":{"line":25,"column":8},"end":{"line":25,"column":23}},"loc":{"start":{"line":25,"column":23},"end":{"line":27,"column":null}}},"2":{"name":"(anonymous_10)","decl":{"start":{"line":32,"column":8},"end":{"line":32,"column":26}},"loc":{"start":{"line":33,"column":22},"end":{"line":36,"column":null}}}},"branchMap":{},"s":{"0":2,"1":2,"2":2,"3":2,"4":2,"5":1,"6":1,"7":2},"f":{"0":2,"1":1,"2":1},"b":{}}
,"/Users/rodrigo.alcorta/Documents/personal/projects/afip.ts/packages/core/src/application/services/register-scope-thirteen.service.ts": {"path":"/Users/rodrigo.alcorta/Documents/personal/projects/afip.ts/packages/core/src/application/services/register-scope-thirteen.service.ts","statementMap":{"0":{"start":{"line":7,"column":0},"end":{"line":7,"column":117}},"1":{"start":{"line":8,"column":0},"end":{"line":8,"column":106}},"2":{"start":{"line":9,"column":0},"end":{"line":9,"column":108}},"3":{"start":{"line":17,"column":21},"end":{"line":17,"column":69}},"4":{"start":{"line":19,"column":4},"end":{"line":21,"column":6}},"5":{"start":{"line":22,"column":4},"end":{"line":24,"column":6}},"6":{"start":{"line":25,"column":4},"end":{"line":27,"column":6}},"7":{"start":{"line":34,"column":4},"end":{"line":34,"column":57}},"8":{"start":{"line":43,"column":4},"end":{"line":43,"column":62}},"9":{"start":{"line":52,"column":4},"end":{"line":52,"column":66}},"10":{"start":{"line":11,"column":0},"end":{"line":11,"column":13}}},"fnMap":{"0":{"name":"(anonymous_7)","decl":{"start":{"line":16,"column":2},"end":{"line":16,"column":null}},"loc":{"start":{"line":17,"column":69},"end":{"line":28,"column":3}}},"1":{"name":"(anonymous_8)","decl":{"start":{"line":33,"column":8},"end":{"line":33,"column":23}},"loc":{"start":{"line":33,"column":23},"end":{"line":35,"column":null}}},"2":{"name":"(anonymous_10)","decl":{"start":{"line":40,"column":8},"end":{"line":40,"column":26}},"loc":{"start":{"line":41,"column":22},"end":{"line":44,"column":null}}},"3":{"name":"(anonymous_12)","decl":{"start":{"line":49,"column":8},"end":{"line":49,"column":26}},"loc":{"start":{"line":50,"column":26},"end":{"line":53,"column":null}}}},"branchMap":{},"s":{"0":2,"1":2,"2":2,"3":3,"4":3,"5":3,"6":3,"7":1,"8":1,"9":1,"10":2},"f":{"0":3,"1":1,"2":1,"3":1},"b":{}}
,"/Users/rodrigo.alcorta/Documents/personal/projects/afip.ts/packages/core/src/application/use-cases/authentication/get-auth-params.use-case.ts": {"path":"/Users/rodrigo.alcorta/Documents/personal/projects/afip.ts/packages/core/src/application/use-cases/authentication/get-auth-params.use-case.ts","statementMap":{"0":{"start":{"line":6,"column":21},"end":{"line":6,"column":76}},"1":{"start":{"line":15,"column":4},"end":{"line":18,"column":6}},"2":{"start":{"line":4,"column":0},"end":{"line":4,"column":13}}},"fnMap":{"0":{"name":"(anonymous_7)","decl":{"start":{"line":5,"column":2},"end":{"line":5,"column":null}},"loc":{"start":{"line":6,"column":76},"end":{"line":7,"column":6}}},"1":{"name":"(anonymous_8)","decl":{"start":{"line":14,"column":8},"end":{"line":14,"column":15}},"loc":{"start":{"line":14,"column":41},"end":{"line":19,"column":null}}}},"branchMap":{},"s":{"0":2,"1":2,"2":1},"f":{"0":2,"1":2},"b":{}}
,"/Users/rodrigo.alcorta/Documents/personal/projects/afip.ts/packages/core/src/application/use-cases/authentication/login.use-case.ts": {"path":"/Users/rodrigo.alcorta/Documents/personal/projects/afip.ts/packages/core/src/application/use-cases/authentication/login.use-case.ts","statementMap":{"0":{"start":{"line":6,"column":21},"end":{"line":6,"column":76}},"1":{"start":{"line":15,"column":4},"end":{"line":15,"column":60}},"2":{"start":{"line":4,"column":0},"end":{"line":4,"column":13}}},"fnMap":{"0":{"name":"(anonymous_7)","decl":{"start":{"line":5,"column":2},"end":{"line":5,"column":null}},"loc":{"start":{"line":6,"column":76},"end":{"line":7,"column":6}}},"1":{"name":"(anonymous_8)","decl":{"start":{"line":14,"column":8},"end":{"line":14,"column":15}},"loc":{"start":{"line":14,"column":35},"end":{"line":16,"column":null}}}},"branchMap":{},"s":{"0":2,"1":2,"2":1},"f":{"0":2,"1":2},"b":{}}
,"/Users/rodrigo.alcorta/Documents/personal/projects/afip.ts/packages/core/src/application/use-cases/authentication/request-login.use-case.ts": {"path":"/Users/rodrigo.alcorta/Documents/personal/projects/afip.ts/packages/core/src/application/use-cases/authentication/request-login.use-case.ts","statementMap":{"0":{"start":{"line":6,"column":21},"end":{"line":6,"column":76}},"1":{"start":{"line":15,"column":4},"end":{"line":15,"column":67}},"2":{"start":{"line":4,"column":0},"end":{"line":4,"column":13}}},"fnMap":{"0":{"name":"(anonymous_7)","decl":{"start":{"line":5,"column":2},"end":{"line":5,"column":null}},"loc":{"start":{"line":6,"column":76},"end":{"line":7,"column":6}}},"1":{"name":"(anonymous_8)","decl":{"start":{"line":14,"column":8},"end":{"line":14,"column":15}},"loc":{"start":{"line":14,"column":35},"end":{"line":16,"column":null}}}},"branchMap":{},"s":{"0":2,"1":2,"2":1},"f":{"0":2,"1":2},"b":{}}
,"/Users/rodrigo.alcorta/Documents/personal/projects/afip.ts/packages/core/src/application/use-cases/electronic-billing/consult-caea-no-movement.use-case.ts": {"path":"/Users/rodrigo.alcorta/Documents/personal/projects/afip.ts/packages/core/src/application/use-cases/electronic-billing/consult-caea-no-movement.use-case.ts","statementMap":{"0":{"start":{"line":10,"column":21},"end":{"line":10,"column":82}},"1":{"start":{"line":23,"column":4},"end":{"line":26,"column":6}},"2":{"start":{"line":8,"column":0},"end":{"line":8,"column":13}}},"fnMap":{"0":{"name":"(anonymous_7)","decl":{"start":{"line":9,"column":2},"end":{"line":9,"column":null}},"loc":{"start":{"line":10,"column":82},"end":{"line":11,"column":6}}},"1":{"name":"(anonymous_8)","decl":{"start":{"line":19,"column":8},"end":{"line":19,"column":15}},"loc":{"start":{"line":21,"column":22},"end":{"line":27,"column":null}}}},"branchMap":{},"s":{"0":27,"1":3,"2":3},"f":{"0":27,"1":3},"b":{}}
,"/Users/rodrigo.alcorta/Documents/personal/projects/afip.ts/packages/core/src/application/use-cases/electronic-billing/consult-caea.use-case.ts": {"path":"/Users/rodrigo.alcorta/Documents/personal/projects/afip.ts/packages/core/src/application/use-cases/electronic-billing/consult-caea.use-case.ts","statementMap":{"0":{"start":{"line":10,"column":21},"end":{"line":10,"column":82}},"1":{"start":{"line":20,"column":4},"end":{"line":20,"column":71}},"2":{"start":{"line":8,"column":0},"end":{"line":8,"column":13}}},"fnMap":{"0":{"name":"(anonymous_7)","decl":{"start":{"line":9,"column":2},"end":{"line":9,"column":null}},"loc":{"start":{"line":10,"column":82},"end":{"line":11,"column":6}}},"1":{"name":"(anonymous_8)","decl":{"start":{"line":19,"column":8},"end":{"line":19,"column":15}},"loc":{"start":{"line":19,"column":45},"end":{"line":21,"column":null}}}},"branchMap":{},"s":{"0":27,"1":3,"2":3},"f":{"0":27,"1":3},"b":{}}
,"/Users/rodrigo.alcorta/Documents/personal/projects/afip.ts/packages/core/src/application/use-cases/electronic-billing/create-next-voucher.use-case.ts": {"path":"/Users/rodrigo.alcorta/Documents/personal/projects/afip.ts/packages/core/src/application/use-cases/electronic-billing/create-next-voucher.use-case.ts","statementMap":{"0":{"start":{"line":6,"column":0},"end":{"line":6,"column":58}},"1":{"start":{"line":12,"column":21},"end":{"line":12,"column":82}},"2":{"start":{"line":21,"column":24},"end":{"line":23,"column":null}},"3":{"start":{"line":26,"column":30},"end":{"line":26,"column":54}},"4":{"start":{"line":27,"column":30},"end":{"line":27,"column":51}},"5":{"start":{"line":29,"column":21},"end":{"line":32,"column":null}},"6":{"start":{"line":35,"column":20},"end":{"line":35,"column":54}},"7":{"start":{"line":37,"column":4},"end":{"line":37,"column":67}},"8":{"start":{"line":10,"column":0},"end":{"line":10,"column":13}}},"fnMap":{"0":{"name":"(anonymous_7)","decl":{"start":{"line":11,"column":2},"end":{"line":11,"column":null}},"loc":{"start":{"line":12,"column":82},"end":{"line":13,"column":6}}},"1":{"name":"(anonymous_8)","decl":{"start":{"line":20,"column":8},"end":{"line":20,"column":15}},"loc":{"start":{"line":20,"column":45},"end":{"line":38,"column":null}}}},"branchMap":{"0":{"loc":{"start":{"line":26,"column":30},"end":{"line":26,"column":54}},"type":"binary-expr","locations":[{"start":{"line":26,"column":30},"end":{"line":26,"column":49}},{"start":{"line":26,"column":53},"end":{"line":26,"column":54}}]}},"s":{"0":3,"1":27,"2":4,"3":4,"4":4,"5":4,"6":4,"7":4,"8":3},"f":{"0":27,"1":4},"b":{"0":[4,1]}}
,"/Users/rodrigo.alcorta/Documents/personal/projects/afip.ts/packages/core/src/application/use-cases/electronic-billing/create-voucher.use-case.ts": {"path":"/Users/rodrigo.alcorta/Documents/personal/projects/afip.ts/packages/core/src/application/use-cases/electronic-billing/create-voucher.use-case.ts","statementMap":{"0":{"start":{"line":6,"column":0},"end":{"line":6,"column":58}},"1":{"start":{"line":12,"column":21},"end":{"line":12,"column":82}},"2":{"start":{"line":21,"column":20},"end":{"line":21,"column":47}},"3":{"start":{"line":22,"column":4},"end":{"line":22,"column":67}},"4":{"start":{"line":10,"column":0},"end":{"line":10,"column":13}}},"fnMap":{"0":{"name":"(anonymous_7)","decl":{"start":{"line":11,"column":2},"end":{"line":11,"column":null}},"loc":{"start":{"line":12,"column":82},"end":{"line":13,"column":6}}},"1":{"name":"(anonymous_8)","decl":{"start":{"line":20,"column":8},"end":{"line":20,"column":15}},"loc":{"start":{"line":20,"column":37},"end":{"line":23,"column":null}}}},"branchMap":{},"s":{"0":3,"1":28,"2":5,"3":4,"4":3},"f":{"0":28,"1":5},"b":{}}
,"/Users/rodrigo.alcorta/Documents/personal/projects/afip.ts/packages/core/src/application/use-cases/electronic-billing/get-activities.use-case.ts": {"path":"/Users/rodrigo.alcorta/Documents/personal/projects/afip.ts/packages/core/src/application/use-cases/electronic-billing/get-activities.use-case.ts","statementMap":{"0":{"start":{"line":10,"column":21},"end":{"line":10,"column":82}},"1":{"start":{"line":18,"column":4},"end":{"line":18,"column":60}},"2":{"start":{"line":8,"column":0},"end":{"line":8,"column":13}}},"fnMap":{"0":{"name":"(anonymous_7)","decl":{"start":{"line":9,"column":2},"end":{"line":9,"column":null}},"loc":{"start":{"line":10,"column":82},"end":{"line":11,"column":6}}},"1":{"name":"(anonymous_8)","decl":{"start":{"line":17,"column":8},"end":{"line":17,"column":15}},"loc":{"start":{"line":17,"column":15},"end":{"line":19,"column":null}}}},"branchMap":{},"s":{"0":27,"1":3,"2":3},"f":{"0":27,"1":3},"b":{}}
,"/Users/rodrigo.alcorta/Documents/personal/projects/afip.ts/packages/core/src/application/use-cases/electronic-billing/get-aliquot-types.use-case.ts": {"path":"/Users/rodrigo.alcorta/Documents/personal/projects/afip.ts/packages/core/src/application/use-cases/electronic-billing/get-aliquot-types.use-case.ts","statementMap":{"0":{"start":{"line":10,"column":21},"end":{"line":10,"column":82}},"1":{"start":{"line":18,"column":4},"end":{"line":18,"column":62}},"2":{"start":{"line":8,"column":0},"end":{"line":8,"column":13}}},"fnMap":{"0":{"name":"(anonymous_7)","decl":{"start":{"line":9,"column":2},"end":{"line":9,"column":null}},"loc":{"start":{"line":10,"column":82},"end":{"line":11,"column":6}}},"1":{"name":"(anonymous_8)","decl":{"start":{"line":17,"column":8},"end":{"line":17,"column":15}},"loc":{"start":{"line":17,"column":15},"end":{"line":19,"column":null}}}},"branchMap":{},"s":{"0":27,"1":3,"2":3},"f":{"0":27,"1":3},"b":{}}
,"/Users/rodrigo.alcorta/Documents/personal/projects/afip.ts/packages/core/src/application/use-cases/electronic-billing/get-caea.use-case.ts": {"path":"/Users/rodrigo.alcorta/Documents/personal/projects/afip.ts/packages/core/src/application/use-cases/electronic-billing/get-caea.use-case.ts","statementMap":{"0":{"start":{"line":10,"column":21},"end":{"line":10,"column":82}},"1":{"start":{"line":20,"column":4},"end":{"line":20,"column":67}},"2":{"start":{"line":8,"column":0},"end":{"line":8,"column":13}}},"fnMap":{"0":{"name":"(anonymous_7)","decl":{"start":{"line":9,"column":2},"end":{"line":9,"column":null}},"loc":{"start":{"line":10,"column":82},"end":{"line":11,"column":6}}},"1":{"name":"(anonymous_8)","decl":{"start":{"line":19,"column":8},"end":{"line":19,"column":15}},"loc":{"start":{"line":19,"column":45},"end":{"line":21,"column":null}}}},"branchMap":{},"s":{"0":27,"1":3,"2":3},"f":{"0":27,"1":3},"b":{}}
,"/Users/rodrigo.alcorta/Documents/personal/projects/afip.ts/packages/core/src/application/use-cases/electronic-billing/get-concept-types.use-case.ts": {"path":"/Users/rodrigo.alcorta/Documents/personal/projects/afip.ts/packages/core/src/application/use-cases/electronic-billing/get-concept-types.use-case.ts","statementMap":{"0":{"start":{"line":10,"column":21},"end":{"line":10,"column":82}},"1":{"start":{"line":18,"column":4},"end":{"line":18,"column":62}},"2":{"start":{"line":8,"column":0},"end":{"line":8,"column":13}}},"fnMap":{"0":{"name":"(anonymous_7)","decl":{"start":{"line":9,"column":2},"end":{"line":9,"column":null}},"loc":{"start":{"line":10,"column":82},"end":{"line":11,"column":6}}},"1":{"name":"(anonymous_8)","decl":{"start":{"line":17,"column":8},"end":{"line":17,"column":15}},"loc":{"start":{"line":17,"column":15},"end":{"line":19,"column":null}}}},"branchMap":{},"s":{"0":27,"1":3,"2":3},"f":{"0":27,"1":3},"b":{}}
,"/Users/rodrigo.alcorta/Documents/personal/projects/afip.ts/packages/core/src/application/use-cases/electronic-billing/get-countries.use-case.ts": {"path":"/Users/rodrigo.alcorta/Documents/personal/projects/afip.ts/packages/core/src/application/use-cases/electronic-billing/get-countries.use-case.ts","statementMap":{"0":{"start":{"line":10,"column":21},"end":{"line":10,"column":82}},"1":{"start":{"line":18,"column":4},"end":{"line":18,"column":59}},"2":{"start":{"line":8,"column":0},"end":{"line":8,"column":13}}},"fnMap":{"0":{"name":"(anonymous_7)","decl":{"start":{"line":9,"column":2},"end":{"line":9,"column":null}},"loc":{"start":{"line":10,"column":82},"end":{"line":11,"column":6}}},"1":{"name":"(anonymous_8)","decl":{"start":{"line":17,"column":8},"end":{"line":17,"column":15}},"loc":{"start":{"line":17,"column":15},"end":{"line":19,"column":null}}}},"branchMap":{},"s":{"0":27,"1":3,"2":3},"f":{"0":27,"1":3},"b":{}}
,"/Users/rodrigo.alcorta/Documents/personal/projects/afip.ts/packages/core/src/application/use-cases/electronic-billing/get-currency-types.use-case.ts": {"path":"/Users/rodrigo.alcorta/Documents/personal/projects/afip.ts/packages/core/src/application/use-cases/electronic-billing/get-currency-types.use-case.ts","statementMap":{"0":{"start":{"line":10,"column":21},"end":{"line":10,"column":82}},"1":{"start":{"line":18,"column":4},"end":{"line":18,"column":63}},"2":{"start":{"line":8,"column":0},"end":{"line":8,"column":13}}},"fnMap":{"0":{"name":"(anonymous_7)","decl":{"start":{"line":9,"column":2},"end":{"line":9,"column":null}},"loc":{"start":{"line":10,"column":82},"end":{"line":11,"column":6}}},"1":{"name":"(anonymous_8)","decl":{"start":{"line":17,"column":8},"end":{"line":17,"column":15}},"loc":{"start":{"line":17,"column":15},"end":{"line":19,"column":null}}}},"branchMap":{},"s":{"0":27,"1":3,"2":3},"f":{"0":27,"1":3},"b":{}}
,"/Users/rodrigo.alcorta/Documents/personal/projects/afip.ts/packages/core/src/application/use-cases/electronic-billing/get-document-types.use-case.ts": {"path":"/Users/rodrigo.alcorta/Documents/personal/projects/afip.ts/packages/core/src/application/use-cases/electronic-billing/get-document-types.use-case.ts","statementMap":{"0":{"start":{"line":10,"column":21},"end":{"line":10,"column":82}},"1":{"start":{"line":18,"column":4},"end":{"line":18,"column":63}},"2":{"start":{"line":8,"column":0},"end":{"line":8,"column":13}}},"fnMap":{"0":{"name":"(anonymous_7)","decl":{"start":{"line":9,"column":2},"end":{"line":9,"column":null}},"loc":{"start":{"line":10,"column":82},"end":{"line":11,"column":6}}},"1":{"name":"(anonymous_8)","decl":{"start":{"line":17,"column":8},"end":{"line":17,"column":15}},"loc":{"start":{"line":17,"column":15},"end":{"line":19,"column":null}}}},"branchMap":{},"s":{"0":27,"1":3,"2":3},"f":{"0":27,"1":3},"b":{}}
,"/Users/rodrigo.alcorta/Documents/personal/projects/afip.ts/packages/core/src/application/use-cases/electronic-billing/get-iva-receptor-types.use-case.ts": {"path":"/Users/rodrigo.alcorta/Documents/personal/projects/afip.ts/packages/core/src/application/use-cases/electronic-billing/get-iva-receptor-types.use-case.ts","statementMap":{"0":{"start":{"line":10,"column":21},"end":{"line":10,"column":82}},"1":{"start":{"line":19,"column":4},"end":{"line":19,"column":74}},"2":{"start":{"line":8,"column":0},"end":{"line":8,"column":13}}},"fnMap":{"0":{"name":"(anonymous_7)","decl":{"start":{"line":9,"column":2},"end":{"line":9,"column":null}},"loc":{"start":{"line":10,"column":82},"end":{"line":11,"column":6}}},"1":{"name":"(anonymous_8)","decl":{"start":{"line":18,"column":8},"end":{"line":18,"column":15}},"loc":{"start":{"line":18,"column":33},"end":{"line":20,"column":null}}}},"branchMap":{},"s":{"0":27,"1":3,"2":3},"f":{"0":27,"1":3},"b":{}}
,"/Users/rodrigo.alcorta/Documents/personal/projects/afip.ts/packages/core/src/application/use-cases/electronic-billing/get-last-voucher.use-case.ts": {"path":"/Users/rodrigo.alcorta/Documents/personal/projects/afip.ts/packages/core/src/application/use-cases/electronic-billing/get-last-voucher.use-case.ts","statementMap":{"0":{"start":{"line":11,"column":21},"end":{"line":11,"column":82}},"1":{"start":{"line":20,"column":4},"end":{"line":23,"column":6}},"2":{"start":{"line":9,"column":0},"end":{"line":9,"column":13}}},"fnMap":{"0":{"name":"(anonymous_7)","decl":{"start":{"line":10,"column":2},"end":{"line":10,"column":null}},"loc":{"start":{"line":11,"column":82},"end":{"line":12,"column":6}}},"1":{"name":"(anonymous_8)","decl":{"start":{"line":19,"column":8},"end":{"line":19,"column":15}},"loc":{"start":{"line":19,"column":42},"end":{"line":24,"column":null}}}},"branchMap":{},"s":{"0":27,"1":4,"2":3},"f":{"0":27,"1":4},"b":{}}
,"/Users/rodrigo.alcorta/Documents/personal/projects/afip.ts/packages/core/src/application/use-cases/electronic-billing/get-max-records.use-case.ts": {"path":"/Users/rodrigo.alcorta/Documents/personal/projects/afip.ts/packages/core/src/application/use-cases/electronic-billing/get-max-records.use-case.ts","statementMap":{"0":{"start":{"line":10,"column":21},"end":{"line":10,"column":82}},"1":{"start":{"line":18,"column":4},"end":{"line":18,"column":70}},"2":{"start":{"line":8,"column":0},"end":{"line":8,"column":13}}},"fnMap":{"0":{"name":"(anonymous_7)","decl":{"start":{"line":9,"column":2},"end":{"line":9,"column":null}},"loc":{"start":{"line":10,"column":82},"end":{"line":11,"column":6}}},"1":{"name":"(anonymous_8)","decl":{"start":{"line":17,"column":8},"end":{"line":17,"column":15}},"loc":{"start":{"line":17,"column":15},"end":{"line":19,"column":null}}}},"branchMap":{},"s":{"0":27,"1":3,"2":3},"f":{"0":27,"1":3},"b":{}}
,"/Users/rodrigo.alcorta/Documents/personal/projects/afip.ts/packages/core/src/application/use-cases/electronic-billing/get-optional-types.use-case.ts": {"path":"/Users/rodrigo.alcorta/Documents/personal/projects/afip.ts/packages/core/src/application/use-cases/electronic-billing/get-optional-types.use-case.ts","statementMap":{"0":{"start":{"line":10,"column":21},"end":{"line":10,"column":82}},"1":{"start":{"line":18,"column":4},"end":{"line":18,"column":63}},"2":{"start":{"line":8,"column":0},"end":{"line":8,"column":13}}},"fnMap":{"0":{"name":"(anonymous_7)","decl":{"start":{"line":9,"column":2},"end":{"line":9,"column":null}},"loc":{"start":{"line":10,"column":82},"end":{"line":11,"column":6}}},"1":{"name":"(anonymous_8)","decl":{"start":{"line":17,"column":8},"end":{"line":17,"column":15}},"loc":{"start":{"line":17,"column":15},"end":{"line":19,"column":null}}}},"branchMap":{},"s":{"0":27,"1":3,"2":3},"f":{"0":27,"1":3},"b":{}}
,"/Users/rodrigo.alcorta/Documents/personal/projects/afip.ts/packages/core/src/application/use-cases/electronic-billing/get-parameter-types.use-case.ts": {"path":"/Users/rodrigo.alcorta/Documents/personal/projects/afip.ts/packages/core/src/application/use-cases/electronic-billing/get-parameter-types.use-case.ts","statementMap":{"0":{"start":{"line":17,"column":21},"end":{"line":17,"column":82}},"1":{"start":{"line":25,"column":4},"end":{"line":25,"column":62}},"2":{"start":{"line":33,"column":4},"end":{"line":33,"column":63}},"3":{"start":{"line":41,"column":4},"end":{"line":41,"column":62}},"4":{"start":{"line":49,"column":4},"end":{"line":49,"column":63}},"5":{"start":{"line":57,"column":4},"end":{"line":57,"column":63}},"6":{"start":{"line":65,"column":4},"end":{"line":65,"column":58}},"7":{"start":{"line":15,"column":0},"end":{"line":15,"column":13}}},"fnMap":{"0":{"name":"(anonymous_7)","decl":{"start":{"line":16,"column":2},"end":{"line":16,"column":null}},"loc":{"start":{"line":17,"column":82},"end":{"line":18,"column":6}}},"1":{"name":"(anonymous_8)","decl":{"start":{"line":24,"column":8},"end":{"line":24,"column":23}},"loc":{"start":{"line":24,"column":23},"end":{"line":26,"column":null}}},"2":{"name":"(anonymous_10)","decl":{"start":{"line":32,"column":8},"end":{"line":32,"column":24}},"loc":{"start":{"line":32,"column":24},"end":{"line":34,"column":null}}},"3":{"name":"(anonymous_12)","decl":{"start":{"line":40,"column":8},"end":{"line":40,"column":23}},"loc":{"start":{"line":40,"column":23},"end":{"line":42,"column":null}}},"4":{"name":"(anonymous_14)","decl":{"start":{"line":48,"column":8},"end":{"line":48,"column":24}},"loc":{"start":{"line":48,"column":24},"end":{"line":50,"column":null}}},"5":{"name":"(anonymous_16)","decl":{"start":{"line":56,"column":8},"end":{"line":56,"column":24}},"loc":{"start":{"line":56,"column":24},"end":{"line":58,"column":null}}},"6":{"name":"(anonymous_18)","decl":{"start":{"line":64,"column":8},"end":{"line":64,"column":19}},"loc":{"start":{"line":64,"column":19},"end":{"line":66,"column":null}}}},"branchMap":{},"s":{"0":12,"1":2,"2":2,"3":2,"4":2,"5":2,"6":2,"7":1},"f":{"0":12,"1":2,"2":2,"3":2,"4":2,"5":2,"6":2},"b":{}}
,"/Users/rodrigo.alcorta/Documents/personal/projects/afip.ts/packages/core/src/application/use-cases/electronic-billing/get-quotation.use-case.ts": {"path":"/Users/rodrigo.alcorta/Documents/personal/projects/afip.ts/packages/core/src/application/use-cases/electronic-billing/get-quotation.use-case.ts","statementMap":{"0":{"start":{"line":10,"column":21},"end":{"line":10,"column":82}},"1":{"start":{"line":19,"column":4},"end":{"line":19,"column":69}},"2":{"start":{"line":8,"column":0},"end":{"line":8,"column":13}}},"fnMap":{"0":{"name":"(anonymous_7)","decl":{"start":{"line":9,"column":2},"end":{"line":9,"column":null}},"loc":{"start":{"line":10,"column":82},"end":{"line":11,"column":6}}},"1":{"name":"(anonymous_8)","decl":{"start":{"line":18,"column":8},"end":{"line":18,"column":15}},"loc":{"start":{"line":18,"column":34},"end":{"line":20,"column":null}}}},"branchMap":{},"s":{"0":27,"1":3,"2":3},"f":{"0":27,"1":3},"b":{}}
,"/Users/rodrigo.alcorta/Documents/personal/projects/afip.ts/packages/core/src/application/use-cases/electronic-billing/get-sales-points.use-case.ts": {"path":"/Users/rodrigo.alcorta/Documents/personal/projects/afip.ts/packages/core/src/application/use-cases/electronic-billing/get-sales-points.use-case.ts","statementMap":{"0":{"start":{"line":10,"column":21},"end":{"line":10,"column":82}},"1":{"start":{"line":18,"column":4},"end":{"line":18,"column":61}},"2":{"start":{"line":8,"column":0},"end":{"line":8,"column":13}}},"fnMap":{"0":{"name":"(anonymous_7)","decl":{"start":{"line":9,"column":2},"end":{"line":9,"column":null}},"loc":{"start":{"line":10,"column":82},"end":{"line":11,"column":6}}},"1":{"name":"(anonymous_8)","decl":{"start":{"line":17,"column":8},"end":{"line":17,"column":15}},"loc":{"start":{"line":17,"column":15},"end":{"line":19,"column":null}}}},"branchMap":{},"s":{"0":27,"1":3,"2":3},"f":{"0":27,"1":3},"b":{}}
,"/Users/rodrigo.alcorta/Documents/personal/projects/afip.ts/packages/core/src/application/use-cases/electronic-billing/get-server-status.use-case.ts": {"path":"/Users/rodrigo.alcorta/Documents/personal/projects/afip.ts/packages/core/src/application/use-cases/electronic-billing/get-server-status.use-case.ts","statementMap":{"0":{"start":{"line":10,"column":21},"end":{"line":10,"column":82}},"1":{"start":{"line":18,"column":4},"end":{"line":18,"column":62}},"2":{"start":{"line":8,"column":0},"end":{"line":8,"column":13}}},"fnMap":{"0":{"name":"(anonymous_7)","decl":{"start":{"line":9,"column":2},"end":{"line":9,"column":null}},"loc":{"start":{"line":10,"column":82},"end":{"line":11,"column":6}}},"1":{"name":"(anonymous_8)","decl":{"start":{"line":17,"column":8},"end":{"line":17,"column":15}},"loc":{"start":{"line":17,"column":15},"end":{"line":19,"column":null}}}},"branchMap":{},"s":{"0":27,"1":3,"2":3},"f":{"0":27,"1":3},"b":{}}
,"/Users/rodrigo.alcorta/Documents/personal/projects/afip.ts/packages/core/src/application/use-cases/electronic-billing/get-tax-types.use-case.ts": {"path":"/Users/rodrigo.alcorta/Documents/personal/projects/afip.ts/packages/core/src/application/use-cases/electronic-billing/get-tax-types.use-case.ts","statementMap":{"0":{"start":{"line":10,"column":21},"end":{"line":10,"column":82}},"1":{"start":{"line":18,"column":4},"end":{"line":18,"column":58}},"2":{"start":{"line":8,"column":0},"end":{"line":8,"column":13}}},"fnMap":{"0":{"name":"(anonymous_7)","decl":{"start":{"line":9,"column":2},"end":{"line":9,"column":null}},"loc":{"start":{"line":10,"column":82},"end":{"line":11,"column":6}}},"1":{"name":"(anonymous_8)","decl":{"start":{"line":17,"column":8},"end":{"line":17,"column":15}},"loc":{"start":{"line":17,"column":15},"end":{"line":19,"column":null}}}},"branchMap":{},"s":{"0":27,"1":3,"2":3},"f":{"0":27,"1":3},"b":{}}
,"/Users/rodrigo.alcorta/Documents/personal/projects/afip.ts/packages/core/src/application/use-cases/electronic-billing/get-voucher-info.use-case.ts": {"path":"/Users/rodrigo.alcorta/Documents/personal/projects/afip.ts/packages/core/src/application/use-cases/electronic-billing/get-voucher-info.use-case.ts","statementMap":{"0":{"start":{"line":11,"column":21},"end":{"line":11,"column":82}},"1":{"start":{"line":22,"column":4},"end":{"line":26,"column":6}},"2":{"start":{"line":9,"column":0},"end":{"line":9,"column":13}}},"fnMap":{"0":{"name":"(anonymous_7)","decl":{"start":{"line":10,"column":2},"end":{"line":10,"column":null}},"loc":{"start":{"line":11,"column":82},"end":{"line":12,"column":6}}},"1":{"name":"(anonymous_8)","decl":{"start":{"line":19,"column":8},"end":{"line":19,"column":15}},"loc":{"start":{"line":20,"column":30},"end":{"line":27,"column":null}}}},"branchMap":{},"s":{"0":27,"1":3,"2":3},"f":{"0":27,"1":3},"b":{}}
,"/Users/rodrigo.alcorta/Documents/personal/projects/afip.ts/packages/core/src/application/use-cases/electronic-billing/get-voucher-types.use-case.ts": {"path":"/Users/rodrigo.alcorta/Documents/personal/projects/afip.ts/packages/core/src/application/use-cases/electronic-billing/get-voucher-types.use-case.ts","statementMap":{"0":{"start":{"line":10,"column":21},"end":{"line":10,"column":82}},"1":{"start":{"line":18,"column":4},"end":{"line":18,"column":62}},"2":{"start":{"line":8,"column":0},"end":{"line":8,"column":13}}},"fnMap":{"0":{"name":"(anonymous_7)","decl":{"start":{"line":9,"column":2},"end":{"line":9,"column":null}},"loc":{"start":{"line":10,"column":82},"end":{"line":11,"column":6}}},"1":{"name":"(anonymous_8)","decl":{"start":{"line":17,"column":8},"end":{"line":17,"column":15}},"loc":{"start":{"line":17,"column":15},"end":{"line":19,"column":null}}}},"branchMap":{},"s":{"0":27,"1":3,"2":3},"f":{"0":27,"1":3},"b":{}}
,"/Users/rodrigo.alcorta/Documents/personal/projects/afip.ts/packages/core/src/application/use-cases/electronic-billing/inform-caea-no-movement.use-case.ts": {"path":"/Users/rodrigo.alcorta/Documents/personal/projects/afip.ts/packages/core/src/application/use-cases/electronic-billing/inform-caea-no-movement.use-case.ts","statementMap":{"0":{"start":{"line":10,"column":21},"end":{"line":10,"column":82}},"1":{"start":{"line":23,"column":4},"end":{"line":26,"column":6}},"2":{"start":{"line":8,"column":0},"end":{"line":8,"column":13}}},"fnMap":{"0":{"name":"(anonymous_7)","decl":{"start":{"line":9,"column":2},"end":{"line":9,"column":null}},"loc":{"start":{"line":10,"column":82},"end":{"line":11,"column":6}}},"1":{"name":"(anonymous_8)","decl":{"start":{"line":19,"column":8},"end":{"line":19,"column":15}},"loc":{"start":{"line":21,"column":22},"end":{"line":27,"column":null}}}},"branchMap":{},"s":{"0":27,"1":3,"2":3},"f":{"0":27,"1":3},"b":{}}
,"/Users/rodrigo.alcorta/Documents/personal/projects/afip.ts/packages/core/src/application/use-cases/electronic-billing/inform-caea-usage.use-case.ts": {"path":"/Users/rodrigo.alcorta/Documents/personal/projects/afip.ts/packages/core/src/application/use-cases/electronic-billing/inform-caea-usage.use-case.ts","statementMap":{"0":{"start":{"line":1,"column":0},"end":{"line":1,"column":58}},"1":{"start":{"line":8,"column":21},"end":{"line":8,"column":82}},"2":{"start":{"line":21,"column":20},"end":{"line":21,"column":47}},"3":{"start":{"line":22,"column":4},"end":{"line":22,"column":75}},"4":{"start":{"line":6,"column":0},"end":{"line":6,"column":13}}},"fnMap":{"0":{"name":"(anonymous_7)","decl":{"start":{"line":7,"column":2},"end":{"line":7,"column":null}},"loc":{"start":{"line":8,"column":82},"end":{"line":9,"column":6}}},"1":{"name":"(anonymous_8)","decl":{"start":{"line":17,"column":8},"end":{"line":17,"column":15}},"loc":{"start":{"line":19,"column":16},"end":{"line":23,"column":null}}}},"branchMap":{},"s":{"0":3,"1":27,"2":3,"3":3,"4":3},"f":{"0":27,"1":3},"b":{}}
,"/Users/rodrigo.alcorta/Documents/personal/projects/afip.ts/packages/core/src/application/use-cases/register/get-register-server-status.use-case.ts": {"path":"/Users/rodrigo.alcorta/Documents/personal/projects/afip.ts/packages/core/src/application/use-cases/register/get-register-server-status.use-case.ts","statementMap":{"0":{"start":{"line":5,"column":31},"end":{"line":5,"column":70}},"1":{"start":{"line":12,"column":4},"end":{"line":12,"column":45}},"2":{"start":{"line":4,"column":0},"end":{"line":4,"column":13}}},"fnMap":{"0":{"name":"(anonymous_7)","decl":{"start":{"line":5,"column":2},"end":{"line":5,"column":31}},"loc":{"start":{"line":5,"column":70},"end":{"line":5,"column":74}}},"1":{"name":"(anonymous_8)","decl":{"start":{"line":11,"column":8},"end":{"line":11,"column":15}},"loc":{"start":{"line":11,"column":15},"end":{"line":13,"column":null}}}},"branchMap":{},"s":{"0":15,"1":7,"2":11},"f":{"0":15,"1":7},"b":{}}
,"/Users/rodrigo.alcorta/Documents/personal/projects/afip.ts/packages/core/src/application/use-cases/register/get-tax-id-by-document.use-case.ts": {"path":"/Users/rodrigo.alcorta/Documents/personal/projects/afip.ts/packages/core/src/application/use-cases/register/get-tax-id-by-document.use-case.ts","statementMap":{"0":{"start":{"line":6,"column":21},"end":{"line":6,"column":69}},"1":{"start":{"line":15,"column":4},"end":{"line":15,"column":62}},"2":{"start":{"line":4,"column":0},"end":{"line":4,"column":13}}},"fnMap":{"0":{"name":"(anonymous_7)","decl":{"start":{"line":5,"column":2},"end":{"line":5,"column":null}},"loc":{"start":{"line":6,"column":69},"end":{"line":7,"column":6}}},"1":{"name":"(anonymous_8)","decl":{"start":{"line":14,"column":8},"end":{"line":14,"column":15}},"loc":{"start":{"line":14,"column":38},"end":{"line":16,"column":null}}}},"branchMap":{},"s":{"0":6,"1":4,"2":3},"f":{"0":6,"1":4},"b":{}}
,"/Users/rodrigo.alcorta/Documents/personal/projects/afip.ts/packages/core/src/application/use-cases/register/get-taxpayer-details.use-case.ts": {"path":"/Users/rodrigo.alcorta/Documents/personal/projects/afip.ts/packages/core/src/application/use-cases/register/get-taxpayer-details.use-case.ts","statementMap":{"0":{"start":{"line":5,"column":31},"end":{"line":5,"column":70}},"1":{"start":{"line":13,"column":4},"end":{"line":13,"column":58}},"2":{"start":{"line":4,"column":0},"end":{"line":4,"column":13}}},"fnMap":{"0":{"name":"(anonymous_7)","decl":{"start":{"line":5,"column":2},"end":{"line":5,"column":31}},"loc":{"start":{"line":5,"column":70},"end":{"line":5,"column":74}}},"1":{"name":"(anonymous_8)","decl":{"start":{"line":12,"column":8},"end":{"line":12,"column":15}},"loc":{"start":{"line":12,"column":34},"end":{"line":14,"column":null}}}},"branchMap":{},"s":{"0":16,"1":8,"2":11},"f":{"0":16,"1":8},"b":{}}
,"/Users/rodrigo.alcorta/Documents/personal/projects/afip.ts/packages/core/src/application/use-cases/register/get-taxpayers-details.use-case.ts": {"path":"/Users/rodrigo.alcorta/Documents/personal/projects/afip.ts/packages/core/src/application/use-cases/register/get-taxpayers-details.use-case.ts","statementMap":{"0":{"start":{"line":5,"column":31},"end":{"line":5,"column":71}},"1":{"start":{"line":13,"column":4},"end":{"line":13,"column":60}},"2":{"start":{"line":4,"column":0},"end":{"line":4,"column":13}}},"fnMap":{"0":{"name":"(anonymous_7)","decl":{"start":{"line":5,"column":2},"end":{"line":5,"column":31}},"loc":{"start":{"line":5,"column":71},"end":{"line":5,"column":75}}},"1":{"name":"(anonymous_8)","decl":{"start":{"line":12,"column":8},"end":{"line":12,"column":15}},"loc":{"start":{"line":12,"column":37},"end":{"line":14,"column":null}}}},"branchMap":{},"s":{"0":9,"1":5,"2":5},"f":{"0":9,"1":5},"b":{}}
,"/Users/rodrigo.alcorta/Documents/personal/projects/afip.ts/packages/core/src/domain/entities/access-ticket.entity.ts": {"path":"/Users/rodrigo.alcorta/Documents/personal/projects/afip.ts/packages/core/src/domain/entities/access-ticket.entity.ts","statementMap":{"0":{"start":{"line":20,"column":21},"end":{"line":20,"column":51}},"1":{"start":{"line":21,"column":21},"end":{"line":21,"column":60}},"2":{"start":{"line":23,"column":4},"end":{"line":23,"column":20}},"3":{"start":{"line":32,"column":4},"end":{"line":32,"column":59}},"4":{"start":{"line":40,"column":4},"end":{"line":42,"column":5}},"5":{"start":{"line":41,"column":6},"end":{"line":41,"column":57}},"6":{"start":{"line":44,"column":4},"end":{"line":50,"column":5}},"7":{"start":{"line":49,"column":6},"end":{"line":49,"column":52}},"8":{"start":{"line":52,"column":27},"end":{"line":52,"column":57}},"9":{"start":{"line":53,"column":4},"end":{"line":55,"column":5}},"10":{"start":{"line":54,"column":6},"end":{"line":54,"column":59}},"11":{"start":{"line":62,"column":4},"end":{"line":62,"column":33}},"12":{"start":{"line":69,"column":4},"end":{"line":69,"column":34}},"13":{"start":{"line":76,"column":27},"end":{"line":76,"column":56}},"14":{"start":{"line":77,"column":4},"end":{"line":79,"column":5}},"15":{"start":{"line":78,"column":6},"end":{"line":78,"column":52}},"16":{"start":{"line":80,"column":14},"end":{"line":80,"column":38}},"17":{"start":{"line":81,"column":4},"end":{"line":83,"column":5}},"18":{"start":{"line":82,"column":6},"end":{"line":82,"column":56}},"19":{"start":{"line":84,"column":4},"end":{"line":84,"column":13}},"20":{"start":{"line":91,"column":4},"end":{"line":91,"column":23}},"21":{"start":{"line":98,"column":4},"end":{"line":98,"column":28}},"22":{"start":{"line":106,"column":4},"end":{"line":109,"column":6}},"23":{"start":{"line":118,"column":4},"end":{"line":120,"column":5}},"24":{"start":{"line":119,"column":6},"end":{"line":119,"column":47}},"25":{"start":{"line":122,"column":4},"end":{"line":128,"column":6}},"26":{"start":{"line":136,"column":4},"end":{"line":141,"column":5}},"27":{"start":{"line":137,"column":25},"end":{"line":137,"column":45}},"28":{"start":{"line":138,"column":6},"end":{"line":138,"column":47}},"29":{"start":{"line":140,"column":6},"end":{"line":140,"column":18}},"30":{"start":{"line":149,"column":4},"end":{"line":149,"column":29}},"31":{"start":{"line":157,"column":4},"end":{"line":159,"column":5}},"32":{"start":{"line":158,"column":6},"end":{"line":158,"column":15}},"33":{"start":{"line":161,"column":23},"end":{"line":161,"column":43}},"34":{"start":{"line":162,"column":16},"end":{"line":162,"column":26}},"35":{"start":{"line":163,"column":4},"end":{"line":163,"column":61}},"36":{"start":{"line":18,"column":0},"end":{"line":18,"column":13}}},"fnMap":{"0":{"name":"(anonymous_0)","decl":{"start":{"line":19,"column":2},"end":{"line":19,"column":null}},"loc":{"start":{"line":21,"column":60},"end":{"line":24,"column":3}}},"1":{"name":"(anonymous_1)","decl":{"start":{"line":31,"column":2},"end":{"line":31,"column":8}},"loc":{"start":{"line":31,"column":39},"end":{"line":33,"column":3}}},"2":{"name":"(anonymous_2)","decl":{"start":{"line":39,"column":10},"end":{"line":39,"column":18}},"loc":{"start":{"line":39,"column":18},"end":{"line":56,"column":3}}},"3":{"name":"(anonymous_3)","decl":{"start":{"line":61,"column":2},"end":{"line":61,"column":9}},"loc":{"start":{"line":61,"column":9},"end":{"line":63,"column":3}}},"4":{"name":"(anonymous_4)","decl":{"start":{"line":68,"column":2},"end":{"line":68,"column":10}},"loc":{"start":{"line":68,"column":10},"end":{"line":70,"column":3}}},"5":{"name":"(anonymous_5)","decl":{"start":{"line":75,"column":2},"end":{"line":75,"column":15}},"loc":{"start":{"line":75,"column":15},"end":{"line":85,"column":3}}},"6":{"name":"(anonymous_6)","decl":{"start":{"line":90,"column":2},"end":{"line":90,"column":12}},"loc":{"start":{"line":90,"column":12},"end":{"line":92,"column":3}}},"7":{"name":"(anonymous_7)","decl":{"start":{"line":97,"column":2},"end":{"line":97,"column":16}},"loc":{"start":{"line":97,"column":16},"end":{"line":99,"column":3}}},"8":{"name":"(anonymous_8)","decl":{"start":{"line":105,"column":2},"end":{"line":105,"column":20}},"loc":{"start":{"line":105,"column":20},"end":{"line":110,"column":3}}},"9":{"name":"(anonymous_9)","decl":{"start":{"line":117,"column":2},"end":{"line":117,"column":17}},"loc":{"start":{"line":117,"column":30},"end":{"line":129,"column":3}}},"10":{"name":"(anonymous_10)","decl":{"start":{"line":135,"column":2},"end":{"line":135,"column":11}},"loc":{"start":{"line":135,"column":11},"end":{"line":142,"column":3}}},"11":{"name":"(anonymous_11)","decl":{"start":{"line":148,"column":2},"end":{"line":148,"column":9}},"loc":{"start":{"line":148,"column":9},"end":{"line":150,"column":3}}},"12":{"name":"(anonymous_12)","decl":{"start":{"line":156,"column":2},"end":{"line":156,"column":24}},"loc":{"start":{"line":156,"column":24},"end":{"line":164,"column":3}}}},"branchMap":{"0":{"loc":{"start":{"line":40,"column":4},"end":{"line":42,"column":5}},"type":"if","locations":[{"start":{"line":40,"column":4},"end":{"line":42,"column":5}}]},"1":{"loc":{"start":{"line":40,"column":8},"end":{"line":40,"column":51}},"type":"binary-expr","locations":[{"start":{"line":40,"column":8},"end":{"line":40,"column":20}},{"start":{"line":40,"column":24},"end":{"line":40,"column":51}}]},"2":{"loc":{"start":{"line":44,"column":4},"end":{"line":50,"column":5}},"type":"if","locations":[{"start":{"line":44,"column":4},"end":{"line":50,"column":5}}]},"3":{"loc":{"start":{"line":45,"column":6},"end":{"line":47,"column":29}},"type":"binary-expr","locations":[{"start":{"line":45,"column":6},"end":{"line":45,"column":23}},{"start":{"line":46,"column":6},"end":{"line":46,"column":28}},{"start":{"line":47,"column":6},"end":{"line":47,"column":29}}]},"4":{"loc":{"start":{"line":52,"column":27},"end":{"line":52,"column":57}},"type":"cond-expr","locations":[{"start":{"line":52,"column":41},"end":{"line":52,"column":43}},{"start":{"line":52,"column":41},"end":{"line":52,"column":57}}]},"5":{"loc":{"start":{"line":52,"column":27},"end":{"line":52,"column":43}},"type":"binary-expr","locations":[{"start":{"line":52,"column":27},"end":{"line":52,"column":43}},{"start":{"line":52,"column":41},"end":{"line":52,"column":43}}]},"6":{"loc":{"start":{"line":53,"column":4},"end":{"line":55,"column":5}},"type":"if","locations":[{"start":{"line":53,"column":4},"end":{"line":55,"column":5}}]},"7":{"loc":{"start":{"line":77,"column":4},"end":{"line":79,"column":5}},"type":"if","locations":[{"start":{"line":77,"column":4},"end":{"line":79,"column":5}}]},"8":{"loc":{"start":{"line":81,"column":4},"end":{"line":83,"column":5}},"type":"if","locations":[{"start":{"line":81,"column":4},"end":{"line":83,"column":5}}]},"9":{"loc":{"start":{"line":118,"column":4},"end":{"line":120,"column":5}},"type":"if","locations":[{"start":{"line":118,"column":4},"end":{"line":120,"column":5}}]},"10":{"loc":{"start":{"line":118,"column":8},"end":{"line":118,"column":26}},"type":"binary-expr","locations":[{"start":{"line":118,"column":8},"end":{"line":118,"column":13}},{"start":{"line":118,"column":17},"end":{"line":118,"column":26}}]},"11":{"loc":{"start":{"line":157,"column":4},"end":{"line":159,"column":5}},"type":"if","locations":[{"start":{"line":157,"column":4},"end":{"line":159,"column":5}}]}},"s":{"0":37,"1":37,"2":37,"3":37,"4":37,"5":3,"6":34,"7":3,"8":31,"9":31,"10":1,"11":4,"12":4,"13":8,"14":8,"15":0,"16":8,"17":8,"18":0,"19":8,"20":7,"21":8,"22":1,"23":5,"24":3,"25":2,"26":7,"27":7,"28":7,"29":0,"30":0,"31":0,"32":0,"33":0,"34":0,"35":0,"36":7},"f":{"0":37,"1":37,"2":37,"3":4,"4":4,"5":8,"6":7,"7":8,"8":1,"9":5,"10":7,"11":0,"12":0},"b":{"0":[3],"1":[37,35],"2":[3],"3":[34,33,32],"4":[0,31],"5":[31,31],"6":[1],"7":[0],"8":[0],"9":[3],"10":[5,3],"11":[0]}}
,"/Users/rodrigo.alcorta/Documents/personal/projects/afip.ts/packages/core/src/domain/entities/voucher.entity.ts": {"path":"/Users/rodrigo.alcorta/Documents/personal/projects/afip.ts/packages/core/src/domain/entities/voucher.entity.ts","statementMap":{"0":{"start":{"line":13,"column":39},"end":{"line":13,"column":57}},"1":{"start":{"line":14,"column":4},"end":{"line":14,"column":20}},"2":{"start":{"line":23,"column":4},"end":{"line":23,"column":29}},"3":{"start":{"line":32,"column":4},"end":{"line":34,"column":5}},"4":{"start":{"line":33,"column":6},"end":{"line":33,"column":73}},"5":{"start":{"line":37,"column":4},"end":{"line":39,"column":5}},"6":{"start":{"line":38,"column":6},"end":{"line":38,"column":78}},"7":{"start":{"line":42,"column":4},"end":{"line":46,"column":5}},"8":{"start":{"line":43,"column":6},"end":{"line":45,"column":8}},"9":{"start":{"line":48,"column":4},"end":{"line":50,"column":5}},"10":{"start":{"line":49,"column":6},"end":{"line":49,"column":69}},"11":{"start":{"line":52,"column":4},"end":{"line":54,"column":5}},"12":{"start":{"line":53,"column":6},"end":{"line":53,"column":77}},"13":{"start":{"line":57,"column":28},"end":{"line":57,"column":73}},"14":{"start":{"line":58,"column":4},"end":{"line":62,"column":5}},"15":{"start":{"line":59,"column":6},"end":{"line":61,"column":8}},"16":{"start":{"line":65,"column":4},"end":{"line":67,"column":5}},"17":{"start":{"line":66,"column":6},"end":{"line":66,"column":30}},"18":{"start":{"line":69,"column":4},"end":{"line":71,"column":5}},"19":{"start":{"line":70,"column":6},"end":{"line":70,"column":36}},"20":{"start":{"line":74,"column":4},"end":{"line":74,"column":34}},"21":{"start":{"line":78,"column":6},"end":{"line":78,"column":62}},"22":{"start":{"line":79,"column":4},"end":{"line":83,"column":5}},"23":{"start":{"line":80,"column":6},"end":{"line":82,"column":8}},"24":{"start":{"line":86,"column":4},"end":{"line":94,"column":5}},"25":{"start":{"line":91,"column":6},"end":{"line":93,"column":8}},"26":{"start":{"line":97,"column":4},"end":{"line":99,"column":5}},"27":{"start":{"line":98,"column":6},"end":{"line":98,"column":53}},"28":{"start":{"line":102,"column":4},"end":{"line":104,"column":5}},"29":{"start":{"line":103,"column":6},"end":{"line":103,"column":54}},"30":{"start":{"line":106,"column":4},"end":{"line":108,"column":5}},"31":{"start":{"line":107,"column":6},"end":{"line":107,"column":80}},"32":{"start":{"line":117,"column":4},"end":{"line":121,"column":5}},"33":{"start":{"line":118,"column":6},"end":{"line":120,"column":8}},"34":{"start":{"line":123,"column":4},"end":{"line":127,"column":5}},"35":{"start":{"line":124,"column":6},"end":{"line":126,"column":8}},"36":{"start":{"line":137,"column":4},"end":{"line":145,"column":5}},"37":{"start":{"line":141,"column":19},"end":{"line":141,"column":55}},"38":{"start":{"line":142,"column":6},"end":{"line":144,"column":8}},"39":{"start":{"line":153,"column":4},"end":{"line":161,"column":5}},"40":{"start":{"line":154,"column":23},"end":{"line":154,"column":79}},"41":{"start":{"line":154,"column":58},"end":{"line":154,"column":75}},"42":{"start":{"line":156,"column":6},"end":{"line":160,"column":7}},"43":{"start":{"line":157,"column":8},"end":{"line":159,"column":10}},"44":{"start":{"line":168,"column":4},"end":{"line":168,"column":28}},"45":{"start":{"line":175,"column":4},"end":{"line":175,"column":30}},"46":{"start":{"line":182,"column":4},"end":{"line":182,"column":31}},"47":{"start":{"line":189,"column":4},"end":{"line":189,"column":31}},"48":{"start":{"line":196,"column":4},"end":{"line":196,"column":30}},"49":{"start":{"line":203,"column":4},"end":{"line":203,"column":28}},"50":{"start":{"line":210,"column":4},"end":{"line":210,"column":29}},"51":{"start":{"line":217,"column":4},"end":{"line":217,"column":29}},"52":{"start":{"line":224,"column":4},"end":{"line":224,"column":37}},"53":{"start":{"line":231,"column":4},"end":{"line":231,"column":36}},"54":{"start":{"line":238,"column":4},"end":{"line":238,"column":36}},"55":{"start":{"line":245,"column":4},"end":{"line":245,"column":29}},"56":{"start":{"line":252,"column":4},"end":{"line":252,"column":30}},"57":{"start":{"line":259,"column":4},"end":{"line":259,"column":29}},"58":{"start":{"line":266,"column":4},"end":{"line":266,"column":28}},"59":{"start":{"line":273,"column":4},"end":{"line":273,"column":27}},"60":{"start":{"line":280,"column":4},"end":{"line":280,"column":30}},"61":{"start":{"line":287,"column":4},"end":{"line":287,"column":25}},"62":{"start":{"line":294,"column":4},"end":{"line":294,"column":30}},"63":{"start":{"line":301,"column":4},"end":{"line":301,"column":31}},"64":{"start":{"line":309,"column":4},"end":{"line":309,"column":28}},"65":{"start":{"line":316,"column":4},"end":{"line":316,"column":29}},"66":{"start":{"line":12,"column":0},"end":{"line":12,"column":13}}},"fnMap":{"0":{"name":"(anonymous_0)","decl":{"start":{"line":13,"column":2},"end":{"line":13,"column":39}},"loc":{"start":{"line":13,"column":57},"end":{"line":15,"column":3}}},"1":{"name":"(anonymous_1)","decl":{"start":{"line":22,"column":2},"end":{"line":22,"column":8}},"loc":{"start":{"line":22,"column":34},"end":{"line":24,"column":3}}},"2":{"name":"(anonymous_2)","decl":{"start":{"line":30,"column":10},"end":{"line":30,"column":18}},"loc":{"start":{"line":30,"column":18},"end":{"line":109,"column":3}}},"3":{"name":"(anonymous_3)","decl":{"start":{"line":116,"column":10},"end":{"line":116,"column":26}},"loc":{"start":{"line":116,"column":26},"end":{"line":128,"column":3}}},"4":{"name":"(anonymous_4)","decl":{"start":{"line":135,"column":10},"end":{"line":135,"column":32}},"loc":{"start":{"line":135,"column":32},"end":{"line":146,"column":3}}},"5":{"name":"(anonymous_5)","decl":{"start":{"line":152,"column":10},"end":{"line":152,"column":32}},"loc":{"start":{"line":152,"column":32},"end":{"line":162,"column":3}}},"6":{"name":"(anonymous_6)","decl":{"start":{"line":154,"column":44},"end":{"line":154,"column":45}},"loc":{"start":{"line":154,"column":58},"end":{"line":154,"column":75}}},"7":{"name":"(anonymous_7)","decl":{"start":{"line":167,"column":2},"end":{"line":167,"column":11}},"loc":{"start":{"line":167,"column":11},"end":{"line":169,"column":3}}},"8":{"name":"(anonymous_8)","decl":{"start":{"line":174,"column":2},"end":{"line":174,"column":13}},"loc":{"start":{"line":174,"column":13},"end":{"line":176,"column":3}}},"9":{"name":"(anonymous_9)","decl":{"start":{"line":181,"column":2},"end":{"line":181,"column":14}},"loc":{"start":{"line":181,"column":14},"end":{"line":183,"column":3}}},"10":{"name":"(anonymous_10)","decl":{"start":{"line":188,"column":2},"end":{"line":188,"column":14}},"loc":{"start":{"line":188,"column":14},"end":{"line":190,"column":3}}},"11":{"name":"(anonymous_11)","decl":{"start":{"line":195,"column":2},"end":{"line":195,"column":13}},"loc":{"start":{"line":195,"column":13},"end":{"line":197,"column":3}}},"12":{"name":"(anonymous_12)","decl":{"start":{"line":202,"column":2},"end":{"line":202,"column":11}},"loc":{"start":{"line":202,"column":11},"end":{"line":204,"column":3}}},"13":{"name":"(anonymous_13)","decl":{"start":{"line":209,"column":2},"end":{"line":209,"column":12}},"loc":{"start":{"line":209,"column":12},"end":{"line":211,"column":3}}},"14":{"name":"(anonymous_14)","decl":{"start":{"line":216,"column":2},"end":{"line":216,"column":12}},"loc":{"start":{"line":216,"column":12},"end":{"line":218,"column":3}}},"15":{"name":"(anonymous_15)","decl":{"start":{"line":223,"column":2},"end":{"line":223,"column":9}},"loc":{"start":{"line":223,"column":9},"end":{"line":225,"column":3}}},"16":{"name":"(anonymous_16)","decl":{"start":{"line":230,"column":2},"end":{"line":230,"column":9}},"loc":{"start":{"line":230,"column":9},"end":{"line":232,"column":3}}},"17":{"name":"(anonymous_17)","decl":{"start":{"line":237,"column":2},"end":{"line":237,"column":9}},"loc":{"start":{"line":237,"column":9},"end":{"line":239,"column":3}}},"18":{"name":"(anonymous_18)","decl":{"start":{"line":244,"column":2},"end":{"line":244,"column":12}},"loc":{"start":{"line":244,"column":12},"end":{"line":246,"column":3}}},"19":{"name":"(anonymous_19)","decl":{"start":{"line":251,"column":2},"end":{"line":251,"column":13}},"loc":{"start":{"line":251,"column":13},"end":{"line":253,"column":3}}},"20":{"name":"(anonymous_20)","decl":{"start":{"line":258,"column":2},"end":{"line":258,"column":12}},"loc":{"start":{"line":258,"column":12},"end":{"line":260,"column":3}}},"21":{"name":"(anonymous_21)","decl":{"start":{"line":265,"column":2},"end":{"line":265,"column":11}},"loc":{"start":{"line":265,"column":11},"end":{"line":267,"column":3}}},"22":{"name":"(anonymous_22)","decl":{"start":{"line":272,"column":2},"end":{"line":272,"column":10}},"loc":{"start":{"line":272,"column":10},"end":{"line":274,"column":3}}},"23":{"name":"(anonymous_23)","decl":{"start":{"line":279,"column":2},"end":{"line":279,"column":13}},"loc":{"start":{"line":279,"column":13},"end":{"line":281,"column":3}}},"24":{"name":"(anonymous_24)","decl":{"start":{"line":286,"column":2},"end":{"line":286,"column":8}},"loc":{"start":{"line":286,"column":8},"end":{"line":288,"column":3}}},"25":{"name":"(anonymous_25)","decl":{"start":{"line":293,"column":2},"end":{"line":293,"column":13}},"loc":{"start":{"line":293,"column":13},"end":{"line":295,"column":3}}},"26":{"name":"(anonymous_26)","decl":{"start":{"line":300,"column":2},"end":{"line":300,"column":14}},"loc":{"start":{"line":300,"column":14},"end":{"line":302,"column":3}}},"27":{"name":"(anonymous_27)","decl":{"start":{"line":308,"column":2},"end":{"line":308,"column":7}},"loc":{"start":{"line":308,"column":7},"end":{"line":310,"column":3}}},"28":{"name":"(anonymous_28)","decl":{"start":{"line":315,"column":2},"end":{"line":315,"column":12}},"loc":{"start":{"line":315,"column":12},"end":{"line":317,"column":3}}}},"branchMap":{"0":{"loc":{"start":{"line":32,"column":4},"end":{"line":34,"column":5}},"type":"if","locations":[{"start":{"line":32,"column":4},"end":{"line":34,"column":5}}]},"1":{"loc":{"start":{"line":32,"column":8},"end":{"line":32,"column":50}},"type":"binary-expr","locations":[{"start":{"line":32,"column":8},"end":{"line":32,"column":25}},{"start":{"line":32,"column":29},"end":{"line":32,"column":50}}]},"2":{"loc":{"start":{"line":37,"column":4},"end":{"line":39,"column":5}},"type":"if","locations":[{"start":{"line":37,"column":4},"end":{"line":39,"column":5}}]},"3":{"loc":{"start":{"line":37,"column":8},"end":{"line":37,"column":54}},"type":"binary-expr","locations":[{"start":{"line":37,"column":8},"end":{"line":37,"column":27}},{"start":{"line":37,"column":31},"end":{"line":37,"column":54}}]},"4":{"loc":{"start":{"line":42,"column":4},"end":{"line":46,"column":5}},"type":"if","locations":[{"start":{"line":42,"column":4},"end":{"line":46,"column":5}}]},"5":{"loc":{"start":{"line":42,"column":8},"end":{"line":42,"column":52}},"type":"binary-expr","locations":[{"start":{"line":42,"column":8},"end":{"line":42,"column":28}},{"start":{"line":42,"column":32},"end":{"line":42,"column":52}}]},"6":{"loc":{"start":{"line":48,"column":4},"end":{"line":50,"column":5}},"type":"if","locations":[{"start":{"line":48,"column":4},"end":{"line":50,"column":5}}]},"7":{"loc":{"start":{"line":52,"column":4},"end":{"line":54,"column":5}},"type":"if","locations":[{"start":{"line":52,"column":4},"end":{"line":54,"column":5}}]},"8":{"loc":{"start":{"line":52,"column":8},"end":{"line":52,"column":58}},"type":"binary-expr","locations":[{"start":{"line":52,"column":8},"end":{"line":52,"column":31}},{"start":{"line":52,"column":35},"end":{"line":52,"column":58}}]},"9":{"loc":{"start":{"line":58,"column":4},"end":{"line":62,"column":5}},"type":"if","locations":[{"start":{"line":58,"column":4},"end":{"line":62,"column":5}}]},"10":{"loc":{"start":{"line":65,"column":4},"end":{"line":67,"column":5}},"type":"if","locations":[{"start":{"line":65,"column":4},"end":{"line":67,"column":5}}]},"11":{"loc":{"start":{"line":69,"column":4},"end":{"line":71,"column":5}},"type":"if","locations":[{"start":{"line":69,"column":4},"end":{"line":71,"column":5}}]},"12":{"loc":{"start":{"line":69,"column":8},"end":{"line":69,"column":40}},"type":"binary-expr","locations":[{"start":{"line":69,"column":8},"end":{"line":69,"column":22}},{"start":{"line":69,"column":26},"end":{"line":69,"column":40}}]},"13":{"loc":{"start":{"line":79,"column":4},"end":{"line":83,"column":5}},"type":"if","locations":[{"start":{"line":79,"column":4},"end":{"line":83,"column":5}}]},"14":{"loc":{"start":{"line":86,"column":4},"end":{"line":94,"column":5}},"type":"if","locations":[{"start":{"line":86,"column":4},"end":{"line":94,"column":5}}]},"15":{"loc":{"start":{"line":87,"column":6},"end":{"line":89,"column":28}},"type":"binary-expr","locations":[{"start":{"line":87,"column":6},"end":{"line":87,"column":25}},{"start":{"line":88,"column":6},"end":{"line":88,"column":28}},{"start":{"line":89,"column":6},"end":{"line":89,"column":28}}]},"16":{"loc":{"start":{"line":97,"column":4},"end":{"line":99,"column":5}},"type":"if","locations":[{"start":{"line":97,"column":4},"end":{"line":99,"column":5}}]},"17":{"loc":{"start":{"line":97,"column":8},"end":{"line":97,"column":52}},"type":"binary-expr","locations":[{"start":{"line":97,"column":8},"end":{"line":97,"column":26}},{"start":{"line":97,"column":30},"end":{"line":97,"column":52}}]},"18":{"loc":{"start":{"line":102,"column":4},"end":{"line":104,"column":5}},"type":"if","locations":[{"start":{"line":102,"column":4},"end":{"line":104,"column":5}}]},"19":{"loc":{"start":{"line":102,"column":8},"end":{"line":102,"column":56}},"type":"binary-expr","locations":[{"start":{"line":102,"column":8},"end":{"line":102,"column":24}},{"start":{"line":102,"column":28},"end":{"line":102,"column":56}}]},"20":{"loc":{"start":{"line":106,"column":4},"end":{"line":108,"column":5}},"type":"if","locations":[{"start":{"line":106,"column":4},"end":{"line":108,"column":5}}]},"21":{"loc":{"start":{"line":106,"column":8},"end":{"line":106,"column":54}},"type":"binary-expr","locations":[{"start":{"line":106,"column":8},"end":{"line":106,"column":27}},{"start":{"line":106,"column":31},"end":{"line":106,"column":54}}]},"22":{"loc":{"start":{"line":117,"column":4},"end":{"line":121,"column":5}},"type":"if","locations":[{"start":{"line":117,"column":4},"end":{"line":121,"column":5}}]},"23":{"loc":{"start":{"line":123,"column":4},"end":{"line":127,"column":5}},"type":"if","locations":[{"start":{"line":123,"column":4},"end":{"line":127,"column":5}}]},"24":{"loc":{"start":{"line":123,"column":8},"end":{"line":123,"column":49}},"type":"binary-expr","locations":[{"start":{"line":123,"column":8},"end":{"line":123,"column":21}},{"start":{"line":123,"column":25},"end":{"line":123,"column":49}}]},"25":{"loc":{"start":{"line":137,"column":4},"end":{"line":145,"column":5}},"type":"if","locations":[{"start":{"line":137,"column":4},"end":{"line":145,"column":5}}]},"26":{"loc":{"start":{"line":138,"column":6},"end":{"line":139,"column":52}},"type":"binary-expr","locations":[{"start":{"line":138,"column":6},"end":{"line":138,"column":26}},{"start":{"line":139,"column":7},"end":{"line":139,"column":21}},{"start":{"line":139,"column":25},"end":{"line":139,"column":51}}]},"27":{"loc":{"start":{"line":141,"column":19},"end":{"line":141,"column":55}},"type":"cond-expr","locations":[{"start":{"line":141,"column":46},"end":{"line":141,"column":49}},{"start":{"line":141,"column":52},"end":{"line":141,"column":55}}]},"28":{"loc":{"start":{"line":153,"column":4},"end":{"line":161,"column":5}},"type":"if","locations":[{"start":{"line":153,"column":4},"end":{"line":161,"column":5}}]},"29":{"loc":{"start":{"line":153,"column":8},"end":{"line":153,"column":49}},"type":"binary-expr","locations":[{"start":{"line":153,"column":8},"end":{"line":153,"column":21}},{"start":{"line":153,"column":25},"end":{"line":153,"column":49}}]},"30":{"loc":{"start":{"line":156,"column":6},"end":{"line":160,"column":7}},"type":"if","locations":[{"start":{"line":156,"column":6},"end":{"line":160,"column":7}}]}},"s":{"0":52,"1":52,"2":52,"3":52,"4":1,"5":51,"6":1,"7":50,"8":2,"9":48,"10":2,"11":46,"12":1,"13":45,"14":45,"15":1,"16":44,"17":32,"18":42,"19":12,"20":40,"21":39,"22":39,"23":1,"24":38,"25":1,"26":37,"27":1,"28":36,"29":1,"30":35,"31":1,"32":32,"33":1,"34":31,"35":1,"36":12,"37":2,"38":2,"39":40,"40":4,"41":4,"42":4,"43":1,"44":1,"45":1,"46":1,"47":1,"48":1,"49":1,"50":1,"51":1,"52":47,"53":45,"54":35,"55":1,"56":1,"57":1,"58":1,"59":1,"60":1,"61":1,"62":1,"63":1,"64":4,"65":1,"66":6},"f":{"0":52,"1":52,"2":52,"3":32,"4":12,"5":40,"6":4,"7":1,"8":1,"9":1,"10":1,"11":1,"12":1,"13":1,"14":1,"15":47,"16":45,"17":35,"18":1,"19":1,"20":1,"21":1,"22":1,"23":1,"24":1,"25":1,"26":1,"27":4,"28":1},"b":{"0":[1],"1":[52,51],"2":[1],"3":[51,50],"4":[2],"5":[50,49],"6":[2],"7":[1],"8":[46,45],"9":[1],"10":[32],"11":[12],"12":[42,32],"13":[1],"14":[1],"15":[38,37,37],"16":[1],"17":[37,36],"18":[1],"19":[36,35],"20":[1],"21":[35,34],"22":[1],"23":[1],"24":[31,1],"25":[2],"26":[12,6,5],"27":[1,1],"28":[4],"29":[40,4],"30":[1]}}
,"/Users/rodrigo.alcorta/Documents/personal/projects/afip.ts/packages/core/src/domain/value-objects/cae.vo.ts": {"path":"/Users/rodrigo.alcorta/Documents/personal/projects/afip.ts/packages/core/src/domain/value-objects/cae.vo.ts","statementMap":{"0":{"start":{"line":2,"column":39},"end":{"line":2,"column":52}},"1":{"start":{"line":3,"column":4},"end":{"line":3,"column":20}},"2":{"start":{"line":13,"column":4},"end":{"line":13,"column":26}},"3":{"start":{"line":21,"column":4},"end":{"line":23,"column":5}},"4":{"start":{"line":22,"column":6},"end":{"line":22,"column":58}},"5":{"start":{"line":26,"column":4},"end":{"line":30,"column":5}},"6":{"start":{"line":27,"column":6},"end":{"line":29,"column":8}},"7":{"start":{"line":33,"column":4},"end":{"line":35,"column":5}},"8":{"start":{"line":34,"column":6},"end":{"line":34,"column":63}},"9":{"start":{"line":42,"column":4},"end":{"line":42,"column":22}},"10":{"start":{"line":49,"column":4},"end":{"line":49,"column":22}},"11":{"start":{"line":56,"column":4},"end":{"line":59,"column":67}},"12":{"start":{"line":68,"column":4},"end":{"line":68,"column":38}},"13":{"start":{"line":75,"column":4},"end":{"line":75,"column":31}},"14":{"start":{"line":82,"column":4},"end":{"line":82,"column":67}},"15":{"start":{"line":1,"column":0},"end":{"line":1,"column":13}}},"fnMap":{"0":{"name":"(anonymous_0)","decl":{"start":{"line":2,"column":2},"end":{"line":2,"column":39}},"loc":{"start":{"line":2,"column":52},"end":{"line":4,"column":3}}},"1":{"name":"(anonymous_1)","decl":{"start":{"line":12,"column":2},"end":{"line":12,"column":8}},"loc":{"start":{"line":12,"column":29},"end":{"line":14,"column":3}}},"2":{"name":"(anonymous_2)","decl":{"start":{"line":20,"column":10},"end":{"line":20,"column":18}},"loc":{"start":{"line":20,"column":18},"end":{"line":36,"column":3}}},"3":{"name":"(anonymous_3)","decl":{"start":{"line":41,"column":2},"end":{"line":41,"column":10}},"loc":{"start":{"line":41,"column":10},"end":{"line":43,"column":3}}},"4":{"name":"(anonymous_4)","decl":{"start":{"line":48,"column":2},"end":{"line":48,"column":10}},"loc":{"start":{"line":48,"column":10},"end":{"line":50,"column":3}}},"5":{"name":"(anonymous_5)","decl":{"start":{"line":55,"column":2},"end":{"line":55,"column":19}},"loc":{"start":{"line":55,"column":19},"end":{"line":60,"column":3}}},"6":{"name":"(anonymous_6)","decl":{"start":{"line":67,"column":2},"end":{"line":67,"column":8}},"loc":{"start":{"line":67,"column":19},"end":{"line":69,"column":3}}},"7":{"name":"(anonymous_7)","decl":{"start":{"line":74,"column":2},"end":{"line":74,"column":7}},"loc":{"start":{"line":74,"column":7},"end":{"line":76,"column":3}}},"8":{"name":"(anonymous_8)","decl":{"start":{"line":81,"column":2},"end":{"line":81,"column":9}},"loc":{"start":{"line":81,"column":9},"end":{"line":83,"column":3}}}},"branchMap":{"0":{"loc":{"start":{"line":21,"column":4},"end":{"line":23,"column":5}},"type":"if","locations":[{"start":{"line":21,"column":4},"end":{"line":23,"column":5}}]},"1":{"loc":{"start":{"line":21,"column":8},"end":{"line":21,"column":53}},"type":"binary-expr","locations":[{"start":{"line":21,"column":8},"end":{"line":21,"column":19}},{"start":{"line":21,"column":23},"end":{"line":21,"column":53}}]},"2":{"loc":{"start":{"line":26,"column":4},"end":{"line":30,"column":5}},"type":"if","locations":[{"start":{"line":26,"column":4},"end":{"line":30,"column":5}}]},"3":{"loc":{"start":{"line":33,"column":4},"end":{"line":35,"column":5}},"type":"if","locations":[{"start":{"line":33,"column":4},"end":{"line":35,"column":5}}]},"4":{"loc":{"start":{"line":82,"column":11},"end":{"line":82,"column":66}},"type":"binary-expr","locations":[{"start":{"line"
[...]
,"/Users/rodrigo.alcorta/Documents/personal/projects/afip.ts/packages/core/src/infrastructure/utils/parser.ts": {"path":"/Users/rodrigo.alcorta/Documents/personal/projects/afip.ts/packages/core/src/infrastructure/utils/parser.ts","statementMap":{"0":{"start":{"line":1,"column":0},"end":{"line":1,"column":54}},"1":{"start":{"line":18,"column":19},"end":{"line":18,"column":48}},"2":{"start":{"line":19,"column":4},"end":{"line":19,"column":42}},"3":{"start":{"line":23,"column":4},"end":{"line":23,"column":42}},"4":{"start":{"line":6,"column":0},"end":{"line":6,"column":13}},"5":{"start":{"line":7,"column":9},"end":{"line":13,"column":4}},"6":{"start":{"line":12,"column":41},"end":{"line":12,"column":68}}},"fnMap":{"0":{"name":"(anonymous_7)","decl":{"start":{"line":15,"column":9},"end":{"line":15,"column":15}},"loc":{"start":{"line":16,"column":15},"end":{"line":20,"column":null}}},"1":{"name":"(anonymous_9)","decl":{"start":{"line":22,"column":9},"end":{"line":22,"column":15}},"loc":{"start":{"line":22,"column":50},"end":{"line":24,"column":3}}},"2":{"name":"(anonymous_10)","decl":{"start":{"line":12,"column":24},"end":{"line":12,"column":25}},"loc":{"start":{"line":12,"column":41},"end":{"line":12,"column":68}}}},"branchMap":{},"s":{"0":3,"1":8,"2":8,"3":5,"4":3,"5":3,"6":24},"f":{"0":8,"1":5,"2":24},"b":{}}
,"/Users/rodrigo.alcorta/Documents/personal/projects/afip.ts/packages/core/src/infrastructure/utils/soap-runtime.ts": {"path":"/Users/rodrigo.alcorta/Documents/personal/projects/afip.ts/packages/core/src/infrastructure/utils/soap-runtime.ts","statementMap":{"0":{"start":{"line":10,"column":0},"end":{"line":10,"column":16}},"1":{"start":{"line":1,"column":0},"end":{"line":1,"column":null}},"2":{"start":{"line":2,"column":2},"end":{"line":2,"column":null}},"3":{"start":{"line":3,"column":2},"end":{"line":3,"column":null}},"4":{"start":{"line":11,"column":2},"end":{"line":11,"column":59}}},"fnMap":{"0":{"name":"(anonymous_0)","decl":{"start":{"line":1,"column":0},"end":{"line":1,"column":12}},"loc":{"start":{"line":1,"column":23},"end":{"line":4,"column":1}}},"1":{"name":"detectSoapRuntime","decl":{"start":{"line":10,"column":16},"end":{"line":10,"column":33}},"loc":{"start":{"line":10,"column":49},"end":{"line":12,"column":1}}}},"branchMap":{"0":{"loc":{"start":{"line":1,"column":12},"end":{"line":1,"column":null}},"type":"binary-expr","locations":[{"start":{"line":1,"column":12},"end":{"line":1,"column":23}},{"start":{"line":1,"column":23},"end":{"line":1,"column":null}}]},"1":{"loc":{"start":{"line":11,"column":9},"end":{"line":11,"column":58}},"type":"cond-expr","locations":[{"start":{"line":11,"column":18},"end":{"line":11,"column":34}},{"start":{"line":11,"column":37},"end":{"line":11,"column":58}}]}},"s":{"0":3,"1":3,"2":3,"3":3,"4":2},"f":{"0":3,"1":2},"b":{"0":[3,3],"1":[1,1]}}
,"/Users/rodrigo.alcorta/Documents/personal/projects/afip.ts/packages/core/tests/mocks/data/credential-json.mock.ts": {"path":"/Users/rodrigo.alcorta/Documents/personal/projects/afip.ts/packages/core/tests/mocks/data/credential-json.mock.ts","statementMap":{"0":{"start":{"line":2,"column":0},"end":{"line":2,"column":56}},"1":{"start":{"line":4,"column":12},"end":{"line":4,"column":22}},"2":{"start":{"line":6,"column":13},"end":{"line":24,"column":2}}},"fnMap":{},"branchMap":{},"s":{"0":2,"1":2,"2":2},"f":{},"b":{}}
,"/Users/rodrigo.alcorta/Documents/personal/projects/afip.ts/packages/core/tests/mocks/data/soapClient.mock.ts": {"path":"/Users/rodrigo.alcorta/Documents/personal/projects/afip.ts/packages/core/tests/mocks/data/soapClient.mock.ts","statementMap":{"0":{"start":{"line":1,"column":0},"end":{"line":1,"column":null}},"1":{"start":{"line":8,"column":13},"end":{"line":16,"column":2}},"2":{"start":{"line":18,"column":13},"end":{"line":26,"column":2}},"3":{"start":{"line":27,"column":13},"end":{"line":56,"column":2}},"4":{"start":{"line":57,"column":13},"end":{"line":88,"column":2}},"5":{"start":{"line":89,"column":13},"end":{"line":314,"column":2}},"6":{"start":{"line":315,"column":13},"end":{"line":342,"column":2}},"7":{"start":{"line":344,"column":13},"end":{"line":539,"column":2}},"8":{"start":{"line":541,"column":13},"end":{"line":561,"column":2}},"9":{"start":{"line":563,"column":13},"end":{"line":872,"column":2}},"10":{"start":{"line":874,"column":13},"end":{"line":1027,"column":2}},"11":{"start":{"line":1029,"column":13},"end":{"line":1094,"column":2}},"12":{"start":{"line":1096,"column":13},"end":{"line":1100,"column":2}},"13":{"start":{"line":1102,"column":13},"end":{"line":1114,"column":2}},"14":{"start":{"line":1116,"column":13},"end":{"line":1140,"column":2}},"15":{"start":{"line":1142,"column":13},"end":{"line":1144,"column":2}},"16":{"start":{"line":1146,"column":13},"end":{"line":1226,"column":2}},"17":{"start":{"line":1228,"column":13},"end":{"line":1230,"column":2}},"18":{"start":{"line":1232,"column":13},"end":{"line":1251,"column":2}},"19":{"start":{"line":1253,"column":13},"end":{"line":1255,"column":2}},"20":{"start":{"line":1257,"column":13},"end":{"line":1279,"column":2}},"21":{"start":{"line":1280,"column":13},"end":{"line":1286,"column":2}}},"fnMap":{},"branchMap":{},"s":{"0":6,"1":6,"2":6,"3":6,"4":6,"5":6,"6":6,"7":6,"8":6,"9":6,"10":6,"11":6,"12":6,"13":6,"14":6,"15":6,"16":6,"17":6,"18":6,"19":6,"20":6,"21":6},"f":{},"b":{}}
,"/Users/rodrigo.alcorta/Documents/personal/projects/afip.ts/packages/core/tests/mocks/data/voucher.mock.ts": {"path":"/Users/rodrigo.alcorta/Documents/personal/projects/afip.ts/packages/core/tests/mocks/data/voucher.mock.ts","statementMap":{"0":{"start":{"line":2,"column":0},"end":{"line":2,"column":43}},"1":{"start":{"line":4,"column":13},"end":{"line":4,"column":47}},"2":{"start":{"line":5,"column":13},"end":{"line":5,"column":28}},"3":{"start":{"line":6,"column":13},"end":{"line":6,"column":31}},"4":{"start":{"line":7,"column":13},"end":{"line":7,"column":29}},"5":{"start":{"line":9,"column":13},"end":{"line":11,"column":16}},"6":{"start":{"line":13,"column":13},"end":{"line":35,"column":2}}},"fnMap":{},"branchMap":{},"s":{"0":8,"1":8,"2":8,"3":8,"4":8,"5":8,"6":8},"f":{},"b":{}}
,"/Users/rodrigo.alcorta/Documents/personal/projects/afip.ts/packages/core/tests/unit/application/services/register-service.test.helpers.ts": {"path":"/Users/rodrigo.alcorta/Documents/personal/projects/afip.ts/packages/core/tests/unit/application/services/register-service.test.helpers.ts","statementMap":{"0":{"start":{"line":10,"column":0},"end":{"line":10,"column":16}},"1":{"start":{"line":20,"column":0},"end":{"line":20,"column":16}},"2":{"start":{"line":31,"column":0},"end":{"line":31,"column":16}},"3":{"start":{"line":7,"column":13},"end":{"line":7,"column":46}},"4":{"start":{"line":8,"column":13},"end":{"line":8,"column":76}},"5":{"start":{"line":13,"column":2},"end":{"line":17,"column":4}},"6":{"start":{"line":23,"column":2},"end":{"line":27,"column":null}},"7":{"start":{"line":34,"column":2},"end":{"line":37,"column":4}}},"fnMap":{"0":{"name":"mapServerStatus","decl":{"start":{"line":10,"column":16},"end":{"line":10,"column":31}},"loc":{"start":{"line":12,"column":1},"end":{"line":18,"column":1}}},"1":{"name":"withNormalizedTaxpayerDetails","decl":{"start":{"line":20,"column":16},"end":{"line":20,"column":45}},"loc":{"start":{"line":21,"column":29},"end":{"line":29,"column":1}}},"2":{"name":"mapTaxpayersDetails","decl":{"start":{"line":31,"column":16},"end":{"line":31,"column":35}},"loc":{"start":{"line":32,"column":41},"end":{"line":38,"column":1}}}},"branchMap":{"0":{"loc":{"start":{"line":25,"column":20},"end":{"line":25,"column":48}},"type":"cond-expr","locations":[{"start":{"line":25,"column":42},"end":{"line":25,"column":46}},{"start":{"line":25,"column":46},"end":{"line":25,"column":48}}]},"1":{"loc":{"start":{"line":25,"column":20},"end":{"line":25,"column":46}},"type":"binary-expr","locations":[{"start":{"line":25,"column":20},"end":{"line":25,"column":46}},{"start":{"line":25,"column":42},"end":{"line":25,"column":46}}]},"2":{"loc":{"start":{"line":26,"column":22},"end":{"line":26,"column":52}},"type":"cond-expr","locations":[{"start":{"line":26,"column":46},"end":{"line":26,"column":50}},{"start":{"line":26,"column":50},"end":{"line":26,"column":52}}]},"3":{"loc":{"start":{"line":26,"column":22},"end":{"line":26,"column":50}},"type":"binary-expr","locations":[{"start":{"line":26,"column":22},"end":{"line":26,"column":50}},{"start":{"line":26,"column":46},"end":{"line":26,"column":50}}]},"4":{"loc":{"start":{"line":27,"column":25},"end":{"line":27,"column":58}},"type":"cond-expr","locations":[{"start":{"line":27,"column":52},"end":{"line":27,"column":56}},{"start":{"line":27,"column":56},"end":{"line":27,"column":58}}]},"5":{"loc":{"start":{"line":27,"column":25},"end":{"line":27,"column":56}},"type":"binary-expr","locations":[{"start":{"line":27,"column":25},"end":{"line":27,"column":56}},{"start":{"line":27,"column":52},"end":{"line":27,"column":56}}]},"6":{"loc":{"start":{"line":36,"column":23},"end":{"line":36,"column":43}},"type":"cond-expr","locations":[{"start":{"line":36,"column":38},"end":{"line":36,"column":42}},{"start":{"line":36,"column":42},"end":{"line":36,"column":43}}]},"7":{"loc":{"start":{"line":36,"column":23},"end":{"line":36,"column":42}},"type":"binary-expr","locations":[{"start":{"line":36,"column":23},"end":{"line":36,"column":42}},{"start":{"line":36,"column":38},"end":{"line":36,"column":42}}]},"8":{"loc":{"start":{"line":36,"column":23},"end":{"line":36,"column":38}},"type":"cond-expr","locations":[{"start":{"line":36,"column":30},"end":{"line":36,"column":32}},{"start":{"line":36,"column":23},"end":{"line":36,"column":38}}]},"9":{"loc":{"start":{"line":36,"column":23},"end":{"line":36,"column":32}},"type":"binary-expr","locations":[{"start":{"line":36,"column":23},"end":{"line":36,"column":32}},{"start":{"line":36,"column":23},"end":{"line":36,"column":32}}]}},"s":{"0":5,"1":5,"2":5,"3":5,"4":5,"5":18,"6":8,"7":6},"f":{"0":18,"1":8,"2":6},"b":{"0":[0,8],"1":[8,8],"2":[0,8],"3":[8,8],"4":[0,8],"5":[8,8],"6":[6,0],"7":[6,6],"8":[0,6],"9":[6,6]}}
,"/Users/rodrigo.alcorta/Documents/personal/projects/afip.ts/packages/core/tests/unit/infrastructure/outbound/adapters/repositories/register/register-repository.test.helpers.ts": {"path":"/Users/rodrigo.alcorta/Documents/personal/projects/afip.ts/packages/core/tests/unit/infrastructure/outbound/adapters/repositories/register/register-repository.test.helpers.ts","statementMap":{"0":{"start":{"line":6,"column":0},"end":{"line":6,"column":16}},"1":{"start":{"line":20,"column":0},"end":{"line":20,"column":16}},"2":{"start":{"line":30,"column":0},"end":{"line":30,"column":16}},"3":{"start":{"line":42,"column":0},"end":{"line":42,"column":16}},"4":{"start":{"line":53,"column":0},"end":{"line":53,"column":16}},"5":{"start":{"line":3,"column":13},"end":{"line":3,"column":48}},"6":{"start":{"line":4,"column":13},"end":{"line":4,"column":54}},"7":{"start":{"line":7,"column":29},"end":{"line":12,"column":4}},"8":{"start":{"line":14,"column":2},"end":{"line":17,"column":4}},"9":{"start":{"line":21,"column":2},"end":{"line":27,"column":4}},"10":{"start":{"line":31,"column":2},"end":{"line":39,"column":4}},"11":{"start":{"line":43,"column":2},"end":{"line":50,"column":4}},"12":{"start":{"line":54,"column":2},"end":{"line":66,"column":4}}},"fnMap":{"0":{"name":"createRepositoryConfig","decl":{"start":{"line":6,"column":16},"end":{"line":6,"column":38}},"loc":{"start":{"line":6,"column":38},"end":{"line":18,"column":1}}},"1":{"name":"createServerStatusResponse","decl":{"start":{"line":20,"column":16},"end":{"line":20,"column":42}},"loc":{"start":{"line":20,"column":42},"end":{"line":28,"column":1}}},"2":{"name":"createTaxpayerPersonaResponse","decl":{"start":{"line":30,"column":16},"end":{"line":30,"column":45}},"loc":{"start":{"line":30,"column":45},"end":{"line":40,"column":1}}},"3":{"name":"createTaxpayerNotFoundResponse","decl":{"start":{"line":42,"column":16},"end":{"line":42,"column":46}},"loc":{"start":{"line":42,"column":46},"end":{"line":51,"column":1}}},"4":{"name":"expectedTaxpayerDetails","decl":{"start":{"line":53,"column":16},"end":{"line":53,"column":39}},"loc":{"start":{"line":53,"column":39},"end":{"line":67,"column":1}}}},"branchMap":{},"s":{"0":7,"1":7,"2":7,"3":7,"4":7,"5":7,"6":7,"7":33,"8":33,"9":5,"10":5,"11":4,"12":6},"f":{"0":33,"1":5,"2":5,"3":4,"4":6},"b":{}}
,"/Users/rodrigo.alcorta/Documents/personal/projects/afip.ts/packages/core/tests/utils/env-test.ts": {"path":"/Users/rodrigo.alcorta/Documents/personal/projects/afip.ts/packages/core/tests/utils/env-test.ts","statementMap":{"0":{"start":{"line":1,"column":0},"end":{"line":1,"column":32}},"1":{"start":{"line":7,"column":20},"end":{"line":7,"column":51}},"2":{"start":{"line":8,"column":4},"end":{"line":10,"column":7}},"3":{"start":{"line":11,"column":4},"end":{"line":11,"column":27}},"4":{"start":{"line":3,"column":0},"end":{"line":3,"column":13}},"5":{"start":{"line":24,"column":4},"end":{"line":24,"column":12}},"6":{"start":{"line":26,"column":4},"end":{"line":27,"column":36}},"7":{"start":{"line":28,"column":4},"end":{"line":29,"column":36}},"8":{"start":{"line":30,"column":4},"end":{"line":31,"column":36}},"9":{"start":{"line":32,"column":4},"end":{"line":32,"column":62}},"10":{"start":{"line":33,"column":4},"end":{"line":35,"column":31}},"11":{"start":{"line":37,"column":4},"end":{"line":38,"column":54}},"12":{"start":{"line":44,"column":4},"end":{"line":46,"column":5}},"13":{"start":{"line":45,"column":6},"end":{"line":45,"column":77}},"14":{"start":{"line":50,"column":16},"end":{"line":50,"column":38}},"15":{"start":{"line":52,"column":0},"end":{"line":52,"column":23}}},"fnMap":{"0":{"name":"(anonymous_0)","decl":{"start":{"line":6,"column":2},"end":{"line":6,"column":null}},"loc":{"start":{"line":6,"column":2},"end":{"line":12,"column":3}}},"1":{"name":"(anonymous_1)","decl":{"start":{"line":23,"column":2},"end":{"line":23,"column":null}},"loc":{"start":{"line":23,"column":2},"end":{"line":39,"column":3}}},"2":{"name":"(anonymous_2)","decl":{"start":{"line":41,"column":2},"end":{"line":41,"column":10}},"loc":{"start":{"line":41,"column":10},"end":{"line":47,"column":3}}}},"branchMap":{"0":{"loc":{"start":{"line":7,"column":20},"end":{"line":7,"column":51}},"type":"binary-expr","locations":[{"start":{"line":7,"column":20},"end":{"line":7,"column":40}},{"start":{"line":7,"column":44},"end":{"line":7,"column":51}}]},"1":{"loc":{"start":{"line":9,"column":19},"end":{"line":9,"column":47}},"type":"cond-expr","locations":[{"start":{"line":9,"column":29},"end":{"line":9,"column":42}},{"start":{"line":9,"column":45},"end":{"line":9,"column":47}}]},"2":{"loc":{"start":{"line":26,"column":34},"end":{"line":27,"column":24}},"type":"cond-expr","locations":[{"start":{"line":26,"column":69},"end":{"line":26,"column":null}},{"start":{"line":27,"column":6},"end":{"line":27,"column":24}}]},"3":{"loc":{"start":{"line":26,"column":34},"end":{"line":26,"column":null}},"type":"binary-expr","locations":[{"start":{"line":26,"column":34},"end":{"line":26,"column":null}},{"start":{"line":26,"column":69},"end":{"line":26,"column":null}}]},"4":{"loc":{"start":{"line":28,"column":35},"end":{"line":29,"column":24}},"type":"cond-expr","locations":[{"start":{"line":28,"column":73},"end":{"line":28,"column":null}},{"start":{"line":29,"column":6},"end":{"line":29,"column":24}}]},"5":{"loc":{"start":{"line":28,"column":35},"end":{"line":28,"column":null}},"type":"binary-expr","locations":[{"start":{"line":28,"column":35},"end":{"line":28,"column":null}},{"start":{"line":28,"column":73},"end":{"line":28,"column":null}}]},"6":{"loc":{"start":{"line":30,"column":29},"end":{"line":31,"column":24}},"type":"cond-expr","locations":[{"start":{"line":30,"column":60},"end":{"line":30,"column":null}},{"start":{"line":31,"column":6},"end":{"line":31,"column":24}}]},"7":{"loc":{"start":{"line":30,"column":29},"end":{"line":30,"column":null}},"type":"binary-expr","locations":[{"start":{"line":30,"column":29},"end":{"line":30,"column":null}},{"start":{"line":30,"column":60},"end":{"line":30,"column":null}}]},"8":{"loc":{"start":{"line":32,"column":20},"end":{"line":32,"column":50}},"type":"binary-expr","locations":[{"start":{"line":32,"column":20},"end":{"line":32,"column":40}},{"start":{"line":32,"column":44},"end":{"line":32,"column":50}}]},"9":{"loc":{"start":{"line":33,"column":17},"end":{"line":35,"column":19}},"type":"cond-expr","locations":[{"start":{"line":34,"column":22},"end":{"line":34,"column":null}},{"start":{"line":35,"column":6},"end":{"line":35,"column":19}}]},"10":{"loc":{"start":{"line":33,"column":17},"end":{"line":34,"column":null}},"type":"binary-expr","locations":[{"start":{"line":33,"column":17},"end":{"line":34,"column":null}},{"start":{"line":34,"column":22},"end":{"line":34,"column":null}}]},"11":{"loc":{"start":{"line":33,"column":17},"end":{"line":34,"column":22}},"type":"cond-expr","locations":[{"start":{"line":33,"column":38},"end":{"line":33,"column":null}},{"start":{"line":34,"column":6},"end":{"line":34,"column":22}}]},"12":{"loc":{"start":{"line":33,"column":17},"end":{"line":33,"column":null}},"type":"binary-expr","locations":[{"start":{"line":33,"column":17},"end":{"line":33,"column":null}},{"start":{"line":33,"column":38},"end":{"line":33,"column":null}}]},"13":{"loc":{"start":{"line":44,"column":4},"end":{"line":46,"column":5}},"type":"if","locations":[{"start":{"line":44,"column":4},"end":{"line":46,"column":5}}]}},"s":{"0":8,"1":8,"2":8,"3":8,"4":8,"5":8,"6":8,"7":8,"8":8,"9":8,"10":8,"11":8,"12":0,"13":0,"14":8,"15":8},"f":{"0":8,"1":8,"2":0},"b":{"0":[8,0],"1":[8,0],"2":[8,0],"3":[8,8],"4":[8,0],"5":[8,8],"6":[8,0],"7":[8,8],"8":[8,0],"9":[8,0],"10":[8,8],"11":[8,0],"12":[8,8],"13":[0]}}
,"/Users/rodrigo.alcorta/Documents/personal/projects/afip.ts/packages/core/tests/utils/time.constants.ts": {"path":"/Users/rodrigo.alcorta/Documents/personal/projects/afip.ts/packages/core/tests/utils/time.constants.ts","statementMap":{"0":{"start":{"line":2,"column":13},"end":{"line":2,"column":35}}},"fnMap":{},"branchMap":{},"s":{"0":3},"f":{},"b":{}}
}
