TN:
SF:src/application/services/electronic-billing.service.ts
FN:74,(anonymous_7)
FN:153,(anonymous_8)
FN:163,(anonymous_10)
FN:175,(anonymous_12)
FN:193,(anonymous_14)
FN:206,(anonymous_16)
FN:221,(anonymous_18)
FN:236,(anonymous_20)
FN:245,(anonymous_22)
FN:254,(anonymous_24)
FN:263,(anonymous_26)
FN:272,(anonymous_28)
FN:281,(anonymous_30)
FN:290,(anonymous_32)
FN:300,(anonymous_34)
FN:312,(anonymous_36)
FN:322,(anonymous_38)
FN:332,(anonymous_40)
FN:345,(anonymous_42)
FN:358,(anonymous_44)
FN:370,(anonymous_46)
FN:378,(anonymous_48)
FN:386,(anonymous_50)
FN:394,(anonymous_52)
FN:401,(anonymous_54)
FN:408,(anonymous_56)
FNF:26
FNH:26
FNDA:25,(anonymous_7)
FNDA:1,(anonymous_8)
FNDA:1,(anonymous_10)
FNDA:2,(anonymous_12)
FNDA:2,(anonymous_14)
FNDA:2,(anonymous_16)
FNDA:1,(anonymous_18)
FNDA:1,(anonymous_20)
FNDA:1,(anonymous_22)
FNDA:1,(anonymous_24)
FNDA:1,(anonymous_26)
FNDA:1,(anonymous_28)
FNDA:1,(anonymous_30)
FNDA:1,(anonymous_32)
FNDA:1,(anonymous_34)
FNDA:1,(anonymous_36)
FNDA:1,(anonymous_38)
FNDA:1,(anonymous_40)
FNDA:1,(anonymous_42)
FNDA:1,(anonymous_44)
FNDA:1,(anonymous_46)
FNDA:1,(anonymous_48)
FNDA:1,(anonymous_50)
FNDA:1,(anonymous_52)
FNDA:1,(anonymous_54)
FNDA:1,(anonymous_56)
DA:25,2
DA:26,2
DA:27,2
DA:28,2
DA:29,2
DA:30,2
DA:31,2
DA:32,2
DA:33,2
DA:34,2
DA:35,2
DA:36,2
DA:37,2
DA:38,2
DA:39,2
DA:40,2
DA:41,2
DA:42,2
DA:43,2
DA:44,2
DA:45,2
DA:46,2
DA:47,2
DA:49,2
DA:75,25
DA:77,25
DA:80,25
DA:83,25
DA:86,25
DA:89,25
DA:92,25
DA:95,25
DA:98,25
DA:101,25
DA:104,25
DA:107,25
DA:110,25
DA:113,25
DA:116,25
DA:119,25
DA:120,25
DA:123,25
DA:126,25
DA:129,25
DA:132,25
DA:135,25
DA:138,25
DA:141,25
DA:154,1
DA:164,1
DA:179,2
DA:194,2
DA:207,2
DA:226,1
DA:237,1
DA:246,1
DA:255,1
DA:264,1
DA:273,1
DA:282,1
DA:291,1
DA:303,1
DA:313,1
DA:323,1
DA:336,1
DA:349,1
DA:362,1
DA:371,1
DA:379,1
DA:387,1
DA:395,1
DA:402,1
DA:409,1
LF:73
LH:73
BRF:0
BRH:0
end_of_record
TN:
SF:src/application/services/generic.service.ts
FN:5,(anonymous_7)
FN:14,(anonymous_8)
FNF:2
FNH:2
FNDA:18,(anonymous_7)
FNDA:3,(anonymous_8)
DA:4,2
DA:5,18
DA:20,3
LF:3
LH:3
BRF:0
BRH:0
end_of_record
TN:
SF:src/application/services/register-inscription-proof.service.ts
FN:16,(anonymous_7)
FN:33,(anonymous_8)
FN:40,(anonymous_10)
FN:49,(anonymous_12)
FNF:4
FNH:4
FNDA:3,(anonymous_7)
FNDA:1,(anonymous_8)
FNDA:1,(anonymous_10)
FNDA:1,(anonymous_12)
DA:7,2
DA:8,2
DA:9,2
DA:11,2
DA:17,3
DA:19,3
DA:22,3
DA:25,3
DA:34,1
DA:43,1
DA:52,1
LF:11
LH:11
BRF:0
BRH:0
end_of_record
TN:
SF:src/application/services/register-scope-five.service.ts
FN:16,(anonymous_7)
FN:31,(anonymous_8)
FN:38,(anonymous_10)
FN:47,(anonymous_12)
FNF:4
FNH:4
FNDA:3,(anonymous_7)
FNDA:1,(anonymous_8)
FNDA:1,(anonymous_10)
FNDA:1,(anonymous_12)
DA:7,2
DA:8,2
DA:9,2
DA:11,2
DA:16,3
DA:17,3
DA:20,3
DA:23,3
DA:32,1
DA:41,1
DA:50,1
LF:11
LH:11
BRF:0
BRH:0
end_of_record
TN:
SF:src/application/services/register-scope-four.service.ts
FN:13,(anonymous_7)
FN:29,(anonymous_8)
FN:39,(anonymous_10)
FNF:3
FNH:3
FNDA:2,(anonymous_7)
FNDA:1,(anonymous_8)
FNDA:1,(anonymous_10)
DA:6,2
DA:7,2
DA:9,2
DA:13,2
DA:14,2
DA:17,2
DA:30,1
DA:42,1
LF:8
LH:8
BRF:0
BRH:0
end_of_record
TN:
SF:src/application/services/register-scope-ten.service.ts
FN:13,(anonymous_7)
FN:25,(anonymous_8)
FN:32,(anonymous_10)
FNF:3
FNH:3
FNDA:2,(anonymous_7)
FNDA:1,(anonymous_8)
FNDA:1,(anonymous_10)
DA:6,2
DA:7,2
DA:9,2
DA:13,2
DA:14,2
DA:17,2
DA:26,1
DA:35,1
LF:8
LH:8
BRF:0
BRH:0
end_of_record
TN:
SF:src/application/services/register-scope-thirteen.service.ts
FN:16,(anonymous_7)
FN:33,(anonymous_8)
FN:40,(anonymous_10)
FN:49,(anonymous_12)
FNF:4
FNH:4
FNDA:3,(anonymous_7)
FNDA:1,(anonymous_8)
FNDA:1,(anonymous_10)
FNDA:1,(anonymous_12)
DA:7,2
DA:8,2
DA:9,2
DA:11,2
DA:17,3
DA:19,3
DA:22,3
DA:25,3
DA:34,1
DA:43,1
DA:52,1
LF:11
LH:11
BRF:0
BRH:0
end_of_record
TN:
SF:src/application/use-cases/authentication/get-auth-params.use-case.ts
FN:5,(anonymous_7)
FN:14,(anonymous_8)
FNF:2
FNH:2
FNDA:2,(anonymous_7)
FNDA:2,(anonymous_8)
DA:4,1
DA:6,2
DA:15,2
LF:3
LH:3
BRF:0
BRH:0
end_of_record
TN:
SF:src/application/use-cases/authentication/login.use-case.ts
FN:5,(anonymous_7)
FN:14,(anonymous_8)
FNF:2
FNH:2
FNDA:2,(anonymous_7)
FNDA:2,(anonymous_8)
DA:4,1
DA:6,2
DA:15,2
LF:3
LH:3
BRF:0
BRH:0
end_of_record
TN:
SF:src/application/use-cases/authentication/request-login.use-case.ts
FN:5,(anonymous_7)
FN:14,(anonymous_8)
FNF:2
FNH:2
FNDA:2,(anonymous_7)
FNDA:2,(anonymous_8)
DA:4,1
DA:6,2
DA:15,2
LF:3
LH:3
BRF:0
BRH:0
end_of_record
TN:
SF:src/application/use-cases/electronic-billing/consult-caea-no-movement.use-case.ts
FN:9,(anonymous_7)
FN:19,(anonymous_8)
FNF:2
FNH:2
FNDA:27,(anonymous_7)
FNDA:3,(anonymous_8)
DA:8,3
DA:10,27
DA:23,3
LF:3
LH:3
BRF:0
BRH:0
end_of_record
TN:
SF:src/application/use-cases/electronic-billing/consult-caea.use-case.ts
FN:9,(anonymous_7)
FN:19,(anonymous_8)
FNF:2
FNH:2
FNDA:27,(anonymous_7)
FNDA:3,(anonymous_8)
DA:8,3
DA:10,27
DA:20,3
LF:3
LH:3
BRF:0
BRH:0
end_of_record
TN:
SF:src/application/use-cases/electronic-billing/create-next-voucher.use-case.ts
FN:11,(anonymous_7)
FN:20,(anonymous_8)
FNF:2
FNH:2
FNDA:27,(anonymous_7)
FNDA:4,(anonymous_8)
DA:6,3
DA:10,3
DA:12,27
DA:21,4
DA:26,4
DA:27,4
DA:29,4
DA:35,4
DA:37,4
LF:9
LH:9
BRDA:26,0,0,4
BRDA:26,0,1,1
BRF:2
BRH:2
end_of_record
TN:
SF:src/application/use-cases/electronic-billing/create-voucher.use-case.ts
FN:11,(anonymous_7)
FN:20,(anonymous_8)
FNF:2
FNH:2
FNDA:28,(anonymous_7)
FNDA:5,(anonymous_8)
DA:6,3
DA:10,3
DA:12,28
DA:21,5
DA:22,4
LF:5
LH:5
BRF:0
BRH:0
end_of_record
TN:
SF:src/application/use-cases/electronic-billing/get-activities.use-case.ts
FN:9,(anonymous_7)
FN:17,(anonymous_8)
FNF:2
FNH:2
FNDA:27,(anonymous_7)
FNDA:3,(anonymous_8)
DA:8,3
DA:10,27
DA:18,3
LF:3
LH:3
BRF:0
BRH:0
end_of_record
TN:
SF:src/application/use-cases/electronic-billing/get-aliquot-types.use-case.ts
FN:9,(anonymous_7)
FN:17,(anonymous_8)
FNF:2
FNH:2
FNDA:27,(anonymous_7)
FNDA:3,(anonymous_8)
DA:8,3
DA:10,27
DA:18,3
LF:3
LH:3
BRF:0
BRH:0
end_of_record
TN:
SF:src/application/use-cases/electronic-billing/get-caea.use-case.ts
FN:9,(anonymous_7)
FN:19,(anonymous_8)
FNF:2
FNH:2
FNDA:27,(anonymous_7)
FNDA:3,(anonymous_8)
DA:8,3
DA:10,27
DA:20,3
LF:3
LH:3
BRF:0
BRH:0
end_of_record
TN:
SF:src/application/use-cases/electronic-billing/get-concept-types.use-case.ts
FN:9,(anonymous_7)
FN:17,(anonymous_8)
FNF:2
FNH:2
FNDA:27,(anonymous_7)
FNDA:3,(anonymous_8)
DA:8,3
DA:10,27
DA:18,3
LF:3
LH:3
BRF:0
BRH:0
end_of_record
TN:
SF:src/application/use-cases/electronic-billing/get-countries.use-case.ts
FN:9,(anonymous_7)
FN:17,(anonymous_8)
FNF:2
FNH:2
FNDA:27,(anonymous_7)
FNDA:3,(anonymous_8)
DA:8,3
DA:10,27
DA:18,3
LF:3
LH:3
BRF:0
BRH:0
end_of_record
TN:
SF:src/application/use-cases/electronic-billing/get-currency-types.use-case.ts
FN:9,(anonymous_7)
FN:17,(anonymous_8)
FNF:2
FNH:2
FNDA:27,(anonymous_7)
FNDA:3,(anonymous_8)
DA:8,3
DA:10,27
DA:18,3
LF:3
LH:3
BRF:0
BRH:0
end_of_record
TN:
SF:src/application/use-cases/electronic-billing/get-document-types.use-case.ts
FN:9,(anonymous_7)
FN:17,(anonymous_8)
FNF:2
FNH:2
FNDA:27,(anonymous_7)
FNDA:3,(anonymous_8)
DA:8,3
DA:10,27
DA:18,3
LF:3
LH:3
BRF:0
BRH:0
end_of_record
TN:
SF:src/application/use-cases/electronic-billing/get-iva-receptor-types.use-case.ts
FN:9,(anonymous_7)
FN:18,(anonymous_8)
FNF:2
FNH:2
FNDA:27,(anonymous_7)
FNDA:3,(anonymous_8)
DA:8,3
DA:10,27
DA:19,3
LF:3
LH:3
BRF:0
BRH:0
end_of_record
TN:
SF:src/application/use-cases/electronic-billing/get-last-voucher.use-case.ts
FN:10,(anonymous_7)
FN:19,(anonymous_8)
FNF:2
FNH:2
FNDA:27,(anonymous_7)
FNDA:4,(anonymous_8)
DA:9,3
DA:11,27
DA:20,4
LF:3
LH:3
BRF:0
BRH:0
end_of_record
TN:
SF:src/application/use-cases/electronic-billing/get-max-records.use-case.ts
FN:9,(anonymous_7)
FN:17,(anonymous_8)
FNF:2
FNH:2
FNDA:27,(anonymous_7)
FNDA:3,(anonymous_8)
DA:8,3
DA:10,27
DA:18,3
LF:3
LH:3
BRF:0
BRH:0
end_of_record
TN:
SF:src/application/use-cases/electronic-billing/get-optional-types.use-case.ts
FN:9,(anonymous_7)
FN:17,(anonymous_8)
FNF:2
FNH:2
FNDA:27,(anonymous_7)
FNDA:3,(anonymous_8)
DA:8,3
DA:10,27
DA:18,3
LF:3
LH:3
BRF:0
BRH:0
end_of_record
TN:
SF:src/application/use-cases/electronic-billing/get-parameter-types.use-case.ts
FN:16,(anonymous_7)
FN:24,(anonymous_8)
FN:32,(anonymous_10)
FN:40,(anonymous_12)
FN:48,(anonymous_14)
FN:56,(anonymous_16)
FN:64,(anonymous_18)
FNF:7
FNH:7
FNDA:12,(anonymous_7)
FNDA:2,(anonymous_8)
FNDA:2,(anonymous_10)
FNDA:2,(anonymous_12)
FNDA:2,(anonymous_14)
FNDA:2,(anonymous_16)
FNDA:2,(anonymous_18)
DA:15,1
DA:17,12
DA:25,2
DA:33,2
DA:41,2
DA:49,2
DA:57,2
DA:65,2
LF:8
LH:8
BRF:0
BRH:0
end_of_record
TN:
SF:src/application/use-cases/electronic-billing/get-quotation.use-case.ts
FN:9,(anonymous_7)
FN:18,(anonymous_8)
FNF:2
FNH:2
FNDA:27,(anonymous_7)
FNDA:3,(anonymous_8)
DA:8,3
DA:10,27
DA:19,3
LF:3
LH:3
BRF:0
BRH:0
end_of_record
TN:
SF:src/application/use-cases/electronic-billing/get-sales-points.use-case.ts
FN:9,(anonymous_7)
FN:17,(anonymous_8)
FNF:2
FNH:2
FNDA:27,(anonymous_7)
FNDA:3,(anonymous_8)
DA:8,3
DA:10,27
DA:18,3
LF:3
LH:3
BRF:0
BRH:0
end_of_record
TN:
SF:src/application/use-cases/electronic-billing/get-server-status.use-case.ts
FN:9,(anonymous_7)
FN:17,(anonymous_8)
FNF:2
FNH:2
FNDA:27,(anonymous_7)
FNDA:3,(anonymous_8)
DA:8,3
DA:10,27
DA:18,3
LF:3
LH:3
BRF:0
BRH:0
end_of_record
TN:
SF:src/application/use-cases/electronic-billing/get-tax-types.use-case.ts
FN:9,(anonymous_7)
FN:17,(anonymous_8)
FNF:2
FNH:2
FNDA:27,(anonymous_7)
FNDA:3,(anonymous_8)
DA:8,3
DA:10,27
DA:18,3
LF:3
LH:3
BRF:0
BRH:0
end_of_record
TN:
SF:src/application/use-cases/electronic-billing/get-voucher-info.use-case.ts
FN:10,(anonymous_7)
FN:19,(anonymous_8)
FNF:2
FNH:2
FNDA:27,(anonymous_7)
FNDA:3,(anonymous_8)
DA:9,3
DA:11,27
DA:22,3
LF:3
LH:3
BRF:0
BRH:0
end_of_record
TN:
SF:src/application/use-cases/electronic-billing/get-voucher-types.use-case.ts
FN:9,(anonymous_7)
FN:17,(anonymous_8)
FNF:2
FNH:2
FNDA:27,(anonymous_7)
FNDA:3,(anonymous_8)
DA:8,3
DA:10,27
DA:18,3
LF:3
LH:3
BRF:0
BRH:0
end_of_record
TN:
SF:src/application/use-cases/electronic-billing/inform-caea-no-movement.use-case.ts
FN:9,(anonymous_7)
FN:19,(anonymous_8)
FNF:2
FNH:2
FNDA:27,(anonymous_7)
FNDA:3,(anonymous_8)
DA:8,3
DA:10,27
DA:23,3
LF:3
LH:3
BRF:0
BRH:0
end_of_record
TN:
SF:src/application/use-cases/electronic-billing/inform-caea-usage.use-case.ts
FN:7,(anonymous_7)
FN:17,(anonymous_8)
FNF:2
FNH:2
FNDA:27,(anonymous_7)
FNDA:3,(anonymous_8)
DA:1,3
DA:6,3
DA:8,27
DA:21,3
DA:22,3
LF:5
LH:5
BRF:0
BRH:0
end_of_record
TN:
SF:src/application/use-cases/register/get-register-server-status.use-case.ts
FN:5,(anonymous_7)
FN:11,(anonymous_8)
FNF:2
FNH:2
FNDA:15,(anonymous_7)
FNDA:7,(anonymous_8)
DA:4,11
DA:5,15
DA:12,7
LF:3
LH:3
BRF:0
BRH:0
end_of_record
TN:
SF:src/application/use-cases/register/get-tax-id-by-document.use-case.ts
FN:5,(anonymous_7)
FN:14,(anonymous_8)
FNF:2
FNH:2
FNDA:6,(anonymous_7)
FNDA:4,(anonymous_8)
DA:4,3
DA:6,6
DA:15,4
LF:3
LH:3
BRF:0
BRH:0
end_of_record
TN:
SF:src/application/use-cases/register/get-taxpayer-details.use-case.ts
FN:5,(anonymous_7)
FN:12,(anonymous_8)
FNF:2
FNH:2
FNDA:16,(anonymous_7)
FNDA:8,(anonymous_8)
DA:4,11
DA:5,16
DA:13,8
LF:3
LH:3
BRF:0
BRH:0
end_of_record
TN:
SF:src/application/use-cases/register/get-taxpayers-details.use-case.ts
FN:5,(anonymous_7)
FN:12,(anonymous_8)
FNF:2
FNH:2
FNDA:9,(anonymous_7)
FNDA:5,(anonymous_8)
DA:4,5
DA:5,9
DA:13,5
LF:3
LH:3
BRF:0
BRH:0
end_of_record
TN:
SF:src/domain/entities/access-ticket.entity.ts
FN:19,(anonymous_0)
FN:31,(anonymous_1)
FN:39,(anonymous_2)
FN:61,(anonymous_3)
FN:68,(anonymous_4)
FN:75,(anonymous_5)
FN:90,(anonymous_6)
FN:97,(anonymous_7)
FN:105,(anonymous_8)
FN:117,(anonymous_9)
FN:135,(anonymous_10)
FN:148,(anonymous_11)
FN:156,(anonymous_12)
FNF:13
FNH:11
FNDA:37,(anonymous_0)
FNDA:37,(anonymous_1)
FNDA:37,(anonymous_2)
FNDA:4,(anonymous_3)
FNDA:4,(anonymous_4)
FNDA:8,(anonymous_5)
FNDA:7,(anonymous_6)
FNDA:8,(anonymous_7)
FNDA:1,(anonymous_8)
FNDA:5,(anonymous_9)
FNDA:7,(anonymous_10)
FNDA:0,(anonymous_11)
FNDA:0,(anonymous_12)
DA:18,7
DA:20,37
DA:21,37
DA:23,37
DA:32,37
DA:40,37
DA:41,3
DA:44,34
DA:49,3
DA:52,31
DA:53,31
DA:54,1
DA:62,4
DA:69,4
DA:76,8
DA:77,8
DA:78,0
DA:80,8
DA:81,8
DA:82,0
DA:84,8
DA:91,7
DA:98,8
DA:106,1
DA:118,5
DA:119,3
DA:122,2
DA:136,7
DA:137,7
DA:138,7
DA:140,0
DA:149,0
DA:157,0
DA:158,0
DA:161,0
DA:162,0
DA:163,0
LF:37
LH:28
BRDA:40,0,0,3
BRDA:40,1,0,37
BRDA:40,1,1,35
BRDA:44,2,0,3
BRDA:45,3,0,34
BRDA:45,3,1,33
BRDA:45,3,2,32
BRDA:52,4,0,0
BRDA:52,4,1,31
BRDA:52,5,0,31
BRDA:52,5,1,31
BRDA:53,6,0,1
BRDA:77,7,0,0
BRDA:81,8,0,0
BRDA:118,9,0,3
BRDA:118,10,0,5
BRDA:118,10,1,3
BRDA:157,11,0,0
BRF:18
BRH:14
end_of_record
TN:
SF:src/domain/entities/voucher.entity.ts
FN:13,(anonymous_0)
FN:22,(anonymous_1)
FN:30,(anonymous_2)
FN:116,(anonymous_3)
FN:135,(anonymous_4)
FN:152,(anonymous_5)
FN:154,(anonymous_6)
FN:167,(anonymous_7)
FN:174,(anonymous_8)
FN:181,(anonymous_9)
FN:188,(anonymous_10)
FN:195,(anonymous_11)
FN:202,(anonymous_12)
FN:209,(anonymous_13)
FN:216,(anonymous_14)
FN:223,(anonymous_15)
FN:230,(anonymous_16)
FN:237,(anonymous_17)
FN:244,(anonymous_18)
FN:251,(anonymous_19)
FN:258,(anonymous_20)
FN:265,(anonymous_21)
FN:272,(anonymous_22)
FN:279,(anonymous_23)
FN:286,(anonymous_24)
FN:293,(anonymous_25)
FN:300,(anonymous_26)
FN:308,(anonymous_27)
FN:315,(anonymous_28)
FNF:29
FNH:29
FNDA:52,(anonymous_0)
FNDA:52,(anonymous_1)
FNDA:52,(anonymous_2)
FNDA:32,(anonymous_3)
FNDA:12,(anonymous_4)
FNDA:40,(anonymous_5)
FNDA:4,(anonymous_6)
FNDA:1,(anonymous_7)
FNDA:1,(anonymous_8)
FNDA:1,(anonymous_9)
FNDA:1,(anonymous_10)
FNDA:1,(anonymous_11)
FNDA:1,(anonymous_12)
FNDA:1,(anonymous_13)
FNDA:1,(anonymous_14)
FNDA:47,(anonymous_15)
FNDA:45,(anonymous_16)
FNDA:35,(anonymous_17)
FNDA:1,(anonymous_18)
FNDA:1,(anonymous_19)
FNDA:1,(anonymous_20)
FNDA:1,(anonymous_21)
FNDA:1,(anonymous_22)
FNDA:1,(anonymous_23)
FNDA:1,(anonymous_24)
FNDA:1,(anonymous_25)
FNDA:1,(anonymous_26)
FNDA:4,(anonymous_27)
FNDA:1,(anonymous_28)
DA:12,6
DA:13,52
DA:14,52
DA:23,52
DA:32,52
DA:33,1
DA:37,51
DA:38,1
DA:42,50
DA:43,2
DA:48,48
DA:49,2
DA:52,46
DA:53,1
DA:57,45
DA:58,45
DA:59,1
DA:65,44
DA:66,32
DA:69,42
DA:70,12
DA:74,40
DA:78,39
DA:79,39
DA:80,1
DA:86,38
DA:91,1
DA:97,37
DA:98,1
DA:102,36
DA:103,1
DA:106,35
DA:107,1
DA:117,32
DA:118,1
DA:123,31
DA:124,1
DA:137,12
DA:141,2
DA:142,2
DA:153,40
DA:154,4
DA:156,4
DA:157,1
DA:168,1
DA:175,1
DA:182,1
DA:189,1
DA:196,1
DA:203,1
DA:210,1
DA:217,1
DA:224,47
DA:231,45
DA:238,35
DA:245,1
DA:252,1
DA:259,1
DA:266,1
DA:273,1
DA:280,1
DA:287,1
DA:294,1
DA:301,1
DA:309,4
DA:316,1
LF:66
LH:66
BRDA:32,0,0,1
BRDA:32,1,0,52
BRDA:32,1,1,51
BRDA:37,2,0,1
BRDA:37,3,0,51
BRDA:37,3,1,50
BRDA:42,4,0,2
BRDA:42,5,0,50
BRDA:42,5,1,49
BRDA:48,6,0,2
BRDA:52,7,0,1
BRDA:52,8,0,46
BRDA:52,8,1,45
BRDA:58,9,0,1
BRDA:65,10,0,32
BRDA:69,11,0,12
BRDA:69,12,0,42
BRDA:69,12,1,32
BRDA:79,13,0,1
BRDA:86,14,0,1
BRDA:87,15,0,38
BRDA:87,15,1,37
BRDA:87,15,2,37
BRDA:97,16,0,1
BRDA:97,17,0,37
BRDA:97,17,1,36
BRDA:102,18,0,1
BRDA:102,19,0,36
BRDA:102,19,1,35
BRDA:106,20,0,1
BRDA:106,21,0,35
BRDA:106,21,1,34
BRDA:117,22,0,1
BRDA:123,23,0,1
BRDA:123,24,0,31
BRDA:123,24,1,1
BRDA:137,25,0,2
BRDA:138,26,0,12
BRDA:138,26,1,6
BRDA:138,26,2,5
BRDA:141,27,0,1
BRDA:141,27,1,1
BRDA:153,28,0,4
BRDA:153,29,0,40
BRDA:153,29,1,4
BRDA:156,30,0,1
BRF:46
BRH:46
end_of_record
TN:
SF:src/domain/value-objects/cae.vo.ts
FN:2,(anonymous_0)
FN:12,(anonymous_1)
FN:20,(anonymous_2)
FN:41,(anonymous_3)
FN:48,(anonymous_4)
FN:55,(anonymous_5)
FN:67,(anonymous_6)
FN:74,(anonymous_7)
FN:81,(anonymous_8)
FNF:9
FNH:9
FNDA:21,(anonymous_0)
FNDA:20,(anonymous_1)
FNDA:21,(anonymous_2)
FNDA:3,(anonymous_3)
FNDA:1,(anonymous_4)
FNDA:2,(anonymous_5)
FNDA:2,(anonymous_6)
FNDA:1,(anonymous_7)
FNDA:2,(anonymous_8)
DA:1,1
DA:2,21
DA:3,21
DA:13,20
DA:21,21
DA:22,3
DA:26,18
DA:27,4
DA:33,14
DA:34,1
DA:42,3
DA:49,1
DA:56,2
DA:68,2
DA:75,1
DA:82,2
LF:16
LH:16
BRDA:21,0,0,3
BRDA:21,1,0,21
BRDA:21,1,1,19
BRDA:26,2,0,4
BRDA:33,3,0,1
BRDA:82,4,0,2
BRDA:82,4,1,2
BRF:7
BRH:7
end_of_record
TN:
SF:src/domain/value-objects/cuit.vo.ts
FN:2,(anonymous_0)
FN:12,(anonymous_1)
FN:21,(anonymous_2)
FN:52,(anonymous_3)
FN:70,(anonymous_4)
FN:77,(anonymous_5)
FN:84,(anonymous_6)
FN:97,(anonymous_7)
FN:104,(anonymous_8)
FNF:9
FNH:9
FNDA:19,(anonymous_0)
FNDA:18,(anonymous_1)
FNDA:19,(anonymous_2)
FNDA:15,(anonymous_3)
FNDA:5,(anonymous_4)
FNDA:1,(anonymous_5)
FNDA:2,(anonymous_6)
FNDA:3,(anonymous_7)
FNDA:1,(anonymous_8)
DA:1,1
DA:2,19
DA:3,19
DA:13,18
DA:14,18
DA:22,19
DA:23,1
DA:26,18
DA:29,18
DA:30,3
DA:36,15
DA:37,0
DA:41,15
DA:53,15
DA:54,15
DA:56,15
DA:57,150
DA:60,15
DA:61,15
DA:62,15
DA:64,15
DA:71,5
DA:78,1
DA:85,2
DA:86,2
DA:98,3
DA:105,1
LF:27
LH:26
BRDA:13,0,0,3
BRDA:13,0,1,15
BRDA:22,1,0,1
BRDA:29,2,0,3
BRDA:36,3,0,0
BRDA:41,4,0,15
BRDA:61,5,0,2
BRDA:61,5,1,13
BRF:8
BRH:7
end_of_record
TN:
SF:src/domain/value-objects/voucher-number.vo.ts
FN:2,(anonymous_0)
FN:12,(anonymous_1)
FN:20,(anonymous_2)
FN:37,(anonymous_3)
FN:44,(anonymous_4)
FN:51,(anonymous_5)
FN:60,(anonymous_6)
FN:69,(anonymous_7)
FN:78,(anonymous_8)
FN:86,(anonymous_9)
FN:95,(anonymous_10)
FN:107,(anonymous_11)
FNF:12
FNH:12
FNDA:38,(anonymous_0)
FNDA:37,(anonymous_1)
FNDA:38,(anonymous_2)
FNDA:8,(anonymous_3)
FNDA:1,(anonymous_4)
FNDA:3,(anonymous_5)
FNDA:2,(anonymous_6)
FNDA:3,(anonymous_7)
FNDA:3,(anonymous_8)
FNDA:2,(anonymous_9)
FNDA:3,(anonymous_10)
FNDA:1,(anonymous_11)
DA:1,1
DA:2,38
DA:3,38
DA:13,37
DA:21,38
DA:22,1
DA:25,37
DA:26,2
DA:29,35
DA:30,2
DA:38,8
DA:45,1
DA:52,3
DA:61,2
DA:70,3
DA:79,3
DA:87,2
DA:96,3
DA:97,1
DA:101,2
DA:108,1
LF:21
LH:21
BRDA:21,0,0,1
BRDA:25,1,0,2
BRDA:29,2,0,2
BRDA:96,3,0,1
BRF:4
BRH:4
end_of_record
TN:
SF:src/infrastructure/composition/arca.ts
FN:34,(anonymous_0)
FN:109,(anonymous_1)
FN:113,(anonymous_2)
FN:117,(anonymous_3)
FN:121,(anonymous_4)
FN:125,(anonymous_5)
FN:129,(anonymous_6)
FN:133,(anonymous_7)
FNF:8
FNH:7
FNDA:15,(anonymous_0)
FNDA:1,(anonymous_1)
FNDA:1,(anonymous_2)
FNDA:1,(anonymous_3)
FNDA:1,(anonymous_4)
FNDA:1,(anonymous_5)
FNDA:1,(anonymous_6)
FNDA:0,(anonymous_7)
DA:1,1
DA:3,1
DA:4,1
DA:5,1
DA:7,1
DA:8,1
DA:9,1
DA:10,1
DA:11,1
DA:12,1
DA:13,1
DA:14,1
DA:15,1
DA:16,1
DA:17,1
DA:18,1
DA:19,1
DA:20,1
DA:21,1
DA:22,1
DA:24,1
DA:35,15
DA:44,15
DA:46,15
DA:48,15
DA:49,13
DA:50,13
DA:56,0
DA:63,15
DA:74,15
DA:81,15
DA:86,15
DA:89,15
DA:92,15
DA:95,15
DA:98,15
DA:101,15
DA:104,15
DA:110,1
DA:114,1
DA:118,1
DA:122,1
DA:126,1
DA:130,1
DA:134,0
LF:45
LH:43
BRDA:38,0,0,0
BRDA:38,0,1,15
BRDA:38,1,0,15
BRDA:38,1,1,15
BRDA:39,2,0,15
BRDA:39,2,1,0
BRDA:44,3,0,0
BRDA:44,3,1,15
BRDA:44,4,0,15
BRDA:44,4,1,15
BRDA:48,5,0,13
BRDA:48,6,0,15
BRDA:48,6,1,14
BRDA:49,7,0,13
BRDA:49,7,1,0
BRDA:49,8,0,13
BRDA:49,8,1,13
BRDA:53,9,0,13
BRDA:53,9,1,0
BRDA:53,10,0,13
BRDA:53,10,1,13
BRDA:58,11,0,0
BRDA:58,11,1,0
BRDA:58,12,0,0
BRDA:58,12,1,0
BRDA:67,13,0,15
BRDA:67,13,1,0
BRDA:67,14,0,15
BRDA:67,14,1,15
BRDA:68,15,0,1
BRDA:68,15,1,14
BRDA:68,16,0,15
BRDA:68,16,1,15
BRDA:77,17,0,15
BRDA:77,17,1,0
BRDA:77,18,0,15
BRDA:77,18,1,15
BRDA:83,19,0,0
BRDA:83,19,1,15
BRDA:83,20,0,15
BRDA:83,20,1,15
BRF:41
BRH:29
end_of_record
TN:
SF:src/infrastructure/constants/default-config.constants.ts
FNF:0
FNH:0
DA:13,29
LF:1
LH:1
BRF:0
BRH:0
end_of_record
TN:
SF:src/infrastructure/constants/index.ts
FNF:0
FNH:0
DA:1,29
DA:2,29
DA:3,29
DA:4,29
LF:4
LH:4
BRF:0
BRH:0
end_of_record
TN:
SF:src/infrastructure/constants/service-names.enum.ts
FN:1,(anonymous_0)
FNF:1
FNH:1
FNDA:31,(anonymous_0)
DA:1,31
DA:2,31
DA:3,31
DA:4,31
DA:5,31
DA:6,31
DA:7,31
DA:8,31
LF:8
LH:8
BRDA:1,0,0,31
BRDA:1,0,1,31
BRF:2
BRH:2
end_of_record
TN:
SF:src/infrastructure/constants/ssl.constants.ts
FNF:0
FNH:0
DA:12,29
LF:1
LH:1
BRF:0
BRH:0
end_of_record
TN:
SF:src/infrastructure/constants/time.constants.ts
FNF:0
FNH:0
DA:1,30
DA:2,30
DA:8,30
LF:3
LH:3
BRF:0
BRH:0
end_of_record
TN:
SF:src/infrastructure/mappers/index.ts
FNF:0
FNH:0
DA:1,3
LF:1
LH:1
BRF:0
BRH:0
end_of_record
TN:
SF:src/infrastructure/mappers/soap-to-dto.mapper.ts
FN:21,mapSoapErrors
FN:25,(anonymous_1)
FN:34,mapServerStatus
FN:49,mapSalesPoints
FN:61,(anonymous_4)
FN:74,mapLastVoucher
FN:90,mapVoucherInfo
FN:146,mapParameterTypes
FN:161,(anonymous_8)
FN:175,mapAliquotTypes
FN:187,(anonymous_10)
FN:200,mapIvaReceptorTypes
FN:211,(anonymous_12)
FN:222,mapCaea
FN:247,mapCaeaUsage
FN:274,mapCaeaNoMovement
FN:283,(anonymous_16)
FN:295,mapCountries
FN:305,(anonymous_18)
FN:316,mapActivities
FN:327,(anonymous_20)
FN:339,mapQuotation
FN:357,mapMaxRecords
FNF:23
FNH:23
FNDA:25,mapSoapErrors
FNDA:3,(anonymous_1)
FNDA:6,mapServerStatus
FNDA:5,mapSalesPoints
FNDA:2,(anonymous_4)
FNDA:2,mapLastVoucher
FNDA:6,mapVoucherInfo
FNDA:9,mapParameterTypes
FNDA:7,(anonymous_8)
FNDA:4,mapAliquotTypes
FNDA:2,(anonymous_10)
FNDA:5,mapIvaReceptorTypes
FNDA:2,(anonymous_12)
FNDA:4,mapCaea
FNDA:2,mapCaeaUsage
FNDA:3,mapCaeaNoMovement
FNDA:2,(anonymous_16)
FNDA:4,mapCountries
FNDA:2,(anonymous_18)
FNDA:4,mapActivities
FNDA:2,(anonymous_20)
FNDA:3,mapQuotation
FNDA:2,mapMaxRecords
DA:21,3
DA:24,25
DA:25,3
DA:34,3
DA:39,6
DA:49,3
DA:59,5
DA:61,2
DA:74,3
DA:79,2
DA:90,3
DA:114,6
DA:115,3
DA:118,3
DA:119,3
DA:146,3
DA:159,9
DA:161,7
DA:175,3
DA:185,4
DA:187,2
DA:200,3
DA:209,5
DA:211,2
DA:222,3
DA:232,4
DA:247,3
DA:258,2
DA:274,3
DA:281,3
DA:283,2
DA:295,3
DA:303,4
DA:305,2
DA:316,3
DA:325,4
DA:327,2
DA:339,3
DA:346,3
DA:347,2
DA:357,3
DA:358,2
LF:42
LH:42
BRDA:24,0,0,23
BRDA:24,1,0,22
BRDA:24,1,1,3
BRDA:24,2,0,25
BRDA:24,2,1,25
BRDA:60,3,0,5
BRDA:60,3,1,2
BRDA:60,4,0,2
BRDA:60,4,1,3
BRDA:60,5,0,5
BRDA:60,5,1,5
BRDA:60,6,0,1
BRDA:60,6,1,4
BRDA:60,7,0,5
BRDA:60,7,1,5
BRDA:114,8,0,3
BRDA:125,9,0,2
BRDA:125,9,1,1
BRDA:125,10,0,3
BRDA:125,10,1,3
BRDA:125,11,0,2
BRDA:125,11,1,1
BRDA:125,12,0,3
BRDA:125,12,1,3
BRDA:125,13,0,2
BRDA:125,13,1,1
BRDA:125,14,0,3
BRDA:125,14,1,3
BRDA:160,15,0,9
BRDA:160,15,1,2
BRDA:160,16,0,2
BRDA:160,16,1,7
BRDA:160,17,0,9
BRDA:160,17,1,9
BRDA:160,18,0,1
BRDA:160,18,1,8
BRDA:160,19,0,9
BRDA:160,19,1,9
BRDA:186,20,0,4
BRDA:186,20,1,2
BRDA:186,21,0,2
BRDA:186,21,1,2
BRDA:186,22,0,4
BRDA:186,22,1,4
BRDA:186,23,0,1
BRDA:186,23,1,3
BRDA:186,24,0,4
BRDA:186,24,1,4
BRDA:210,25,0,5
BRDA:210,25,1,2
BRDA:210,26,0,2
BRDA:210,26,1,3
BRDA:210,27,0,5
BRDA:210,27,1,5
BRDA:210,28,0,1
BRDA:210,28,1,4
BRDA:210,29,0,5
BRDA:210,29,1,5
BRDA:240,30,0,2
BRDA:240,30,1,2
BRDA:240,31,0,4
BRDA:240,31,1,4
BRDA:240,32,0,2
BRDA:240,32,1,2
BRDA:240,33,0,4
BRDA:240,33,1,4
BRDA:240,34,0,2
BRDA:240,34,1,2
BRDA:240,35,0,4
BRDA:240,35,1,4
BRDA:267,36,0,0
BRDA:267,36,1,2
BRDA:267,37,0,2
BRDA:267,37,1,2
BRDA:267,38,0,0
BRDA:267,38,1,2
BRDA:267,39,0,2
BRDA:267,39,1,2
BRDA:267,40,0,0
BRDA:267,40,1,2
BRDA:267,41,0,2
BRDA:267,41,1,2
BRDA:282,42,0,3
BRDA:282,42,1,1
BRDA:282,43,0,1
BRDA:282,43,1,2
BRDA:282,44,0,3
BRDA:282,44,1,3
BRDA:304,45,0,4
BRDA:304,45,1,2
BRDA:304,46,0,2
BRDA:304,46,1,2
BRDA:304,47,0,4
BRDA:304,47,1,4
BRDA:304,48,0,1
BRDA:304,48,1,3
BRDA:304,49,0,4
BRDA:304,49,1,4
BRDA:326,50,0,4
BRDA:326,50,1,2
BRDA:326,51,0,2
BRDA:326,51,1,2
BRDA:326,52,0,4
BRDA:326,52,1,4
BRDA:326,53,0,1
BRDA:326,53,1,3
BRDA:326,54,0,4
BRDA:326,54,1,4
BRDA:346,55,0,1
BRF:109
BRH:106
end_of_record
TN:
SF:src/infrastructure/outbound/adapters/repositories/auth/auth.repository.ts
FN:33,(anonymous_7)
FN:50,(anonymous_8)
FN:66,(anonymous_10)
FN:81,(anonymous_12)
FN:98,(anonymous_14)
FN:128,(anonymous_16)
FN:137,(anonymous_17)
FN:154,(anonymous_18)
FN:167,(anonymous_20)
FNF:9
FNH:9
FNDA:13,(anonymous_7)
FNDA:13,(anonymous_8)
FNDA:4,(anonymous_10)
FNDA:8,(anonymous_12)
FNDA:9,(anonymous_14)
FNDA:1,(anonymous_16)
FNDA:8,(anonymous_17)
FNDA:8,(anonymous_18)
FNDA:8,(anonymous_20)
DA:2,2
DA:7,2
DA:8,2
DA:9,2
DA:15,2
DA:16,2
DA:20,2
DA:21,2
DA:23,2
DA:34,13
DA:37,13
DA:38,13
DA:39,13
DA:40,13
DA:41,13
DA:42,13
DA:53,13
DA:55,10
DA:56,10
DA:58,8
DA:68,4
DA:69,0
DA:72,4
DA:73,4
DA:75,3
DA:82,8
DA:86,8
DA:90,8
DA:99,9
DA:100,9
DA:102,8
DA:106,8
DA:108,8
DA:112,8
DA:113,8
DA:115,8
DA:116,5
DA:119,8
DA:129,1
DA:138,8
DA:139,8
DA:158,8
DA:159,8
DA:168,8
DA:169,8
LF:45
LH:44
BRDA:35,0,0,0
BRDA:35,0,1,13
BRDA:35,1,0,13
BRDA:35,1,1,13
BRDA:36,2,0,0
BRDA:36,2,1,13
BRDA:36,3,0,13
BRDA:36,3,1,13
BRDA:39,4,0,12
BRDA:39,4,1,1
BRDA:39,5,0,13
BRDA:39,5,1,13
BRDA:40,6,0,13
BRDA:40,6,1,0
BRDA:40,7,0,13
BRDA:40,7,1,13
BRDA:53,8,0,3
BRDA:56,9,0,2
BRDA:56,10,0,10
BRDA:56,10,1,5
BRDA:68,11,0,0
BRDA:68,12,0,4
BRDA:68,12,1,0
BRDA:73,13,0,1
BRDA:88,14,0,1
BRDA:88,14,1,7
BRDA:100,15,0,1
BRDA:115,16,0,5
BRDA:115,17,0,8
BRDA:115,17,1,7
BRF:30
BRH:25
end_of_record
TN:
SF:src/infrastructure/outbound/adapters/repositories/electronic-billing/electronic-billing-repository.ts
FN:71,(anonymous_7)
FN:79,(anonymous_8)
FN:89,(anonymous_9)
FN:119,(anonymous_11)
FN:129,(anonymous_12)
FN:168,(anonymous_13)
FN:174,(anonymous_15)
FN:186,(anonymous_17)
FN:202,(anonymous_19)
FN:237,(anonymous_21)
FN:270,(anonymous_23)
FN:282,(anonymous_25)
FN:294,(anonymous_27)
FN:306,(anonymous_29)
FN:318,(anonymous_31)
FN:330,(anonymous_33)
FN:342,(anonymous_35)
FN:354,(anonymous_37)
FN:370,(anonymous_39)
FN:383,(anonymous_41)
FN:396,(anonymous_43)
FN:420,(anonymous_45)
FN:436,(anonymous_47)
FN:474,(anonymous_49)
FN:486,(anonymous_51)
FN:498,(anonymous_53)
FN:510,(anonymous_55)
FNF:27
FNH:27
FNDA:31,(anonymous_7)
FNDA:1,(anonymous_8)
FNDA:33,(anonymous_9)
FNDA:22,(anonymous_11)
FNDA:4,(anonymous_12)
FNDA:5,(anonymous_13)
FNDA:2,(anonymous_15)
FNDA:1,(anonymous_17)
FNDA:3,(anonymous_19)
FNDA:4,(anonymous_21)
FNDA:1,(anonymous_23)
FNDA:1,(anonymous_25)
FNDA:1,(anonymous_27)
FNDA:1,(anonymous_29)
FNDA:1,(anonymous_31)
FNDA:1,(anonymous_33)
FNDA:1,(anonymous_35)
FNDA:2,(anonymous_37)
FNDA:1,(anonymous_39)
FNDA:1,(anonymous_41)
FNDA:1,(anonymous_43)
FNDA:1,(anonymous_45)
FNDA:1,(anonymous_47)
FNDA:1,(anonymous_49)
FNDA:1,(anonymous_51)
FNDA:1,(anonymous_53)
FNDA:1,(anonymous_55)
DA:2,2
DA:35,2
DA:36,2
DA:37,2
DA:46,2
DA:63,2
DA:65,2
DA:72,31
DA:80,1
DA:90,33
DA:91,1
DA:94,32
DA:97,32
DA:101,32
DA:105,32
DA:107,32
DA:113,32
DA:122,22
DA:123,22
DA:130,4
DA:169,5
DA:170,5
DA:171,5
DA:175,2
DA:176,2
DA:177,2
DA:178,2
DA:190,1
DA:191,1
DA:195,1
DA:196,1
DA:203,3
DA:204,3
DA:205,3
DA:207,3
DA:211,3
DA:224,3
DA:225,3
DA:226,3
DA:228,3
DA:230,3
DA:242,4
DA:244,4
DA:245,4
DA:253,2
DA:254,2
DA:255,2
DA:256,1
DA:258,1
DA:263,2
DA:264,1
DA:266,1
DA:271,1
DA:272,1
DA:273,1
DA:274,1
DA:283,1
DA:284,1
DA:285,1
DA:286,1
DA:295,1
DA:296,1
DA:297,1
DA:298,1
DA:307,1
DA:308,1
DA:309,1
DA:310,1
DA:319,1
DA:320,1
DA:321,1
DA:322,1
DA:331,1
DA:332,1
DA:333,1
DA:334,1
DA:343,1
DA:344,1
DA:345,1
DA:346,1
DA:357,2
DA:358,2
DA:361,2
DA:362,2
DA:371,1
DA:372,1
DA:376,1
DA:377,1
DA:384,1
DA:385,1
DA:389,1
DA:390,1
DA:400,1
DA:401,1
DA:405,1
DA:406,1
DA:424,1
DA:425,1
DA:429,1
DA:430,1
DA:440,1
DA:441,1
DA:443,1
DA:448,1
DA:452,1
DA:465,1
DA:466,1
DA:475,1
DA:476,1
DA:479,1
DA:480,1
DA:487,1
DA:488,1
DA:489,1
DA:490,1
DA:499,1
DA:500,1
DA:501,1
DA:502,1
DA:511,1
DA:512,1
DA:513,1
DA:514,1
LF:123
LH:123
BRDA:90,0,0,1
BRDA:94,1,0,0
BRDA:94,1,1,32
BRDA:97,2,0,0
BRDA:97,2,1,32
BRDA:123,3,0,1
BRDA:123,3,1,21
BRDA:150,4,0,1
BRDA:150,4,1,3
BRDA:153,5,0,1
BRDA:153,5,1,3
BRDA:154,6,0,0
BRDA:154,6,1,4
BRDA:157,7,0,0
BRDA:157,7,1,4
BRDA:160,8,0,0
BRDA:160,8,1,4
BRDA:207,9,0,3
BRDA:207,9,1,0
BRDA:225,10,0,0
BRDA:225,10,1,3
BRDA:225,11,0,3
BRDA:225,11,1,3
BRDA:225,12,0,0
BRDA:225,12,1,3
BRDA:225,13,0,3
BRDA:225,13,1,3
BRDA:226,14,0,2
BRDA:226,14,1,1
BRDA:226,15,0,0
BRDA:226,15,1,3
BRDA:226,16,0,3
BRDA:226,16,1,3
BRDA:226,17,0,2
BRDA:226,17,1,1
BRDA:228,18,0,2
BRDA:228,18,1,1
BRDA:228,19,0,0
BRDA:228,19,1,3
BRDA:228,20,0,3
BRDA:228,20,1,3
BRDA:228,21,0,2
BRDA:228,21,1,1
BRDA:255,22,0,1
BRDA:263,23,0,1
BRDA:378,24,0,1
BRDA:378,24,1,0
BRDA:391,25,0,1
BRDA:391,25,1,0
BRDA:407,26,0,1
BRDA:407,26,1,0
BRDA:448,27,0,1
BRDA:448,27,1,0
BRDA:467,28,0,1
BRDA:467,28,1,0
BRDA:467,29,0,0
BRDA:467,29,1,1
BRDA:467,30,0,1
BRDA:467,30,1,1
BRDA:467,31,0,0
BRDA:467,31,1,1
BRDA:467,32,0,1
BRDA:467,32,1,1
BRF:63
BRH:46
end_of_record
TN:
SF:src/infrastructure/outbound/adapters/repositories/generic/generic-repository.ts
FN:11,(anonymous_7)
FN:15,(anonymous_8)
FNF:2
FNH:2
FNDA:21,(anonymous_7)
FNDA:3,(anonymous_8)
DA:3,2
DA:7,2
DA:12,21
DA:21,3
DA:23,3
DA:27,3
DA:33,3
DA:35,3
DA:38,3
DA:39,1
DA:44,2
DA:47,2
LF:12
LH:12
BRDA:24,0,0,3
BRDA:24,0,1,0
BRDA:24,1,0,3
BRDA:24,1,1,3
BRDA:38,2,0,1
BRF:5
BRH:4
end_of_record
TN:
SF:src/infrastructure/outbound/adapters/repositories/register/base-batch-register-repository.ts
FN:19,(anonymous_7)
FN:33,(anonymous_9)
FN:40,(anonymous_10)
FNF:3
FNH:3
FNDA:6,(anonymous_7)
FNDA:5,(anonymous_9)
FNDA:5,(anonymous_10)
DA:2,5
DA:9,5
DA:22,6
DA:23,6
DA:25,6
DA:29,6
DA:31,6
DA:33,5
DA:41,5
LF:9
LH:9
BRDA:33,0,0,6
BRDA:33,0,1,1
BRDA:33,1,0,1
BRDA:33,1,1,5
BRDA:33,2,0,6
BRDA:33,2,1,6
BRDA:35,3,0,6
BRDA:35,3,1,2
BRDA:35,4,0,1
BRDA:35,4,1,5
BRDA:35,5,0,6
BRDA:35,5,1,6
BRDA:42,6,0,0
BRDA:42,6,1,5
BRDA:42,7,0,5
BRDA:42,7,1,5
BRDA:43,8,0,0
BRDA:43,8,1,5
BRDA:43,9,0,5
BRDA:43,9,1,5
BRDA:44,10,0,0
BRDA:44,10,1,5
BRDA:44,11,0,5
BRDA:44,11,1,5
BRDA:48,12,0,1
BRDA:48,12,1,4
BRDA:50,13,0,1
BRDA:50,13,1,0
BRF:28
BRH:24
end_of_record
TN:
SF:src/infrastructure/outbound/adapters/repositories/register/base-register-repository.ts
FN:33,(anonymous_7)
FN:37,(anonymous_8)
FN:58,(anonymous_10)
FN:69,(anonymous_11)
FN:81,(anonymous_13)
FN:122,(anonymous_15)
FNF:6
FNH:6
FNDA:33,(anonymous_7)
FNDA:34,(anonymous_8)
FNDA:26,(anonymous_10)
FNDA:7,(anonymous_11)
FNDA:21,(anonymous_13)
FNDA:8,(anonymous_15)
DA:1,12
DA:13,12
DA:15,12
DA:34,33
DA:38,34
DA:39,1
DA:42,33
DA:43,33
DA:47,33
DA:52,33
DA:54,33
DA:58,26
DA:66,33
DA:70,7
DA:71,7
DA:72,7
DA:74,7
DA:84,21
DA:85,21
DA:87,21
DA:88,21
DA:89,21
DA:90,1
DA:92,20
DA:96,14
DA:97,14
DA:98,1
DA:103,13
DA:105,13
DA:109,13
DA:110,5
DA:113,8
DA:115,7
DA:116,5
DA:118,2
DA:123,8
DA:124,8
DA:126,8
LF:38
LH:38
BRDA:38,0,0,1
BRDA:42,1,0,0
BRDA:42,1,1,33
BRDA:43,2,0,0
BRDA:43,2,1,33
BRDA:89,3,0,1
BRDA:97,4,0,1
BRDA:103,5,0,7
BRDA:103,5,1,6
BRDA:103,6,0,13
BRDA:103,6,1,13
BRDA:105,7,0,13
BRDA:105,7,1,10
BRDA:105,7,2,10
BRDA:105,7,3,10
BRDA:105,7,4,5
BRDA:109,8,0,5
BRDA:115,9,0,5
BRDA:123,10,0,8
BRDA:123,10,1,1
BRDA:127,11,0,7
BRDA:127,11,1,1
BRDA:127,12,0,8
BRDA:127,12,1,8
BRDA:127,13,0,0
BRDA:127,13,1,1
BRDA:127,14,0,1
BRDA:127,14,1,1
BRDA:128,15,0,7
BRDA:128,15,1,1
BRDA:128,16,0,8
BRDA:128,16,1,8
BRDA:128,17,0,0
BRDA:128,17,1,1
BRDA:128,18,0,1
BRDA:128,18,1,1
BRDA:129,19,0,7
BRDA:129,19,1,1
BRDA:129,20,0,8
BRDA:129,20,1,8
BRDA:129,21,0,0
BRDA:129,21,1,1
BRDA:129,22,0,1
BRDA:129,22,1,1
BRDA:130,23,0,8
BRDA:130,23,1,5
BRDA:133,24,0,1
BRDA:133,24,1,7
BRDA:135,25,0,1
BRDA:135,25,1,0
BRF:50
BRH:44
end_of_record
TN:
SF:src/infrastructure/outbound/adapters/repositories/register/register-inscription-proof.repository.ts
FN:8,(anonymous_0)
FNF:1
FNH:1
FNDA:6,(anonymous_0)
DA:2,2
DA:3,2
DA:4,2
DA:5,2
DA:8,2
DA:12,6
DA:13,6
DA:14,6
DA:15,6
DA:16,6
DA:17,6
DA:18,6
LF:12
LH:12
BRF:0
BRH:0
end_of_record
TN:
SF:src/infrastructure/outbound/adapters/repositories/register/register-scope-five.repository.ts
FN:8,(anonymous_0)
FNF:1
FNH:1
FNDA:9,(anonymous_0)
DA:2,3
DA:3,3
DA:4,3
DA:5,3
DA:8,3
DA:12,9
DA:13,9
DA:14,9
DA:15,9
DA:16,9
DA:17,9
DA:18,9
LF:12
LH:12
BRF:0
BRH:0
end_of_record
TN:
SF:src/infrastructure/outbound/adapters/repositories/register/register-scope-four.repository.ts
FN:8,(anonymous_0)
FNF:1
FNH:1
FNDA:10,(anonymous_0)
DA:2,3
DA:3,3
DA:4,3
DA:5,3
DA:8,3
DA:12,10
DA:13,10
DA:14,10
DA:15,10
DA:16,10
DA:17,10
LF:11
LH:11
BRF:0
BRH:0
end_of_record
TN:
SF:src/infrastructure/outbound/adapters/repositories/register/register-scope-ten.repository.ts
FN:8,(anonymous_0)
FNF:1
FNH:1
FNDA:4,(anonymous_0)
DA:2,2
DA:3,2
DA:4,2
DA:5,2
DA:8,2
DA:12,4
DA:13,4
DA:14,4
DA:15,4
DA:16,4
DA:17,4
LF:11
LH:11
BRF:0
BRH:0
end_of_record
TN:
SF:src/infrastructure/outbound/adapters/repositories/register/register-scope-thirteen.repository.ts
FN:10,(anonymous_7)
FN:21,(anonymous_8)
FNF:2
FNH:1
FNDA:4,(anonymous_7)
FNDA:0,(anonymous_8)
DA:2,2
DA:4,2
DA:5,2
DA:6,2
DA:8,2
DA:10,2
DA:14,4
DA:15,4
DA:16,4
DA:17,4
DA:18,4
DA:19,4
DA:24,0
DA:26,0
DA:27,0
DA:31,0
DA:33,0
DA:39,0
DA:44,0
DA:45,0
DA:50,0
LF:21
LH:12
BRDA:33,0,0,0
BRDA:33,0,1,0
BRDA:35,1,0,0
BRDA:35,1,1,0
BRDA:44,2,0,0
BRF:5
BRH:0
end_of_record
TN:
SF:src/infrastructure/outbound/adapters/soap/base-soap-repository.ts
FN:21,(anonymous_7)
FN:37,(anonymous_8)
FN:38,(anonymous_9)
FN:61,(anonymous_10)
FN:73,(anonymous_11)
FN:84,(anonymous_12)
FN:84,(anonymous_13)
FNF:7
FNH:7
FNDA:85,(anonymous_7)
FNDA:68,(anonymous_8)
FNDA:68,(anonymous_9)
FNDA:68,(anonymous_10)
FNDA:137,(anonymous_11)
FNDA:37,(anonymous_12)
FNDA:37,(anonymous_13)
DA:2,16
DA:5,16
DA:12,16
DA:14,16
DA:22,85
DA:25,85
DA:26,85
DA:27,85
DA:28,85
DA:38,68
DA:41,68
DA:42,68
DA:46,68
DA:51,68
DA:69,68
DA:70,68
DA:72,68
DA:74,137
DA:75,137
DA:76,68
DA:78,68
DA:83,68
DA:84,37
DA:85,37
DA:86,37
DA:88,37
DA:92,37
DA:93,26
DA:96,37
DA:97,37
DA:101,100
LF:31
LH:31
BRDA:23,0,0,0
BRDA:23,0,1,85
BRDA:23,1,0,85
BRDA:23,1,1,85
BRDA:24,2,0,15
BRDA:24,2,1,70
BRDA:24,3,0,85
BRDA:24,3,1,85
BRDA:27,4,0,46
BRDA:27,4,1,39
BRDA:27,5,0,85
BRDA:27,5,1,85
BRDA:28,6,0,18
BRDA:28,6,1,67
BRDA:28,7,0,85
BRDA:28,7,1,85
BRDA:39,8,0,32
BRDA:41,9,0,33
BRDA:41,9,1,35
BRDA:41,10,0,68
BRDA:41,10,1,68
BRDA:42,11,0,33
BRDA:42,11,1,35
BRDA:67,12,0,0
BRDA:68,13,0,0
BRDA:75,14,0,68
BRDA:75,15,0,137
BRDA:75,15,1,68
BRDA:78,16,0,68
BRDA:78,16,1,61
BRDA:78,16,2,35
BRDA:78,17,0,35
BRDA:78,17,1,33
BRDA:78,18,0,68
BRDA:78,18,1,68
BRDA:80,19,0,24
BRDA:80,19,1,11
BRDA:80,20,0,35
BRDA:80,20,1,35
BRDA:80,21,0,24
BRDA:80,21,1,11
BRDA:80,22,0,35
BRDA:80,22,1,35
BRDA:80,23,0,0
BRDA:80,23,1,35
BRDA:80,24,0,35
BRDA:80,24,1,35
BRDA:80,25,0,0
BRDA:80,25,1,35
BRDA:80,26,0,35
BRDA:80,26,1,35
BRDA:80,27,0,0
BRDA:80,27,1,35
BRDA:80,28,0,35
BRDA:80,28,1,35
BRDA:83,29,0,37
BRDA:88,30,0,26
BRDA:88,30,1,11
BRDA:92,31,0,26
BRF:59
BRH:53
end_of_record
TN:
SF:src/infrastructure/outbound/adapters/soap/soap-client.ts
FN:14,(anonymous_17)
FN:18,(anonymous_18)
FN:19,(anonymous_19)
FN:39,(anonymous_20)
FN:63,(anonymous_21)
FN:69,(anonymous_22)
FNF:6
FNH:6
FNDA:26,(anonymous_17)
FNDA:7,(anonymous_18)
FNDA:7,(anonymous_19)
FNDA:5,(anonymous_20)
FNDA:2,(anonymous_21)
FNDA:2,(anonymous_22)
DA:6,19
DA:7,19
DA:8,19
DA:9,19
DA:11,19
DA:15,26
DA:19,7
DA:25,7
DA:26,7
DA:27,7
DA:33,7
DA:39,10
DA:40,5
DA:51,7
DA:52,0
DA:54,7
DA:55,7
DA:56,1
DA:60,6
DA:64,2
DA:65,1
DA:74,2
DA:75,2
DA:76,1
DA:79,1
LF:25
LH:24
BRDA:14,0,0,11
BRDA:20,1,0,2
BRDA:30,2,0,1
BRDA:30,2,1,6
BRDA:30,3,0,7
BRDA:30,3,1,7
BRDA:33,4,0,5
BRDA:41,5,0,1
BRDA:41,5,1,4
BRDA:41,6,0,5
BRDA:41,6,1,5
BRDA:44,7,0,4
BRDA:44,7,1,1
BRDA:51,8,0,0
BRDA:51,8,1,7
BRDA:55,9,0,1
BRDA:64,10,0,1
BRDA:75,11,0,1
BRF:18
BRH:17
end_of_record
TN:
SF:src/infrastructure/outbound/adapters/soap/wsdl-strings.ts
FN:6135,getWsdlString
FNF:1
FNH:0
FNDA:0,getWsdlString
DA:6,18
DA:6135,18
DA:6136,0
LF:3
LH:2
BRF:0
BRH:0
end_of_record
TN:
SF:src/infrastructure/outbound/adapters/soap/engines/soap-engine.factory.ts
FN:5,createSoapEngine
FN:14,(anonymous_18)
FN:17,(anonymous_19)
FN:28,(anonymous_20)
FNF:4
FNH:4
FNDA:4,createSoapEngine
FNDA:2,(anonymous_18)
FNDA:2,(anonymous_19)
FNDA:1,(anonymous_20)
DA:2,1
DA:3,1
DA:5,1
DA:8,4
DA:10,4
DA:11,3
DA:13,3
DA:14,4
DA:15,2
DA:16,2
DA:17,2
DA:18,2
DA:25,3
DA:28,2
DA:29,1
LF:15
LH:15
BRDA:10,0,0,3
BRDA:13,1,0,2
BRDA:20,2,0,2
BRDA:20,2,1,1
BRDA:20,3,0,0
BRDA:20,3,1,2
BRDA:20,4,0,2
BRDA:20,4,1,2
BRF:8
BRH:7
end_of_record
TN:
SF:src/infrastructure/outbound/adapters/soap/engines/universal-transport.engine.ts
FN:10,(anonymous_7)
FN:32,(anonymous_8)
FN:32,(anonymous_9)
FN:44,(anonymous_10)
FNF:4
FNH:4
FNDA:14,(anonymous_7)
FNDA:13,(anonymous_8)
FNDA:13,(anonymous_9)
FNDA:2,(anonymous_10)
DA:9,2
DA:13,14
DA:14,14
DA:15,14
DA:19,14
DA:20,4
DA:24,14
DA:31,14
DA:32,13
DA:33,13
DA:35,12
DA:42,12
DA:45,2
DA:48,14
LF:14
LH:14
BRDA:14,0,0,4
BRDA:14,0,1,10
BRDA:16,1,0,3
BRDA:16,1,1,11
BRDA:16,2,0,14
BRDA:16,2,1,14
BRDA:19,3,0,4
BRDA:21,4,0,4
BRDA:21,4,1,3
BRDA:27,5,0,4
BRDA:27,5,1,10
BRDA:27,6,0,14
BRDA:27,6,1,4
BRDA:28,7,0,2
BRDA:28,7,1,12
BRDA:28,8,0,14
BRDA:28,8,1,14
BRF:17
BRH:17
end_of_record
TN:
SF:src/infrastructure/outbound/adapters/storage/file-system-ticket-storage.ts
FN:12,(anonymous_7)
FN:21,(anonymous_8)
FN:30,(anonymous_9)
FN:34,(anonymous_10)
FN:50,(anonymous_12)
FN:80,(anonymous_14)
FNF:6
FNH:6
FNDA:17,(anonymous_7)
FNDA:11,(anonymous_8)
FNDA:11,(anonymous_9)
FNDA:3,(anonymous_10)
FNDA:6,(anonymous_12)
FNDA:3,(anonymous_14)
DA:2,2
DA:3,2
DA:4,2
DA:7,2
DA:13,17
DA:14,17
DA:15,17
DA:22,11
DA:31,11
DA:35,3
DA:36,3
DA:38,1
DA:41,2
DA:42,2
DA:47,2
DA:51,6
DA:53,6
DA:54,6
DA:56,1
DA:59,5
DA:60,5
DA:62,1
DA:66,4
DA:67,4
DA:69,1
DA:72,3
DA:73,3
DA:74,2
DA:76,2
DA:81,3
DA:83,3
DA:84,3
DA:86,2
DA:87,1
LF:34
LH:34
BRDA:15,0,0,16
BRDA:15,0,1,1
BRDA:15,1,0,17
BRDA:15,1,1,17
BRDA:23,2,0,1
BRDA:23,2,1,10
BRDA:86,3,0,1
BRF:7
BRH:7
end_of_record
TN:
SF:src/infrastructure/outbound/adapters/storage/memory-ticket-storage.ts
FN:9,(anonymous_7)
FN:14,(anonymous_8)
FN:18,(anonymous_9)
FN:27,(anonymous_11)
FN:40,(anonymous_13)
FNF:5
FNH:5
FNDA:6,(anonymous_7)
FNDA:8,(anonymous_8)
FNDA:3,(anonymous_9)
FNDA:4,(anonymous_11)
FNDA:1,(anonymous_13)
DA:2,2
DA:4,2
DA:5,2
DA:10,6
DA:11,6
DA:15,8
DA:19,3
DA:20,3
DA:24,3
DA:28,4
DA:29,4
DA:30,4
DA:32,1
DA:33,1
DA:34,1
DA:36,0
DA:41,1
DA:42,1
LF:18
LH:17
BRDA:11,0,0,6
BRDA:11,0,1,0
BRDA:11,1,0,6
BRDA:11,1,1,6
BRDA:15,2,0,1
BRDA:15,2,1,7
BRDA:30,3,0,3
BRF:7
BRH:6
end_of_record
TN:
SF:src/infrastructure/outbound/ports/soap/enums/endpoints.enum.ts
FN:5,(anonymous_0)
FN:53,(anonymous_1)
FNF:2
FNH:2
FNDA:18,(anonymous_0)
FNDA:18,(anonymous_1)
DA:5,18
DA:9,18
DA:10,18
DA:15,18
DA:16,18
DA:21,18
DA:22,18
DA:27,18
DA:28,18
DA:33,18
DA:34,18
DA:39,18
DA:40,18
DA:45,18
DA:46,18
DA:53,18
DA:55,18
DA:57,18
LF:18
LH:18
BRDA:5,0,0,18
BRDA:5,0,1,18
BRDA:53,1,0,18
BRDA:53,1,1,18
BRF:4
BRH:4
end_of_record
TN:
SF:src/infrastructure/outbound/ports/soap/enums/wsdl-path.enum.ts
FN:1,(anonymous_0)
FNF:1
FNH:1
FNDA:16,(anonymous_0)
DA:1,16
DA:2,16
DA:4,16
DA:5,16
DA:7,16
DA:8,16
DA:10,16
DA:11,16
DA:13,16
DA:14,16
DA:16,16
DA:17,16
DA:19,16
DA:20,16
LF:14
LH:14
BRDA:1,0,0,16
BRDA:1,0,1,16
BRF:2
BRH:2
end_of_record
TN:
SF:src/infrastructure/utils/afip-errors.ts
FN:1,isAfipNotFoundError
FNF:1
FNH:1
FNDA:18,isAfipNotFoundError
DA:1,15
DA:2,18
DA:4,16
LF:3
LH:3
BRDA:2,0,0,2
BRDA:5,1,0,16
BRDA:5,1,1,8
BRDA:5,1,2,6
BRF:4
BRH:4
end_of_record
TN:
SF:src/infrastructure/utils/crypt-data.ts
FN:4,(anonymous_1)
FN:8,(anonymous_2)
FNF:2
FNH:0
FNDA:0,(anonymous_1)
FNDA:0,(anonymous_2)
DA:1,2
DA:3,2
DA:5,0
DA:6,0
DA:9,0
DA:10,0
DA:11,0
DA:12,0
DA:14,0
DA:16,0
DA:34,0
DA:35,0
DA:36,0
LF:13
LH:2
BRF:0
BRH:0
end_of_record
TN:
SF:src/infrastructure/utils/datetime-ref.ts
FN:10,(anonymous_0)
FN:12,(anonymous_1)
FN:17,(anonymous_2)
FN:22,(anonymous_3)
FN:27,(anonymous_4)
FN:32,(anonymous_5)
FN:37,(anonymous_6)
FN:42,(anonymous_7)
FNF:8
FNH:8
FNDA:10,(anonymous_0)
FNDA:9,(anonymous_1)
FNDA:13,(anonymous_2)
FNDA:14,(anonymous_3)
FNDA:14,(anonymous_4)
FNDA:9,(anonymous_5)
FNDA:11,(anonymous_6)
FNDA:11,(anonymous_7)
DA:1,3
DA:9,3
DA:10,10
DA:13,9
DA:18,13
DA:23,14
DA:28,14
DA:33,9
DA:38,11
DA:43,11
LF:10
LH:10
BRF:0
BRH:0
end_of_record
TN:
SF:src/infrastructure/utils/parser.ts
FN:15,(anonymous_7)
FN:22,(anonymous_9)
FN:12,(anonymous_10)
FNF:3
FNH:3
FNDA:8,(anonymous_7)
FNDA:5,(anonymous_9)
FNDA:24,(anonymous_10)
DA:1,3
DA:6,3
DA:7,3
DA:12,24
DA:18,8
DA:19,8
DA:23,5
LF:7
LH:7
BRF:0
BRH:0
end_of_record
TN:
SF:src/infrastructure/utils/soap-runtime.ts
FN:1,(anonymous_0)
FN:10,detectSoapRuntime
FNF:2
FNH:2
FNDA:3,(anonymous_0)
FNDA:2,detectSoapRuntime
DA:1,3
DA:2,3
DA:3,3
DA:10,3
DA:11,2
LF:5
LH:5
BRDA:1,0,0,3
BRDA:1,0,1,3
BRDA:11,1,0,1
BRDA:11,1,1,1
BRF:4
BRH:4
end_of_record
TN:
SF:tests/mocks/data/credential-json.mock.ts
FNF:0
FNH:0
DA:2,2
DA:4,2
DA:6,2
LF:3
LH:3
BRF:0
BRH:0
end_of_record
TN:
SF:tests/mocks/data/soapClient.mock.ts
FNF:0
FNH:0
DA:1,6
DA:8,6
DA:18,6
DA:27,6
DA:57,6
DA:89,6
DA:315,6
DA:344,6
DA:541,6
DA:563,6
DA:874,6
DA:1029,6
DA:1096,6
DA:1102,6
DA:1116,6
DA:1142,6
DA:1146,6
DA:1228,6
DA:1232,6
DA:1253,6
DA:1257,6
DA:1280,6
LF:22
LH:22
BRF:0
BRH:0
end_of_record
TN:
SF:tests/mocks/data/voucher.mock.ts
FNF:0
FNH:0
DA:2,8
DA:4,8
DA:5,8
DA:6,8
DA:7,8
DA:9,8
DA:13,8
LF:7
LH:7
BRF:0
BRH:0
end_of_record
TN:
SF:tests/unit/application/services/register-service.test.helpers.ts
FN:10,mapServerStatus
FN:20,withNormalizedTaxpayerDetails
FN:31,mapTaxpayersDetails
FNF:3
FNH:3
FNDA:18,mapServerStatus
FNDA:8,withNormalizedTaxpayerDetails
FNDA:6,mapTaxpayersDetails
DA:7,5
DA:8,5
DA:10,5
DA:13,18
DA:20,5
DA:23,8
DA:31,5
DA:34,6
LF:8
LH:8
BRDA:25,0,0,0
BRDA:25,0,1,8
BRDA:25,1,0,8
BRDA:25,1,1,8
BRDA:26,2,0,0
BRDA:26,2,1,8
BRDA:26,3,0,8
BRDA:26,3,1,8
BRDA:27,4,0,0
BRDA:27,4,1,8
BRDA:27,5,0,8
BRDA:27,5,1,8
BRDA:36,6,0,6
BRDA:36,6,1,0
BRDA:36,7,0,6
BRDA:36,7,1,6
BRDA:36,8,0,0
BRDA:36,8,1,6
BRDA:36,9,0,6
BRDA:36,9,1,6
BRF:20
BRH:15
end_of_record
TN:
SF:tests/unit/infrastructure/outbound/adapters/repositories/register/register-repository.test.helpers.ts
FN:6,createRepositoryConfig
FN:20,createServerStatusResponse
FN:30,createTaxpayerPersonaResponse
FN:42,createTaxpayerNotFoundResponse
FN:53,expectedTaxpayerDetails
FNF:5
FNH:5
FNDA:33,createRepositoryConfig
FNDA:5,createServerStatusResponse
FNDA:5,createTaxpayerPersonaResponse
FNDA:4,createTaxpayerNotFoundResponse
FNDA:6,expectedTaxpayerDetails
DA:3,7
DA:4,7
DA:6,7
DA:7,33
DA:14,33
DA:20,7
DA:21,5
DA:30,7
DA:31,5
DA:42,7
DA:43,4
DA:53,7
DA:54,6
LF:13
LH:13
BRF:0
BRH:0
end_of_record
TN:
SF:tests/utils/env-test.ts
FN:6,(anonymous_0)
FN:23,(anonymous_1)
FN:41,(anonymous_2)
FNF:3
FNH:2
FNDA:8,(anonymous_0)
FNDA:8,(anonymous_1)
FNDA:0,(anonymous_2)
DA:1,8
DA:3,8
DA:7,8
DA:8,8
DA:11,8
DA:24,8
DA:26,8
DA:28,8
DA:30,8
DA:32,8
DA:33,8
DA:37,8
DA:44,0
DA:45,0
DA:50,8
DA:52,8
LF:16
LH:14
BRDA:7,0,0,8
BRDA:7,0,1,0
BRDA:9,1,0,8
BRDA:9,1,1,0
BRDA:26,2,0,8
BRDA:26,2,1,0
BRDA:26,3,0,8
BRDA:26,3,1,8
BRDA:28,4,0,8
BRDA:28,4,1,0
BRDA:28,5,0,8
BRDA:28,5,1,8
BRDA:30,6,0,8
BRDA:30,6,1,0
BRDA:30,7,0,8
BRDA:30,7,1,8
BRDA:32,8,0,8
BRDA:32,8,1,0
BRDA:33,9,0,8
BRDA:33,9,1,0
BRDA:33,10,0,8
BRDA:33,10,1,8
BRDA:33,11,0,8
BRDA:33,11,1,0
BRDA:33,12,0,8
BRDA:33,12,1,8
BRDA:44,13,0,0
BRF:27
BRH:18
end_of_record
TN:
SF:tests/utils/time.constants.ts
FNF:0
FNH:0
DA:2,3
LF:1
LH:1
BRF:0
BRH:0
end_of_record
